The system is: Linux - 5.19.10-arch1-1-surface - x86_64
Compiling the C compiler identification source file "CMakeCCompilerId.c" succeeded.
Compiler: /opt/intel/oneapi/compiler/2022.1.0/linux/bin/icx 
Build flags: 
Id flags: -c 

The output was:
0


Compilation of the C compiler identification source "CMakeCCompilerId.c" produced "CMakeCCompilerId.o"

The C compiler identification is IntelLLVM, found in "/home/arch/Documents/Bernoulli_Network_Optimal_Control/Cpp/cmake-build-debug/CMakeFiles/3.23.2/CompilerIdC/CMakeCCompilerId.o"

Compiling the CXX compiler identification source file "CMakeCXXCompilerId.cpp" succeeded.
Compiler: /opt/intel/oneapi/compiler/2022.1.0/linux/bin/icpx 
Build flags: 
Id flags: -c 

The output was:
0


Compilation of the CXX compiler identification source "CMakeCXXCompilerId.cpp" produced "CMakeCXXCompilerId.o"

The CXX compiler identification is IntelLLVM, found in "/home/arch/Documents/Bernoulli_Network_Optimal_Control/Cpp/cmake-build-debug/CMakeFiles/3.23.2/CompilerIdCXX/CMakeCXXCompilerId.o"

Compiling the C compiler identification source file "CMakeCCompilerId.c" succeeded.
Compiler: /opt/intel/oneapi/compiler/2022.1.0/linux/bin/icx 
Build flags: 
Id flags: -c 

The output was:
0


Compilation of the C compiler identification source "CMakeCCompilerId.c" produced "CMakeCCompilerId.o"

The C compiler identification is IntelLLVM, found in "/home/arch/Documents/Bernoulli_Network_Optimal_Control/Cpp/cmake-build-debug/CMakeFiles/3.23.2/CompilerIdC/CMakeCCompilerId.o"

Compiling the CXX compiler identification source file "CMakeCXXCompilerId.cpp" succeeded.
Compiler: /opt/intel/oneapi/compiler/2022.1.0/linux/bin/icpx 
Build flags: 
Id flags: -c 

The output was:
0


Compilation of the CXX compiler identification source "CMakeCXXCompilerId.cpp" produced "CMakeCXXCompilerId.o"

The CXX compiler identification is IntelLLVM, found in "/home/arch/Documents/Bernoulli_Network_Optimal_Control/Cpp/cmake-build-debug/CMakeFiles/3.23.2/CompilerIdCXX/CMakeCXXCompilerId.o"

Compiling the C compiler identification source file "CMakeCCompilerId.c" succeeded.
Compiler: /opt/intel/oneapi/compiler/2022.1.0/linux/bin/icx 
Build flags: 
Id flags: -c 

The output was:
0


Compilation of the C compiler identification source "CMakeCCompilerId.c" produced "CMakeCCompilerId.o"

The C compiler identification is IntelLLVM, found in "/home/arch/Documents/Bernoulli_Network_Optimal_Control/Cpp/cmake-build-debug/CMakeFiles/3.23.2/CompilerIdC/CMakeCCompilerId.o"

Compiling the CXX compiler identification source file "CMakeCXXCompilerId.cpp" succeeded.
Compiler: /opt/intel/oneapi/compiler/2022.1.0/linux/bin/icpx 
Build flags: 
Id flags: -c 

The output was:
0


Compilation of the CXX compiler identification source "CMakeCXXCompilerId.cpp" produced "CMakeCXXCompilerId.o"

The CXX compiler identification is IntelLLVM, found in "/home/arch/Documents/Bernoulli_Network_Optimal_Control/Cpp/cmake-build-debug/CMakeFiles/3.23.2/CompilerIdCXX/CMakeCXXCompilerId.o"

Compiling the C compiler identification source file "CMakeCCompilerId.c" succeeded.
Compiler: /opt/intel/oneapi/compiler/2022.1.0/linux/bin/icx 
Build flags: 
Id flags:  

The output was:
0


Compilation of the C compiler identification source "CMakeCCompilerId.c" produced "a.out"

The C compiler identification is IntelLLVM, found in "/home/arch/Documents/Bernoulli_Network_Optimal_Control/Cpp/cmake-build-debug/CMakeFiles/3.23.2/CompilerIdC/a.out"

Compiling the CXX compiler identification source file "CMakeCXXCompilerId.cpp" succeeded.
Compiler: /opt/intel/oneapi/compiler/2022.1.0/linux/bin/icpx 
Build flags: 
Id flags:  

The output was:
0


Compilation of the CXX compiler identification source "CMakeCXXCompilerId.cpp" produced "a.out"

The CXX compiler identification is IntelLLVM, found in "/home/arch/Documents/Bernoulli_Network_Optimal_Control/Cpp/cmake-build-debug/CMakeFiles/3.23.2/CompilerIdCXX/a.out"

Detecting C compiler ABI info compiled with the following output:
Change Dir: /home/arch/Documents/Bernoulli_Network_Optimal_Control/Cpp/cmake-build-debug/CMakeFiles/CMakeTmp

Run Build Command(s):/home/arch/Downloads/clion-2022.2.1/bin/ninja/linux/ninja cmTC_6a25b && [1/2] Building C object CMakeFiles/cmTC_6a25b.dir/CMakeCCompilerABI.c.o
Intel(R) oneAPI DPC++/C++ Compiler 2022.1.0 (2022.1.0.20220316)
Target: x86_64-unknown-linux-gnu
Thread model: posix
InstalledDir: /opt/intel/oneapi/compiler/2022.1.0/linux/bin-llvm
Found candidate GCC installation: /usr/lib/gcc/x86_64-pc-linux-gnu/12.2.0
Found candidate GCC installation: /usr/lib64/gcc/x86_64-pc-linux-gnu/12.2.0
Selected GCC installation: /usr/lib64/gcc/x86_64-pc-linux-gnu/12.2.0
Candidate multilib: .;@m64
Candidate multilib: 32;@m32
Selected multilib: .;@m64
 (in-process)
 "/opt/intel/oneapi/compiler/2022.1.0/linux/bin-llvm/clang" -cc1 -triple x86_64-unknown-linux-gnu -emit-obj --mrelax-relocations -disable-free -clear-ast-before-backend -disable-llvm-verifier -discard-value-names -main-file-name CMakeCCompilerABI.c -mrelocation-model static -fveclib=SVML -mframe-pointer=none -menable-no-infs -menable-no-nans -menable-unsafe-fp-math -fno-signed-zeros -mreassociate -freciprocal-math -fdenormal-fp-math=preserve-sign,preserve-sign -ffp-contract=fast -fno-rounding-math -ffast-math -ffinite-math-only -mconstructor-aliases -funwind-tables=2 -target-cpu x86-64 -mllvm -x86-enable-unaligned-vector-move=true -tune-cpu generic -debugger-tuning=gdb -v -fcoverage-compilation-dir=/home/arch/Documents/Bernoulli_Network_Optimal_Control/Cpp/cmake-build-debug/CMakeFiles/CMakeTmp -resource-dir /opt/intel/oneapi/compiler/2022.1.0/linux/lib/clang/14.0.0 -dependency-file CMakeFiles/cmTC_6a25b.dir/CMakeCCompilerABI.c.o.d -MT CMakeFiles/cmTC_6a25b.dir/CMakeCCompilerABI.c.o -sys-header-deps -I/opt/intel/oneapi/vpl/2022.1.0/include -I/opt/intel/oneapi/tbb/2021.6.0/env/../include -I/opt/intel/oneapi/mpi/2021.6.0//include -I/opt/intel/oneapi/mkl/2022.1.0/include -I/opt/intel/oneapi/ipp/2021.6.0/include -I/opt/intel/oneapi/ippcp/2021.6.0/include -I/opt/intel/oneapi/ipp/2021.6.0/include -I/opt/intel/oneapi/dpl/2021.7.0/linux/include -I/opt/intel/oneapi/dpcpp-ct/2022.1.0/include -I/opt/intel/oneapi/dnnl/2022.1.0/cpu_dpcpp_gpu_dpcpp/include -I/opt/intel/oneapi/dev-utilities/2021.6.0/include -I/opt/intel/oneapi/dal/2021.6.0/include -I/opt/intel/oneapi/ccl/2021.6.0/include/cpu_gpu_dpcpp -internal-isystem /opt/intel/oneapi/compiler/2022.1.0/linux/bin-llvm/../compiler/include -internal-isystem /opt/intel/oneapi/compiler/2022.1.0/linux/lib/clang/14.0.0/include -internal-isystem /usr/local/include -internal-isystem /usr/lib64/gcc/x86_64-pc-linux-gnu/12.2.0/../../../../x86_64-pc-linux-gnu/include -internal-externc-isystem /include -internal-externc-isystem /usr/include -O2 -fdebug-compilation-dir=/home/arch/Documents/Bernoulli_Network_Optimal_Control/Cpp/cmake-build-debug/CMakeFiles/CMakeTmp -ferror-limit 19 -fheinous-gnu-extensions -fgnuc-version=4.2.1 -vectorize-loops -vectorize-slp -D__GCC_HAVE_DWARF2_CFI_ASM=1 -fintel-compatibility -mllvm -disable-hir-generate-mkl-call -mllvm -intel-libirc-allowed -mllvm -loopopt=0 -floopopt-pipeline=none -mllvm -enable-lv -o CMakeFiles/cmTC_6a25b.dir/CMakeCCompilerABI.c.o -x c /home/arch/Downloads/clion-2022.2.1/bin/cmake/linux/share/cmake-3.23/Modules/CMakeCCompilerABI.c
clang -cc1 version 14.0.0 based upon LLVM 14.0.0git default target x86_64-unknown-linux-gnu
ignoring nonexistent directory "/usr/lib64/gcc/x86_64-pc-linux-gnu/12.2.0/../../../../x86_64-pc-linux-gnu/include"
ignoring nonexistent directory "/include"
ignoring duplicate directory "/opt/intel/oneapi/ipp/2021.6.0/include"
#include "..." search starts here:
#include <...> search starts here:
 /opt/intel/oneapi/vpl/2022.1.0/include
 /opt/intel/oneapi/tbb/2021.6.0/env/../include
 /opt/intel/oneapi/mpi/2021.6.0//include
 /opt/intel/oneapi/mkl/2022.1.0/include
 /opt/intel/oneapi/ipp/2021.6.0/include
 /opt/intel/oneapi/ippcp/2021.6.0/include
 /opt/intel/oneapi/dpl/2021.7.0/linux/include
 /opt/intel/oneapi/dpcpp-ct/2022.1.0/include
 /opt/intel/oneapi/dnnl/2022.1.0/cpu_dpcpp_gpu_dpcpp/include
 /opt/intel/oneapi/dev-utilities/2021.6.0/include
 /opt/intel/oneapi/dal/2021.6.0/include
 /opt/intel/oneapi/ccl/2021.6.0/include/cpu_gpu_dpcpp
 /opt/intel/oneapi/compiler/2022.1.0/linux/bin-llvm/../compiler/include
 /opt/intel/oneapi/compiler/2022.1.0/linux/lib/clang/14.0.0/include
 /usr/local/include
 /usr/include
End of search list.
[2/2] Linking C executable cmTC_6a25b
Intel(R) oneAPI DPC++/C++ Compiler 2022.1.0 (2022.1.0.20220316)
Target: x86_64-unknown-linux-gnu
Thread model: posix
InstalledDir: /opt/intel/oneapi/compiler/2022.1.0/linux/bin-llvm
Found candidate GCC installation: /usr/lib/gcc/x86_64-pc-linux-gnu/12.2.0
Found candidate GCC installation: /usr/lib64/gcc/x86_64-pc-linux-gnu/12.2.0
Selected GCC installation: /usr/lib64/gcc/x86_64-pc-linux-gnu/12.2.0
Candidate multilib: .;@m64
Candidate multilib: 32;@m32
Selected multilib: .;@m64
 "/usr/bin/ld" --eh-frame-hdr -m elf_x86_64 -dynamic-linker /lib64/ld-linux-x86-64.so.2 -o cmTC_6a25b /usr/lib64/gcc/x86_64-pc-linux-gnu/12.2.0/../../../../lib64/crt1.o /usr/lib64/gcc/x86_64-pc-linux-gnu/12.2.0/../../../../lib64/crti.o /usr/lib64/gcc/x86_64-pc-linux-gnu/12.2.0/crtbegin.o -L/opt/intel/oneapi/compiler/2022.1.0/linux/bin-llvm/../compiler/lib/intel64_lin -L/opt/intel/oneapi/compiler/2022.1.0/linux/bin-llvm/../lib -L/opt/intel/oneapi/compiler/2022.1.0/linux/bin-llvm/../compiler/lib/intel64_lin -L/usr/lib64/gcc/x86_64-pc-linux-gnu/12.2.0 -L/usr/lib64/gcc/x86_64-pc-linux-gnu/12.2.0/../../../../lib64 -L/lib/../lib64 -L/usr/lib/../lib64 -L/usr/lib64/gcc/x86_64-pc-linux-gnu/12.2.0/../../.. -L/opt/intel/oneapi/compiler/2022.1.0/linux/bin-llvm/../lib -L/lib -L/usr/lib -L/opt/intel/oneapi/compiler/2022.1.0/linux/compiler/lib/intel64_lin -L/opt/intel/oneapi/compiler/2022.1.0/linux/lib -L/opt/intel/oneapi/vpl/2022.1.0/lib -L/opt/intel/oneapi/tbb/2021.6.0/env/../lib/intel64/gcc4.8 -L/opt/intel/oneapi/mpi/2021.6.0//libfabric/lib -L/opt/intel/oneapi/mpi/2021.6.0//lib/release -L/opt/intel/oneapi/mpi/2021.6.0//lib -L/opt/intel/oneapi/mkl/2022.1.0/lib/intel64 -L/opt/intel/oneapi/ipp/2021.6.0/lib/intel64 -L/opt/intel/oneapi/ippcp/2021.6.0/lib/intel64 -L/opt/intel/oneapi/ipp/2021.6.0/lib/intel64 -L/opt/intel/oneapi/dnnl/2022.1.0/cpu_dpcpp_gpu_dpcpp/lib -L/opt/intel/oneapi/dal/2021.6.0/lib/intel64 -L/opt/intel/oneapi/compiler/2022.1.0/linux/compiler/lib/intel64_lin -L/opt/intel/oneapi/compiler/2022.1.0/linux/lib -L/opt/intel/oneapi/ccl/2021.6.0/lib/cpu_gpu_dpcpp CMakeFiles/cmTC_6a25b.dir/CMakeCCompilerABI.c.o -Bstatic -lsvml -Bdynamic -Bstatic -lirng -Bdynamic -Bstatic -limf -Bdynamic -lm -lgcc --as-needed -lgcc_s --no-as-needed -Bstatic -lirc -Bdynamic -ldl -lgcc --as-needed -lgcc_s --no-as-needed -lc -lgcc --as-needed -lgcc_s --no-as-needed -Bstatic -lirc_s -Bdynamic /usr/lib64/gcc/x86_64-pc-linux-gnu/12.2.0/crtend.o /usr/lib64/gcc/x86_64-pc-linux-gnu/12.2.0/../../../../lib64/crtn.o



Parsed C implicit include dir info from above output: rv=done
  found start of include info
  found start of implicit include info
    add: [/opt/intel/oneapi/vpl/2022.1.0/include]
    add: [/opt/intel/oneapi/tbb/2021.6.0/env/../include]
    add: [/opt/intel/oneapi/mpi/2021.6.0//include]
    add: [/opt/intel/oneapi/mkl/2022.1.0/include]
    add: [/opt/intel/oneapi/ipp/2021.6.0/include]
    add: [/opt/intel/oneapi/ippcp/2021.6.0/include]
    add: [/opt/intel/oneapi/dpl/2021.7.0/linux/include]
    add: [/opt/intel/oneapi/dpcpp-ct/2022.1.0/include]
    add: [/opt/intel/oneapi/dnnl/2022.1.0/cpu_dpcpp_gpu_dpcpp/include]
    add: [/opt/intel/oneapi/dev-utilities/2021.6.0/include]
    add: [/opt/intel/oneapi/dal/2021.6.0/include]
    add: [/opt/intel/oneapi/ccl/2021.6.0/include/cpu_gpu_dpcpp]
    add: [/opt/intel/oneapi/compiler/2022.1.0/linux/bin-llvm/../compiler/include]
    add: [/opt/intel/oneapi/compiler/2022.1.0/linux/lib/clang/14.0.0/include]
    add: [/usr/local/include]
    add: [/usr/include]
  end of search list found
  collapse include dir [/opt/intel/oneapi/vpl/2022.1.0/include] ==> [/opt/intel/oneapi/vpl/2022.1.0/include]
  collapse include dir [/opt/intel/oneapi/tbb/2021.6.0/env/../include] ==> [/opt/intel/oneapi/tbb/2021.6.0/include]
  collapse include dir [/opt/intel/oneapi/mpi/2021.6.0//include] ==> [/opt/intel/oneapi/mpi/2021.6.0/include]
  collapse include dir [/opt/intel/oneapi/mkl/2022.1.0/include] ==> [/opt/intel/oneapi/mkl/2022.1.0/include]
  collapse include dir [/opt/intel/oneapi/ipp/2021.6.0/include] ==> [/opt/intel/oneapi/ipp/2021.6.0/include]
  collapse include dir [/opt/intel/oneapi/ippcp/2021.6.0/include] ==> [/opt/intel/oneapi/ippcp/2021.6.0/include]
  collapse include dir [/opt/intel/oneapi/dpl/2021.7.0/linux/include] ==> [/opt/intel/oneapi/dpl/2021.7.0/linux/include]
  collapse include dir [/opt/intel/oneapi/dpcpp-ct/2022.1.0/include] ==> [/opt/intel/oneapi/dpcpp-ct/2022.1.0/include]
  collapse include dir [/opt/intel/oneapi/dnnl/2022.1.0/cpu_dpcpp_gpu_dpcpp/include] ==> [/opt/intel/oneapi/dnnl/2022.1.0/cpu_dpcpp_gpu_dpcpp/include]
  collapse include dir [/opt/intel/oneapi/dev-utilities/2021.6.0/include] ==> [/opt/intel/oneapi/dev-utilities/2021.6.0/include]
  collapse include dir [/opt/intel/oneapi/dal/2021.6.0/include] ==> [/opt/intel/oneapi/dal/2021.6.0/include]
  collapse include dir [/opt/intel/oneapi/ccl/2021.6.0/include/cpu_gpu_dpcpp] ==> [/opt/intel/oneapi/ccl/2021.6.0/include/cpu_gpu_dpcpp]
  collapse include dir [/opt/intel/oneapi/compiler/2022.1.0/linux/bin-llvm/../compiler/include] ==> [/opt/intel/oneapi/compiler/2022.1.0/linux/compiler/include]
  collapse include dir [/opt/intel/oneapi/compiler/2022.1.0/linux/lib/clang/14.0.0/include] ==> [/opt/intel/oneapi/compiler/2022.1.0/linux/lib/clang/14.0.0/include]
  collapse include dir [/usr/local/include] ==> [/usr/local/include]
  collapse include dir [/usr/include] ==> [/usr/include]
  implicit include dirs: [/opt/intel/oneapi/vpl/2022.1.0/include;/opt/intel/oneapi/tbb/2021.6.0/include;/opt/intel/oneapi/mpi/2021.6.0/include;/opt/intel/oneapi/mkl/2022.1.0/include;/opt/intel/oneapi/ipp/2021.6.0/include;/opt/intel/oneapi/ippcp/2021.6.0/include;/opt/intel/oneapi/dpl/2021.7.0/linux/include;/opt/intel/oneapi/dpcpp-ct/2022.1.0/include;/opt/intel/oneapi/dnnl/2022.1.0/cpu_dpcpp_gpu_dpcpp/include;/opt/intel/oneapi/dev-utilities/2021.6.0/include;/opt/intel/oneapi/dal/2021.6.0/include;/opt/intel/oneapi/ccl/2021.6.0/include/cpu_gpu_dpcpp;/opt/intel/oneapi/compiler/2022.1.0/linux/compiler/include;/opt/intel/oneapi/compiler/2022.1.0/linux/lib/clang/14.0.0/include;/usr/local/include;/usr/include]


Parsed C implicit link information from above output:
  link line regex: [^( *|.*[/\])(ld|CMAKE_LINK_STARTFILE-NOTFOUND|([^/\]+-)?ld|collect2)[^/\]*( |$)]
  ignore line: [Change Dir: /home/arch/Documents/Bernoulli_Network_Optimal_Control/Cpp/cmake-build-debug/CMakeFiles/CMakeTmp]
  ignore line: []
  ignore line: [Run Build Command(s):/home/arch/Downloads/clion-2022.2.1/bin/ninja/linux/ninja cmTC_6a25b && [1/2] Building C object CMakeFiles/cmTC_6a25b.dir/CMakeCCompilerABI.c.o]
  ignore line: [Intel(R) oneAPI DPC++/C++ Compiler 2022.1.0 (2022.1.0.20220316)]
  ignore line: [Target: x86_64-unknown-linux-gnu]
  ignore line: [Thread model: posix]
  ignore line: [InstalledDir: /opt/intel/oneapi/compiler/2022.1.0/linux/bin-llvm]
  ignore line: [Found candidate GCC installation: /usr/lib/gcc/x86_64-pc-linux-gnu/12.2.0]
  ignore line: [Found candidate GCC installation: /usr/lib64/gcc/x86_64-pc-linux-gnu/12.2.0]
  ignore line: [Selected GCC installation: /usr/lib64/gcc/x86_64-pc-linux-gnu/12.2.0]
  ignore line: [Candidate multilib: .]
  ignore line: [@m64]
  ignore line: [Candidate multilib: 32]
  ignore line: [@m32]
  ignore line: [Selected multilib: .]
  ignore line: [@m64]
  ignore line: [ (in-process)]
  ignore line: [ "/opt/intel/oneapi/compiler/2022.1.0/linux/bin-llvm/clang" -cc1 -triple x86_64-unknown-linux-gnu -emit-obj --mrelax-relocations -disable-free -clear-ast-before-backend -disable-llvm-verifier -discard-value-names -main-file-name CMakeCCompilerABI.c -mrelocation-model static -fveclib=SVML -mframe-pointer=none -menable-no-infs -menable-no-nans -menable-unsafe-fp-math -fno-signed-zeros -mreassociate -freciprocal-math -fdenormal-fp-math=preserve-sign preserve-sign -ffp-contract=fast -fno-rounding-math -ffast-math -ffinite-math-only -mconstructor-aliases -funwind-tables=2 -target-cpu x86-64 -mllvm -x86-enable-unaligned-vector-move=true -tune-cpu generic -debugger-tuning=gdb -v -fcoverage-compilation-dir=/home/arch/Documents/Bernoulli_Network_Optimal_Control/Cpp/cmake-build-debug/CMakeFiles/CMakeTmp -resource-dir /opt/intel/oneapi/compiler/2022.1.0/linux/lib/clang/14.0.0 -dependency-file CMakeFiles/cmTC_6a25b.dir/CMakeCCompilerABI.c.o.d -MT CMakeFiles/cmTC_6a25b.dir/CMakeCCompilerABI.c.o -sys-header-deps -I/opt/intel/oneapi/vpl/2022.1.0/include -I/opt/intel/oneapi/tbb/2021.6.0/env/../include -I/opt/intel/oneapi/mpi/2021.6.0//include -I/opt/intel/oneapi/mkl/2022.1.0/include -I/opt/intel/oneapi/ipp/2021.6.0/include -I/opt/intel/oneapi/ippcp/2021.6.0/include -I/opt/intel/oneapi/ipp/2021.6.0/include -I/opt/intel/oneapi/dpl/2021.7.0/linux/include -I/opt/intel/oneapi/dpcpp-ct/2022.1.0/include -I/opt/intel/oneapi/dnnl/2022.1.0/cpu_dpcpp_gpu_dpcpp/include -I/opt/intel/oneapi/dev-utilities/2021.6.0/include -I/opt/intel/oneapi/dal/2021.6.0/include -I/opt/intel/oneapi/ccl/2021.6.0/include/cpu_gpu_dpcpp -internal-isystem /opt/intel/oneapi/compiler/2022.1.0/linux/bin-llvm/../compiler/include -internal-isystem /opt/intel/oneapi/compiler/2022.1.0/linux/lib/clang/14.0.0/include -internal-isystem /usr/local/include -internal-isystem /usr/lib64/gcc/x86_64-pc-linux-gnu/12.2.0/../../../../x86_64-pc-linux-gnu/include -internal-externc-isystem /include -internal-externc-isystem /usr/include -O2 -fdebug-compilation-dir=/home/arch/Documents/Bernoulli_Network_Optimal_Control/Cpp/cmake-build-debug/CMakeFiles/CMakeTmp -ferror-limit 19 -fheinous-gnu-extensions -fgnuc-version=4.2.1 -vectorize-loops -vectorize-slp -D__GCC_HAVE_DWARF2_CFI_ASM=1 -fintel-compatibility -mllvm -disable-hir-generate-mkl-call -mllvm -intel-libirc-allowed -mllvm -loopopt=0 -floopopt-pipeline=none -mllvm -enable-lv -o CMakeFiles/cmTC_6a25b.dir/CMakeCCompilerABI.c.o -x c /home/arch/Downloads/clion-2022.2.1/bin/cmake/linux/share/cmake-3.23/Modules/CMakeCCompilerABI.c]
  ignore line: [clang -cc1 version 14.0.0 based upon LLVM 14.0.0git default target x86_64-unknown-linux-gnu]
  ignore line: [ignoring nonexistent directory "/usr/lib64/gcc/x86_64-pc-linux-gnu/12.2.0/../../../../x86_64-pc-linux-gnu/include"]
  ignore line: [ignoring nonexistent directory "/include"]
  ignore line: [ignoring duplicate directory "/opt/intel/oneapi/ipp/2021.6.0/include"]
  ignore line: [#include "..." search starts here:]
  ignore line: [#include <...> search starts here:]
  ignore line: [ /opt/intel/oneapi/vpl/2022.1.0/include]
  ignore line: [ /opt/intel/oneapi/tbb/2021.6.0/env/../include]
  ignore line: [ /opt/intel/oneapi/mpi/2021.6.0//include]
  ignore line: [ /opt/intel/oneapi/mkl/2022.1.0/include]
  ignore line: [ /opt/intel/oneapi/ipp/2021.6.0/include]
  ignore line: [ /opt/intel/oneapi/ippcp/2021.6.0/include]
  ignore line: [ /opt/intel/oneapi/dpl/2021.7.0/linux/include]
  ignore line: [ /opt/intel/oneapi/dpcpp-ct/2022.1.0/include]
  ignore line: [ /opt/intel/oneapi/dnnl/2022.1.0/cpu_dpcpp_gpu_dpcpp/include]
  ignore line: [ /opt/intel/oneapi/dev-utilities/2021.6.0/include]
  ignore line: [ /opt/intel/oneapi/dal/2021.6.0/include]
  ignore line: [ /opt/intel/oneapi/ccl/2021.6.0/include/cpu_gpu_dpcpp]
  ignore line: [ /opt/intel/oneapi/compiler/2022.1.0/linux/bin-llvm/../compiler/include]
  ignore line: [ /opt/intel/oneapi/compiler/2022.1.0/linux/lib/clang/14.0.0/include]
  ignore line: [ /usr/local/include]
  ignore line: [ /usr/include]
  ignore line: [End of search list.]
  ignore line: [[2/2] Linking C executable cmTC_6a25b]
  ignore line: [Intel(R) oneAPI DPC++/C++ Compiler 2022.1.0 (2022.1.0.20220316)]
  ignore line: [Target: x86_64-unknown-linux-gnu]
  ignore line: [Thread model: posix]
  ignore line: [InstalledDir: /opt/intel/oneapi/compiler/2022.1.0/linux/bin-llvm]
  ignore line: [Found candidate GCC installation: /usr/lib/gcc/x86_64-pc-linux-gnu/12.2.0]
  ignore line: [Found candidate GCC installation: /usr/lib64/gcc/x86_64-pc-linux-gnu/12.2.0]
  ignore line: [Selected GCC installation: /usr/lib64/gcc/x86_64-pc-linux-gnu/12.2.0]
  ignore line: [Candidate multilib: .]
  ignore line: [@m64]
  ignore line: [Candidate multilib: 32]
  ignore line: [@m32]
  ignore line: [Selected multilib: .]
  ignore line: [@m64]
  link line: [ "/usr/bin/ld" --eh-frame-hdr -m elf_x86_64 -dynamic-linker /lib64/ld-linux-x86-64.so.2 -o cmTC_6a25b /usr/lib64/gcc/x86_64-pc-linux-gnu/12.2.0/../../../../lib64/crt1.o /usr/lib64/gcc/x86_64-pc-linux-gnu/12.2.0/../../../../lib64/crti.o /usr/lib64/gcc/x86_64-pc-linux-gnu/12.2.0/crtbegin.o -L/opt/intel/oneapi/compiler/2022.1.0/linux/bin-llvm/../compiler/lib/intel64_lin -L/opt/intel/oneapi/compiler/2022.1.0/linux/bin-llvm/../lib -L/opt/intel/oneapi/compiler/2022.1.0/linux/bin-llvm/../compiler/lib/intel64_lin -L/usr/lib64/gcc/x86_64-pc-linux-gnu/12.2.0 -L/usr/lib64/gcc/x86_64-pc-linux-gnu/12.2.0/../../../../lib64 -L/lib/../lib64 -L/usr/lib/../lib64 -L/usr/lib64/gcc/x86_64-pc-linux-gnu/12.2.0/../../.. -L/opt/intel/oneapi/compiler/2022.1.0/linux/bin-llvm/../lib -L/lib -L/usr/lib -L/opt/intel/oneapi/compiler/2022.1.0/linux/compiler/lib/intel64_lin -L/opt/intel/oneapi/compiler/2022.1.0/linux/lib -L/opt/intel/oneapi/vpl/2022.1.0/lib -L/opt/intel/oneapi/tbb/2021.6.0/env/../lib/intel64/gcc4.8 -L/opt/intel/oneapi/mpi/2021.6.0//libfabric/lib -L/opt/intel/oneapi/mpi/2021.6.0//lib/release -L/opt/intel/oneapi/mpi/2021.6.0//lib -L/opt/intel/oneapi/mkl/2022.1.0/lib/intel64 -L/opt/intel/oneapi/ipp/2021.6.0/lib/intel64 -L/opt/intel/oneapi/ippcp/2021.6.0/lib/intel64 -L/opt/intel/oneapi/ipp/2021.6.0/lib/intel64 -L/opt/intel/oneapi/dnnl/2022.1.0/cpu_dpcpp_gpu_dpcpp/lib -L/opt/intel/oneapi/dal/2021.6.0/lib/intel64 -L/opt/intel/oneapi/compiler/2022.1.0/linux/compiler/lib/intel64_lin -L/opt/intel/oneapi/compiler/2022.1.0/linux/lib -L/opt/intel/oneapi/ccl/2021.6.0/lib/cpu_gpu_dpcpp CMakeFiles/cmTC_6a25b.dir/CMakeCCompilerABI.c.o -Bstatic -lsvml -Bdynamic -Bstatic -lirng -Bdynamic -Bstatic -limf -Bdynamic -lm -lgcc --as-needed -lgcc_s --no-as-needed -Bstatic -lirc -Bdynamic -ldl -lgcc --as-needed -lgcc_s --no-as-needed -lc -lgcc --as-needed -lgcc_s --no-as-needed -Bstatic -lirc_s -Bdynamic /usr/lib64/gcc/x86_64-pc-linux-gnu/12.2.0/crtend.o /usr/lib64/gcc/x86_64-pc-linux-gnu/12.2.0/../../../../lib64/crtn.o]
    arg [/usr/bin/ld] ==> ignore
    arg [--eh-frame-hdr] ==> ignore
    arg [-m] ==> ignore
    arg [elf_x86_64] ==> ignore
    arg [-dynamic-linker] ==> ignore
    arg [/lib64/ld-linux-x86-64.so.2] ==> ignore
    arg [-o] ==> ignore
    arg [cmTC_6a25b] ==> ignore
    arg [/usr/lib64/gcc/x86_64-pc-linux-gnu/12.2.0/../../../../lib64/crt1.o] ==> obj [/usr/lib64/gcc/x86_64-pc-linux-gnu/12.2.0/../../../../lib64/crt1.o]
    arg [/usr/lib64/gcc/x86_64-pc-linux-gnu/12.2.0/../../../../lib64/crti.o] ==> obj [/usr/lib64/gcc/x86_64-pc-linux-gnu/12.2.0/../../../../lib64/crti.o]
    arg [/usr/lib64/gcc/x86_64-pc-linux-gnu/12.2.0/crtbegin.o] ==> obj [/usr/lib64/gcc/x86_64-pc-linux-gnu/12.2.0/crtbegin.o]
    arg [-L/opt/intel/oneapi/compiler/2022.1.0/linux/bin-llvm/../compiler/lib/intel64_lin] ==> dir [/opt/intel/oneapi/compiler/2022.1.0/linux/bin-llvm/../compiler/lib/intel64_lin]
    arg [-L/opt/intel/oneapi/compiler/2022.1.0/linux/bin-llvm/../lib] ==> dir [/opt/intel/oneapi/compiler/2022.1.0/linux/bin-llvm/../lib]
    arg [-L/opt/intel/oneapi/compiler/2022.1.0/linux/bin-llvm/../compiler/lib/intel64_lin] ==> dir [/opt/intel/oneapi/compiler/2022.1.0/linux/bin-llvm/../compiler/lib/intel64_lin]
    arg [-L/usr/lib64/gcc/x86_64-pc-linux-gnu/12.2.0] ==> dir [/usr/lib64/gcc/x86_64-pc-linux-gnu/12.2.0]
    arg [-L/usr/lib64/gcc/x86_64-pc-linux-gnu/12.2.0/../../../../lib64] ==> dir [/usr/lib64/gcc/x86_64-pc-linux-gnu/12.2.0/../../../../lib64]
    arg [-L/lib/../lib64] ==> dir [/lib/../lib64]
    arg [-L/usr/lib/../lib64] ==> dir [/usr/lib/../lib64]
    arg [-L/usr/lib64/gcc/x86_64-pc-linux-gnu/12.2.0/../../..] ==> dir [/usr/lib64/gcc/x86_64-pc-linux-gnu/12.2.0/../../..]
    arg [-L/opt/intel/oneapi/compiler/2022.1.0/linux/bin-llvm/../lib] ==> dir [/opt/intel/oneapi/compiler/2022.1.0/linux/bin-llvm/../lib]
    arg [-L/lib] ==> dir [/lib]
    arg [-L/usr/lib] ==> dir [/usr/lib]
    arg [-L/opt/intel/oneapi/compiler/2022.1.0/linux/compiler/lib/intel64_lin] ==> dir [/opt/intel/oneapi/compiler/2022.1.0/linux/compiler/lib/intel64_lin]
    arg [-L/opt/intel/oneapi/compiler/2022.1.0/linux/lib] ==> dir [/opt/intel/oneapi/compiler/2022.1.0/linux/lib]
    arg [-L/opt/intel/oneapi/vpl/2022.1.0/lib] ==> dir [/opt/intel/oneapi/vpl/2022.1.0/lib]
    arg [-L/opt/intel/oneapi/tbb/2021.6.0/env/../lib/intel64/gcc4.8] ==> dir [/opt/intel/oneapi/tbb/2021.6.0/env/../lib/intel64/gcc4.8]
    arg [-L/opt/intel/oneapi/mpi/2021.6.0//libfabric/lib] ==> dir [/opt/intel/oneapi/mpi/2021.6.0//libfabric/lib]
    arg [-L/opt/intel/oneapi/mpi/2021.6.0//lib/release] ==> dir [/opt/intel/oneapi/mpi/2021.6.0//lib/release]
    arg [-L/opt/intel/oneapi/mpi/2021.6.0//lib] ==> dir [/opt/intel/oneapi/mpi/2021.6.0//lib]
    arg [-L/opt/intel/oneapi/mkl/2022.1.0/lib/intel64] ==> dir [/opt/intel/oneapi/mkl/2022.1.0/lib/intel64]
    arg [-L/opt/intel/oneapi/ipp/2021.6.0/lib/intel64] ==> dir [/opt/intel/oneapi/ipp/2021.6.0/lib/intel64]
    arg [-L/opt/intel/oneapi/ippcp/2021.6.0/lib/intel64] ==> dir [/opt/intel/oneapi/ippcp/2021.6.0/lib/intel64]
    arg [-L/opt/intel/oneapi/ipp/2021.6.0/lib/intel64] ==> dir [/opt/intel/oneapi/ipp/2021.6.0/lib/intel64]
    arg [-L/opt/intel/oneapi/dnnl/2022.1.0/cpu_dpcpp_gpu_dpcpp/lib] ==> dir [/opt/intel/oneapi/dnnl/2022.1.0/cpu_dpcpp_gpu_dpcpp/lib]
    arg [-L/opt/intel/oneapi/dal/2021.6.0/lib/intel64] ==> dir [/opt/intel/oneapi/dal/2021.6.0/lib/intel64]
    arg [-L/opt/intel/oneapi/compiler/2022.1.0/linux/compiler/lib/intel64_lin] ==> dir [/opt/intel/oneapi/compiler/2022.1.0/linux/compiler/lib/intel64_lin]
    arg [-L/opt/intel/oneapi/compiler/2022.1.0/linux/lib] ==> dir [/opt/intel/oneapi/compiler/2022.1.0/linux/lib]
    arg [-L/opt/intel/oneapi/ccl/2021.6.0/lib/cpu_gpu_dpcpp] ==> dir [/opt/intel/oneapi/ccl/2021.6.0/lib/cpu_gpu_dpcpp]
    arg [CMakeFiles/cmTC_6a25b.dir/CMakeCCompilerABI.c.o] ==> ignore
    arg [-Bstatic] ==> search static
    arg [-lsvml] ==> lib [svml]
    arg [-Bdynamic] ==> search dynamic
    arg [-Bstatic] ==> search static
    arg [-lirng] ==> lib [irng]
    arg [-Bdynamic] ==> search dynamic
    arg [-Bstatic] ==> search static
    arg [-limf] ==> lib [imf]
    arg [-Bdynamic] ==> search dynamic
    arg [-lm] ==> lib [m]
    arg [-lgcc] ==> lib [gcc]
    arg [--as-needed] ==> ignore
    arg [-lgcc_s] ==> lib [gcc_s]
    arg [--no-as-needed] ==> ignore
    arg [-Bstatic] ==> search static
    arg [-lirc] ==> lib [irc]
    arg [-Bdynamic] ==> search dynamic
    arg [-ldl] ==> lib [dl]
    arg [-lgcc] ==> lib [gcc]
    arg [--as-needed] ==> ignore
    arg [-lgcc_s] ==> lib [gcc_s]
    arg [--no-as-needed] ==> ignore
    arg [-lc] ==> lib [c]
    arg [-lgcc] ==> lib [gcc]
    arg [--as-needed] ==> ignore
    arg [-lgcc_s] ==> lib [gcc_s]
    arg [--no-as-needed] ==> ignore
    arg [-Bstatic] ==> search static
    arg [-lirc_s] ==> lib [irc_s]
    arg [-Bdynamic] ==> search dynamic
    arg [/usr/lib64/gcc/x86_64-pc-linux-gnu/12.2.0/crtend.o] ==> obj [/usr/lib64/gcc/x86_64-pc-linux-gnu/12.2.0/crtend.o]
    arg [/usr/lib64/gcc/x86_64-pc-linux-gnu/12.2.0/../../../../lib64/crtn.o] ==> obj [/usr/lib64/gcc/x86_64-pc-linux-gnu/12.2.0/../../../../lib64/crtn.o]
  collapse obj [/usr/lib64/gcc/x86_64-pc-linux-gnu/12.2.0/../../../../lib64/crt1.o] ==> [/usr/lib64/crt1.o]
  collapse obj [/usr/lib64/gcc/x86_64-pc-linux-gnu/12.2.0/../../../../lib64/crti.o] ==> [/usr/lib64/crti.o]
  collapse obj [/usr/lib64/gcc/x86_64-pc-linux-gnu/12.2.0/../../../../lib64/crtn.o] ==> [/usr/lib64/crtn.o]
  collapse library dir [/opt/intel/oneapi/compiler/2022.1.0/linux/bin-llvm/../compiler/lib/intel64_lin] ==> [/opt/intel/oneapi/compiler/2022.1.0/linux/compiler/lib/intel64_lin]
  collapse library dir [/opt/intel/oneapi/compiler/2022.1.0/linux/bin-llvm/../lib] ==> [/opt/intel/oneapi/compiler/2022.1.0/linux/lib]
  collapse library dir [/opt/intel/oneapi/compiler/2022.1.0/linux/bin-llvm/../compiler/lib/intel64_lin] ==> [/opt/intel/oneapi/compiler/2022.1.0/linux/compiler/lib/intel64_lin]
  collapse library dir [/usr/lib64/gcc/x86_64-pc-linux-gnu/12.2.0] ==> [/usr/lib64/gcc/x86_64-pc-linux-gnu/12.2.0]
  collapse library dir [/usr/lib64/gcc/x86_64-pc-linux-gnu/12.2.0/../../../../lib64] ==> [/usr/lib64]
  collapse library dir [/lib/../lib64] ==> [/lib64]
  collapse library dir [/usr/lib/../lib64] ==> [/usr/lib64]
  collapse library dir [/usr/lib64/gcc/x86_64-pc-linux-gnu/12.2.0/../../..] ==> [/usr/lib64]
  collapse library dir [/opt/intel/oneapi/compiler/2022.1.0/linux/bin-llvm/../lib] ==> [/opt/intel/oneapi/compiler/2022.1.0/linux/lib]
  collapse library dir [/lib] ==> [/lib]
  collapse library dir [/usr/lib] ==> [/usr/lib]
  collapse library dir [/opt/intel/oneapi/compiler/2022.1.0/linux/compiler/lib/intel64_lin] ==> [/opt/intel/oneapi/compiler/2022.1.0/linux/compiler/lib/intel64_lin]
  collapse library dir [/opt/intel/oneapi/compiler/2022.1.0/linux/lib] ==> [/opt/intel/oneapi/compiler/2022.1.0/linux/lib]
  collapse library dir [/opt/intel/oneapi/vpl/2022.1.0/lib] ==> [/opt/intel/oneapi/vpl/2022.1.0/lib]
  collapse library dir [/opt/intel/oneapi/tbb/2021.6.0/env/../lib/intel64/gcc4.8] ==> [/opt/intel/oneapi/tbb/2021.6.0/lib/intel64/gcc4.8]
  collapse library dir [/opt/intel/oneapi/mpi/2021.6.0//libfabric/lib] ==> [/opt/intel/oneapi/mpi/2021.6.0/libfabric/lib]
  collapse library dir [/opt/intel/oneapi/mpi/2021.6.0//lib/release] ==> [/opt/intel/oneapi/mpi/2021.6.0/lib/release]
  collapse library dir [/opt/intel/oneapi/mpi/2021.6.0//lib] ==> [/opt/intel/oneapi/mpi/2021.6.0/lib]
  collapse library dir [/opt/intel/oneapi/mkl/2022.1.0/lib/intel64] ==> [/opt/intel/oneapi/mkl/2022.1.0/lib/intel64]
  collapse library dir [/opt/intel/oneapi/ipp/2021.6.0/lib/intel64] ==> [/opt/intel/oneapi/ipp/2021.6.0/lib/intel64]
  collapse library dir [/opt/intel/oneapi/ippcp/2021.6.0/lib/intel64] ==> [/opt/intel/oneapi/ippcp/2021.6.0/lib/intel64]
  collapse library dir [/opt/intel/oneapi/ipp/2021.6.0/lib/intel64] ==> [/opt/intel/oneapi/ipp/2021.6.0/lib/intel64]
  collapse library dir [/opt/intel/oneapi/dnnl/2022.1.0/cpu_dpcpp_gpu_dpcpp/lib] ==> [/opt/intel/oneapi/dnnl/2022.1.0/cpu_dpcpp_gpu_dpcpp/lib]
  collapse library dir [/opt/intel/oneapi/dal/2021.6.0/lib/intel64] ==> [/opt/intel/oneapi/dal/2021.6.0/lib/intel64]
  collapse library dir [/opt/intel/oneapi/compiler/2022.1.0/linux/compiler/lib/intel64_lin] ==> [/opt/intel/oneapi/compiler/2022.1.0/linux/compiler/lib/intel64_lin]
  collapse library dir [/opt/intel/oneapi/compiler/2022.1.0/linux/lib] ==> [/opt/intel/oneapi/compiler/2022.1.0/linux/lib]
  collapse library dir [/opt/intel/oneapi/ccl/2021.6.0/lib/cpu_gpu_dpcpp] ==> [/opt/intel/oneapi/ccl/2021.6.0/lib/cpu_gpu_dpcpp]
  implicit libs: [svml;irng;imf;m;gcc;gcc_s;irc;dl;gcc;gcc_s;c;gcc;gcc_s;irc_s]
  implicit objs: [/usr/lib64/crt1.o;/usr/lib64/crti.o;/usr/lib64/gcc/x86_64-pc-linux-gnu/12.2.0/crtbegin.o;/usr/lib64/gcc/x86_64-pc-linux-gnu/12.2.0/crtend.o;/usr/lib64/crtn.o]
  implicit dirs: [/opt/intel/oneapi/compiler/2022.1.0/linux/compiler/lib/intel64_lin;/opt/intel/oneapi/compiler/2022.1.0/linux/lib;/usr/lib64/gcc/x86_64-pc-linux-gnu/12.2.0;/usr/lib64;/lib64;/lib;/usr/lib;/opt/intel/oneapi/vpl/2022.1.0/lib;/opt/intel/oneapi/tbb/2021.6.0/lib/intel64/gcc4.8;/opt/intel/oneapi/mpi/2021.6.0/libfabric/lib;/opt/intel/oneapi/mpi/2021.6.0/lib/release;/opt/intel/oneapi/mpi/2021.6.0/lib;/opt/intel/oneapi/mkl/2022.1.0/lib/intel64;/opt/intel/oneapi/ipp/2021.6.0/lib/intel64;/opt/intel/oneapi/ippcp/2021.6.0/lib/intel64;/opt/intel/oneapi/dnnl/2022.1.0/cpu_dpcpp_gpu_dpcpp/lib;/opt/intel/oneapi/dal/2021.6.0/lib/intel64;/opt/intel/oneapi/ccl/2021.6.0/lib/cpu_gpu_dpcpp]
  implicit fwks: []


Detecting CXX compiler ABI info compiled with the following output:
Change Dir: /home/arch/Documents/Bernoulli_Network_Optimal_Control/Cpp/cmake-build-debug/CMakeFiles/CMakeTmp

Run Build Command(s):/home/arch/Downloads/clion-2022.2.1/bin/ninja/linux/ninja cmTC_f7b77 && [1/2] Building CXX object CMakeFiles/cmTC_f7b77.dir/CMakeCXXCompilerABI.cpp.o
Intel(R) oneAPI DPC++/C++ Compiler 2022.1.0 (2022.1.0.20220316)
Target: x86_64-unknown-linux-gnu
Thread model: posix
InstalledDir: /opt/intel/oneapi/compiler/2022.1.0/linux/bin-llvm
Found candidate GCC installation: /usr/lib/gcc/x86_64-pc-linux-gnu/12.2.0
Found candidate GCC installation: /usr/lib64/gcc/x86_64-pc-linux-gnu/12.2.0
Selected GCC installation: /usr/lib64/gcc/x86_64-pc-linux-gnu/12.2.0
Candidate multilib: .;@m64
Candidate multilib: 32;@m32
Selected multilib: .;@m64
 (in-process)
 "/opt/intel/oneapi/compiler/2022.1.0/linux/bin-llvm/clang++" -cc1 -triple x86_64-unknown-linux-gnu -emit-obj --mrelax-relocations -disable-free -clear-ast-before-backend -disable-llvm-verifier -discard-value-names -main-file-name CMakeCXXCompilerABI.cpp -mrelocation-model static -fveclib=SVML -mframe-pointer=none -menable-no-infs -menable-no-nans -menable-unsafe-fp-math -fno-signed-zeros -mreassociate -freciprocal-math -fdenormal-fp-math=preserve-sign,preserve-sign -ffp-contract=fast -fno-rounding-math -ffast-math -ffinite-math-only -mconstructor-aliases -funwind-tables=2 -target-cpu x86-64 -mllvm -x86-enable-unaligned-vector-move=true -tune-cpu generic -debugger-tuning=gdb -v -fcoverage-compilation-dir=/home/arch/Documents/Bernoulli_Network_Optimal_Control/Cpp/cmake-build-debug/CMakeFiles/CMakeTmp -resource-dir /opt/intel/oneapi/compiler/2022.1.0/linux/lib/clang/14.0.0 -dependency-file CMakeFiles/cmTC_f7b77.dir/CMakeCXXCompilerABI.cpp.o.d -MT CMakeFiles/cmTC_f7b77.dir/CMakeCXXCompilerABI.cpp.o -sys-header-deps -I/opt/intel/oneapi/vpl/2022.1.0/include -I/opt/intel/oneapi/tbb/2021.6.0/env/../include -I/opt/intel/oneapi/mpi/2021.6.0//include -I/opt/intel/oneapi/mkl/2022.1.0/include -I/opt/intel/oneapi/ipp/2021.6.0/include -I/opt/intel/oneapi/ippcp/2021.6.0/include -I/opt/intel/oneapi/ipp/2021.6.0/include -I/opt/intel/oneapi/dpl/2021.7.0/linux/include -I/opt/intel/oneapi/dpcpp-ct/2022.1.0/include -I/opt/intel/oneapi/dnnl/2022.1.0/cpu_dpcpp_gpu_dpcpp/include -I/opt/intel/oneapi/dev-utilities/2021.6.0/include -I/opt/intel/oneapi/dal/2021.6.0/include -I/opt/intel/oneapi/ccl/2021.6.0/include/cpu_gpu_dpcpp -internal-isystem /opt/intel/oneapi/compiler/2022.1.0/linux/bin-llvm/../compiler/include -internal-isystem /usr/lib64/gcc/x86_64-pc-linux-gnu/12.2.0/../../../../include/c++/12.2.0 -internal-isystem /usr/lib64/gcc/x86_64-pc-linux-gnu/12.2.0/../../../../include/c++/12.2.0/x86_64-pc-linux-gnu -internal-isystem /usr/lib64/gcc/x86_64-pc-linux-gnu/12.2.0/../../../../include/c++/12.2.0/backward -internal-isystem /opt/intel/oneapi/compiler/2022.1.0/linux/lib/clang/14.0.0/include -internal-isystem /usr/local/include -internal-isystem /usr/lib64/gcc/x86_64-pc-linux-gnu/12.2.0/../../../../x86_64-pc-linux-gnu/include -internal-externc-isystem /include -internal-externc-isystem /usr/include -O2 -fdeprecated-macro -fdebug-compilation-dir=/home/arch/Documents/Bernoulli_Network_Optimal_Control/Cpp/cmake-build-debug/CMakeFiles/CMakeTmp -ferror-limit 19 -fheinous-gnu-extensions -fgnuc-version=4.2.1 -fcxx-exceptions -fexceptions -vectorize-loops -vectorize-slp -D__GCC_HAVE_DWARF2_CFI_ASM=1 -fintel-compatibility -mllvm -disable-hir-generate-mkl-call -mllvm -intel-libirc-allowed -mllvm -loopopt=0 -floopopt-pipeline=none -mllvm -enable-lv -o CMakeFiles/cmTC_f7b77.dir/CMakeCXXCompilerABI.cpp.o -x c++ /home/arch/Downloads/clion-2022.2.1/bin/cmake/linux/share/cmake-3.23/Modules/CMakeCXXCompilerABI.cpp
clang -cc1 version 14.0.0 based upon LLVM 14.0.0git default target x86_64-unknown-linux-gnu
ignoring nonexistent directory "/usr/lib64/gcc/x86_64-pc-linux-gnu/12.2.0/../../../../x86_64-pc-linux-gnu/include"
ignoring nonexistent directory "/include"
ignoring duplicate directory "/opt/intel/oneapi/ipp/2021.6.0/include"
#include "..." search starts here:
#include <...> search starts here:
 /opt/intel/oneapi/vpl/2022.1.0/include
 /opt/intel/oneapi/tbb/2021.6.0/env/../include
 /opt/intel/oneapi/mpi/2021.6.0//include
 /opt/intel/oneapi/mkl/2022.1.0/include
 /opt/intel/oneapi/ipp/2021.6.0/include
 /opt/intel/oneapi/ippcp/2021.6.0/include
 /opt/intel/oneapi/dpl/2021.7.0/linux/include
 /opt/intel/oneapi/dpcpp-ct/2022.1.0/include
 /opt/intel/oneapi/dnnl/2022.1.0/cpu_dpcpp_gpu_dpcpp/include
 /opt/intel/oneapi/dev-utilities/2021.6.0/include
 /opt/intel/oneapi/dal/2021.6.0/include
 /opt/intel/oneapi/ccl/2021.6.0/include/cpu_gpu_dpcpp
 /opt/intel/oneapi/compiler/2022.1.0/linux/bin-llvm/../compiler/include
 /usr/lib64/gcc/x86_64-pc-linux-gnu/12.2.0/../../../../include/c++/12.2.0
 /usr/lib64/gcc/x86_64-pc-linux-gnu/12.2.0/../../../../include/c++/12.2.0/x86_64-pc-linux-gnu
 /usr/lib64/gcc/x86_64-pc-linux-gnu/12.2.0/../../../../include/c++/12.2.0/backward
 /opt/intel/oneapi/compiler/2022.1.0/linux/lib/clang/14.0.0/include
 /usr/local/include
 /usr/include
End of search list.
[2/2] Linking CXX executable cmTC_f7b77
Intel(R) oneAPI DPC++/C++ Compiler 2022.1.0 (2022.1.0.20220316)
Target: x86_64-unknown-linux-gnu
Thread model: posix
InstalledDir: /opt/intel/oneapi/compiler/2022.1.0/linux/bin-llvm
Found candidate GCC installation: /usr/lib/gcc/x86_64-pc-linux-gnu/12.2.0
Found candidate GCC installation: /usr/lib64/gcc/x86_64-pc-linux-gnu/12.2.0
Selected GCC installation: /usr/lib64/gcc/x86_64-pc-linux-gnu/12.2.0
Candidate multilib: .;@m64
Candidate multilib: 32;@m32
Selected multilib: .;@m64
 "/usr/bin/ld" --eh-frame-hdr -m elf_x86_64 -dynamic-linker /lib64/ld-linux-x86-64.so.2 -o cmTC_f7b77 /usr/lib64/gcc/x86_64-pc-linux-gnu/12.2.0/../../../../lib64/crt1.o /usr/lib64/gcc/x86_64-pc-linux-gnu/12.2.0/../../../../lib64/crti.o /usr/lib64/gcc/x86_64-pc-linux-gnu/12.2.0/crtbegin.o -L/opt/intel/oneapi/compiler/2022.1.0/linux/bin-llvm/../compiler/lib/intel64_lin -L/opt/intel/oneapi/compiler/2022.1.0/linux/bin-llvm/../lib -L/opt/intel/oneapi/compiler/2022.1.0/linux/bin-llvm/../compiler/lib/intel64_lin -L/usr/lib64/gcc/x86_64-pc-linux-gnu/12.2.0 -L/usr/lib64/gcc/x86_64-pc-linux-gnu/12.2.0/../../../../lib64 -L/lib/../lib64 -L/usr/lib/../lib64 -L/usr/lib64/gcc/x86_64-pc-linux-gnu/12.2.0/../../.. -L/opt/intel/oneapi/compiler/2022.1.0/linux/bin-llvm/../lib -L/lib -L/usr/lib -L/opt/intel/oneapi/compiler/2022.1.0/linux/compiler/lib/intel64_lin -L/opt/intel/oneapi/compiler/2022.1.0/linux/lib -L/opt/intel/oneapi/vpl/2022.1.0/lib -L/opt/intel/oneapi/tbb/2021.6.0/env/../lib/intel64/gcc4.8 -L/opt/intel/oneapi/mpi/2021.6.0//libfabric/lib -L/opt/intel/oneapi/mpi/2021.6.0//lib/release -L/opt/intel/oneapi/mpi/2021.6.0//lib -L/opt/intel/oneapi/mkl/2022.1.0/lib/intel64 -L/opt/intel/oneapi/ipp/2021.6.0/lib/intel64 -L/opt/intel/oneapi/ippcp/2021.6.0/lib/intel64 -L/opt/intel/oneapi/ipp/2021.6.0/lib/intel64 -L/opt/intel/oneapi/dnnl/2022.1.0/cpu_dpcpp_gpu_dpcpp/lib -L/opt/intel/oneapi/dal/2021.6.0/lib/intel64 -L/opt/intel/oneapi/compiler/2022.1.0/linux/compiler/lib/intel64_lin -L/opt/intel/oneapi/compiler/2022.1.0/linux/lib -L/opt/intel/oneapi/ccl/2021.6.0/lib/cpu_gpu_dpcpp CMakeFiles/cmTC_f7b77.dir/CMakeCXXCompilerABI.cpp.o -Bstatic -lsvml -Bdynamic -Bstatic -lirng -Bdynamic -lstdc++ -Bstatic -limf -Bdynamic -lm -lgcc_s -lgcc -Bstatic -lirc -Bdynamic -ldl -lgcc_s -lgcc -lc -lgcc_s -lgcc -Bstatic -lirc_s -Bdynamic /usr/lib64/gcc/x86_64-pc-linux-gnu/12.2.0/crtend.o /usr/lib64/gcc/x86_64-pc-linux-gnu/12.2.0/../../../../lib64/crtn.o



Parsed CXX implicit include dir info from above output: rv=done
  found start of include info
  found start of implicit include info
    add: [/opt/intel/oneapi/vpl/2022.1.0/include]
    add: [/opt/intel/oneapi/tbb/2021.6.0/env/../include]
    add: [/opt/intel/oneapi/mpi/2021.6.0//include]
    add: [/opt/intel/oneapi/mkl/2022.1.0/include]
    add: [/opt/intel/oneapi/ipp/2021.6.0/include]
    add: [/opt/intel/oneapi/ippcp/2021.6.0/include]
    add: [/opt/intel/oneapi/dpl/2021.7.0/linux/include]
    add: [/opt/intel/oneapi/dpcpp-ct/2022.1.0/include]
    add: [/opt/intel/oneapi/dnnl/2022.1.0/cpu_dpcpp_gpu_dpcpp/include]
    add: [/opt/intel/oneapi/dev-utilities/2021.6.0/include]
    add: [/opt/intel/oneapi/dal/2021.6.0/include]
    add: [/opt/intel/oneapi/ccl/2021.6.0/include/cpu_gpu_dpcpp]
    add: [/opt/intel/oneapi/compiler/2022.1.0/linux/bin-llvm/../compiler/include]
    add: [/usr/lib64/gcc/x86_64-pc-linux-gnu/12.2.0/../../../../include/c++/12.2.0]
    add: [/usr/lib64/gcc/x86_64-pc-linux-gnu/12.2.0/../../../../include/c++/12.2.0/x86_64-pc-linux-gnu]
    add: [/usr/lib64/gcc/x86_64-pc-linux-gnu/12.2.0/../../../../include/c++/12.2.0/backward]
    add: [/opt/intel/oneapi/compiler/2022.1.0/linux/lib/clang/14.0.0/include]
    add: [/usr/local/include]
    add: [/usr/include]
  end of search list found
  collapse include dir [/opt/intel/oneapi/vpl/2022.1.0/include] ==> [/opt/intel/oneapi/vpl/2022.1.0/include]
  collapse include dir [/opt/intel/oneapi/tbb/2021.6.0/env/../include] ==> [/opt/intel/oneapi/tbb/2021.6.0/include]
  collapse include dir [/opt/intel/oneapi/mpi/2021.6.0//include] ==> [/opt/intel/oneapi/mpi/2021.6.0/include]
  collapse include dir [/opt/intel/oneapi/mkl/2022.1.0/include] ==> [/opt/intel/oneapi/mkl/2022.1.0/include]
  collapse include dir [/opt/intel/oneapi/ipp/2021.6.0/include] ==> [/opt/intel/oneapi/ipp/2021.6.0/include]
  collapse include dir [/opt/intel/oneapi/ippcp/2021.6.0/include] ==> [/opt/intel/oneapi/ippcp/2021.6.0/include]
  collapse include dir [/opt/intel/oneapi/dpl/2021.7.0/linux/include] ==> [/opt/intel/oneapi/dpl/2021.7.0/linux/include]
  collapse include dir [/opt/intel/oneapi/dpcpp-ct/2022.1.0/include] ==> [/opt/intel/oneapi/dpcpp-ct/2022.1.0/include]
  collapse include dir [/opt/intel/oneapi/dnnl/2022.1.0/cpu_dpcpp_gpu_dpcpp/include] ==> [/opt/intel/oneapi/dnnl/2022.1.0/cpu_dpcpp_gpu_dpcpp/include]
  collapse include dir [/opt/intel/oneapi/dev-utilities/2021.6.0/include] ==> [/opt/intel/oneapi/dev-utilities/2021.6.0/include]
  collapse include dir [/opt/intel/oneapi/dal/2021.6.0/include] ==> [/opt/intel/oneapi/dal/2021.6.0/include]
  collapse include dir [/opt/intel/oneapi/ccl/2021.6.0/include/cpu_gpu_dpcpp] ==> [/opt/intel/oneapi/ccl/2021.6.0/include/cpu_gpu_dpcpp]
  collapse include dir [/opt/intel/oneapi/compiler/2022.1.0/linux/bin-llvm/../compiler/include] ==> [/opt/intel/oneapi/compiler/2022.1.0/linux/compiler/include]
  collapse include dir [/usr/lib64/gcc/x86_64-pc-linux-gnu/12.2.0/../../../../include/c++/12.2.0] ==> [/usr/include/c++/12.2.0]
  collapse include dir [/usr/lib64/gcc/x86_64-pc-linux-gnu/12.2.0/../../../../include/c++/12.2.0/x86_64-pc-linux-gnu] ==> [/usr/include/c++/12.2.0/x86_64-pc-linux-gnu]
  collapse include dir [/usr/lib64/gcc/x86_64-pc-linux-gnu/12.2.0/../../../../include/c++/12.2.0/backward] ==> [/usr/include/c++/12.2.0/backward]
  collapse include dir [/opt/intel/oneapi/compiler/2022.1.0/linux/lib/clang/14.0.0/include] ==> [/opt/intel/oneapi/compiler/2022.1.0/linux/lib/clang/14.0.0/include]
  collapse include dir [/usr/local/include] ==> [/usr/local/include]
  collapse include dir [/usr/include] ==> [/usr/include]
  implicit include dirs: [/opt/intel/oneapi/vpl/2022.1.0/include;/opt/intel/oneapi/tbb/2021.6.0/include;/opt/intel/oneapi/mpi/2021.6.0/include;/opt/intel/oneapi/mkl/2022.1.0/include;/opt/intel/oneapi/ipp/2021.6.0/include;/opt/intel/oneapi/ippcp/2021.6.0/include;/opt/intel/oneapi/dpl/2021.7.0/linux/include;/opt/intel/oneapi/dpcpp-ct/2022.1.0/include;/opt/intel/oneapi/dnnl/2022.1.0/cpu_dpcpp_gpu_dpcpp/include;/opt/intel/oneapi/dev-utilities/2021.6.0/include;/opt/intel/oneapi/dal/2021.6.0/include;/opt/intel/oneapi/ccl/2021.6.0/include/cpu_gpu_dpcpp;/opt/intel/oneapi/compiler/2022.1.0/linux/compiler/include;/usr/include/c++/12.2.0;/usr/include/c++/12.2.0/x86_64-pc-linux-gnu;/usr/include/c++/12.2.0/backward;/opt/intel/oneapi/compiler/2022.1.0/linux/lib/clang/14.0.0/include;/usr/local/include;/usr/include]


Parsed CXX implicit link information from above output:
  link line regex: [^( *|.*[/\])(ld|CMAKE_LINK_STARTFILE-NOTFOUND|([^/\]+-)?ld|collect2)[^/\]*( |$)]
  ignore line: [Change Dir: /home/arch/Documents/Bernoulli_Network_Optimal_Control/Cpp/cmake-build-debug/CMakeFiles/CMakeTmp]
  ignore line: []
  ignore line: [Run Build Command(s):/home/arch/Downloads/clion-2022.2.1/bin/ninja/linux/ninja cmTC_f7b77 && [1/2] Building CXX object CMakeFiles/cmTC_f7b77.dir/CMakeCXXCompilerABI.cpp.o]
  ignore line: [Intel(R) oneAPI DPC++/C++ Compiler 2022.1.0 (2022.1.0.20220316)]
  ignore line: [Target: x86_64-unknown-linux-gnu]
  ignore line: [Thread model: posix]
  ignore line: [InstalledDir: /opt/intel/oneapi/compiler/2022.1.0/linux/bin-llvm]
  ignore line: [Found candidate GCC installation: /usr/lib/gcc/x86_64-pc-linux-gnu/12.2.0]
  ignore line: [Found candidate GCC installation: /usr/lib64/gcc/x86_64-pc-linux-gnu/12.2.0]
  ignore line: [Selected GCC installation: /usr/lib64/gcc/x86_64-pc-linux-gnu/12.2.0]
  ignore line: [Candidate multilib: .]
  ignore line: [@m64]
  ignore line: [Candidate multilib: 32]
  ignore line: [@m32]
  ignore line: [Selected multilib: .]
  ignore line: [@m64]
  ignore line: [ (in-process)]
  ignore line: [ "/opt/intel/oneapi/compiler/2022.1.0/linux/bin-llvm/clang++" -cc1 -triple x86_64-unknown-linux-gnu -emit-obj --mrelax-relocations -disable-free -clear-ast-before-backend -disable-llvm-verifier -discard-value-names -main-file-name CMakeCXXCompilerABI.cpp -mrelocation-model static -fveclib=SVML -mframe-pointer=none -menable-no-infs -menable-no-nans -menable-unsafe-fp-math -fno-signed-zeros -mreassociate -freciprocal-math -fdenormal-fp-math=preserve-sign preserve-sign -ffp-contract=fast -fno-rounding-math -ffast-math -ffinite-math-only -mconstructor-aliases -funwind-tables=2 -target-cpu x86-64 -mllvm -x86-enable-unaligned-vector-move=true -tune-cpu generic -debugger-tuning=gdb -v -fcoverage-compilation-dir=/home/arch/Documents/Bernoulli_Network_Optimal_Control/Cpp/cmake-build-debug/CMakeFiles/CMakeTmp -resource-dir /opt/intel/oneapi/compiler/2022.1.0/linux/lib/clang/14.0.0 -dependency-file CMakeFiles/cmTC_f7b77.dir/CMakeCXXCompilerABI.cpp.o.d -MT CMakeFiles/cmTC_f7b77.dir/CMakeCXXCompilerABI.cpp.o -sys-header-deps -I/opt/intel/oneapi/vpl/2022.1.0/include -I/opt/intel/oneapi/tbb/2021.6.0/env/../include -I/opt/intel/oneapi/mpi/2021.6.0//include -I/opt/intel/oneapi/mkl/2022.1.0/include -I/opt/intel/oneapi/ipp/2021.6.0/include -I/opt/intel/oneapi/ippcp/2021.6.0/include -I/opt/intel/oneapi/ipp/2021.6.0/include -I/opt/intel/oneapi/dpl/2021.7.0/linux/include -I/opt/intel/oneapi/dpcpp-ct/2022.1.0/include -I/opt/intel/oneapi/dnnl/2022.1.0/cpu_dpcpp_gpu_dpcpp/include -I/opt/intel/oneapi/dev-utilities/2021.6.0/include -I/opt/intel/oneapi/dal/2021.6.0/include -I/opt/intel/oneapi/ccl/2021.6.0/include/cpu_gpu_dpcpp -internal-isystem /opt/intel/oneapi/compiler/2022.1.0/linux/bin-llvm/../compiler/include -internal-isystem /usr/lib64/gcc/x86_64-pc-linux-gnu/12.2.0/../../../../include/c++/12.2.0 -internal-isystem /usr/lib64/gcc/x86_64-pc-linux-gnu/12.2.0/../../../../include/c++/12.2.0/x86_64-pc-linux-gnu -internal-isystem /usr/lib64/gcc/x86_64-pc-linux-gnu/12.2.0/../../../../include/c++/12.2.0/backward -internal-isystem /opt/intel/oneapi/compiler/2022.1.0/linux/lib/clang/14.0.0/include -internal-isystem /usr/local/include -internal-isystem /usr/lib64/gcc/x86_64-pc-linux-gnu/12.2.0/../../../../x86_64-pc-linux-gnu/include -internal-externc-isystem /include -internal-externc-isystem /usr/include -O2 -fdeprecated-macro -fdebug-compilation-dir=/home/arch/Documents/Bernoulli_Network_Optimal_Control/Cpp/cmake-build-debug/CMakeFiles/CMakeTmp -ferror-limit 19 -fheinous-gnu-extensions -fgnuc-version=4.2.1 -fcxx-exceptions -fexceptions -vectorize-loops -vectorize-slp -D__GCC_HAVE_DWARF2_CFI_ASM=1 -fintel-compatibility -mllvm -disable-hir-generate-mkl-call -mllvm -intel-libirc-allowed -mllvm -loopopt=0 -floopopt-pipeline=none -mllvm -enable-lv -o CMakeFiles/cmTC_f7b77.dir/CMakeCXXCompilerABI.cpp.o -x c++ /home/arch/Downloads/clion-2022.2.1/bin/cmake/linux/share/cmake-3.23/Modules/CMakeCXXCompilerABI.cpp]
  ignore line: [clang -cc1 version 14.0.0 based upon LLVM 14.0.0git default target x86_64-unknown-linux-gnu]
  ignore line: [ignoring nonexistent directory "/usr/lib64/gcc/x86_64-pc-linux-gnu/12.2.0/../../../../x86_64-pc-linux-gnu/include"]
  ignore line: [ignoring nonexistent directory "/include"]
  ignore line: [ignoring duplicate directory "/opt/intel/oneapi/ipp/2021.6.0/include"]
  ignore line: [#include "..." search starts here:]
  ignore line: [#include <...> search starts here:]
  ignore line: [ /opt/intel/oneapi/vpl/2022.1.0/include]
  ignore line: [ /opt/intel/oneapi/tbb/2021.6.0/env/../include]
  ignore line: [ /opt/intel/oneapi/mpi/2021.6.0//include]
  ignore line: [ /opt/intel/oneapi/mkl/2022.1.0/include]
  ignore line: [ /opt/intel/oneapi/ipp/2021.6.0/include]
  ignore line: [ /opt/intel/oneapi/ippcp/2021.6.0/include]
  ignore line: [ /opt/intel/oneapi/dpl/2021.7.0/linux/include]
  ignore line: [ /opt/intel/oneapi/dpcpp-ct/2022.1.0/include]
  ignore line: [ /opt/intel/oneapi/dnnl/2022.1.0/cpu_dpcpp_gpu_dpcpp/include]
  ignore line: [ /opt/intel/oneapi/dev-utilities/2021.6.0/include]
  ignore line: [ /opt/intel/oneapi/dal/2021.6.0/include]
  ignore line: [ /opt/intel/oneapi/ccl/2021.6.0/include/cpu_gpu_dpcpp]
  ignore line: [ /opt/intel/oneapi/compiler/2022.1.0/linux/bin-llvm/../compiler/include]
  ignore line: [ /usr/lib64/gcc/x86_64-pc-linux-gnu/12.2.0/../../../../include/c++/12.2.0]
  ignore line: [ /usr/lib64/gcc/x86_64-pc-linux-gnu/12.2.0/../../../../include/c++/12.2.0/x86_64-pc-linux-gnu]
  ignore line: [ /usr/lib64/gcc/x86_64-pc-linux-gnu/12.2.0/../../../../include/c++/12.2.0/backward]
  ignore line: [ /opt/intel/oneapi/compiler/2022.1.0/linux/lib/clang/14.0.0/include]
  ignore line: [ /usr/local/include]
  ignore line: [ /usr/include]
  ignore line: [End of search list.]
  ignore line: [[2/2] Linking CXX executable cmTC_f7b77]
  ignore line: [Intel(R) oneAPI DPC++/C++ Compiler 2022.1.0 (2022.1.0.20220316)]
  ignore line: [Target: x86_64-unknown-linux-gnu]
  ignore line: [Thread model: posix]
  ignore line: [InstalledDir: /opt/intel/oneapi/compiler/2022.1.0/linux/bin-llvm]
  ignore line: [Found candidate GCC installation: /usr/lib/gcc/x86_64-pc-linux-gnu/12.2.0]
  ignore line: [Found candidate GCC installation: /usr/lib64/gcc/x86_64-pc-linux-gnu/12.2.0]
  ignore line: [Selected GCC installation: /usr/lib64/gcc/x86_64-pc-linux-gnu/12.2.0]
  ignore line: [Candidate multilib: .]
  ignore line: [@m64]
  ignore line: [Candidate multilib: 32]
  ignore line: [@m32]
  ignore line: [Selected multilib: .]
  ignore line: [@m64]
  link line: [ "/usr/bin/ld" --eh-frame-hdr -m elf_x86_64 -dynamic-linker /lib64/ld-linux-x86-64.so.2 -o cmTC_f7b77 /usr/lib64/gcc/x86_64-pc-linux-gnu/12.2.0/../../../../lib64/crt1.o /usr/lib64/gcc/x86_64-pc-linux-gnu/12.2.0/../../../../lib64/crti.o /usr/lib64/gcc/x86_64-pc-linux-gnu/12.2.0/crtbegin.o -L/opt/intel/oneapi/compiler/2022.1.0/linux/bin-llvm/../compiler/lib/intel64_lin -L/opt/intel/oneapi/compiler/2022.1.0/linux/bin-llvm/../lib -L/opt/intel/oneapi/compiler/2022.1.0/linux/bin-llvm/../compiler/lib/intel64_lin -L/usr/lib64/gcc/x86_64-pc-linux-gnu/12.2.0 -L/usr/lib64/gcc/x86_64-pc-linux-gnu/12.2.0/../../../../lib64 -L/lib/../lib64 -L/usr/lib/../lib64 -L/usr/lib64/gcc/x86_64-pc-linux-gnu/12.2.0/../../.. -L/opt/intel/oneapi/compiler/2022.1.0/linux/bin-llvm/../lib -L/lib -L/usr/lib -L/opt/intel/oneapi/compiler/2022.1.0/linux/compiler/lib/intel64_lin -L/opt/intel/oneapi/compiler/2022.1.0/linux/lib -L/opt/intel/oneapi/vpl/2022.1.0/lib -L/opt/intel/oneapi/tbb/2021.6.0/env/../lib/intel64/gcc4.8 -L/opt/intel/oneapi/mpi/2021.6.0//libfabric/lib -L/opt/intel/oneapi/mpi/2021.6.0//lib/release -L/opt/intel/oneapi/mpi/2021.6.0//lib -L/opt/intel/oneapi/mkl/2022.1.0/lib/intel64 -L/opt/intel/oneapi/ipp/2021.6.0/lib/intel64 -L/opt/intel/oneapi/ippcp/2021.6.0/lib/intel64 -L/opt/intel/oneapi/ipp/2021.6.0/lib/intel64 -L/opt/intel/oneapi/dnnl/2022.1.0/cpu_dpcpp_gpu_dpcpp/lib -L/opt/intel/oneapi/dal/2021.6.0/lib/intel64 -L/opt/intel/oneapi/compiler/2022.1.0/linux/compiler/lib/intel64_lin -L/opt/intel/oneapi/compiler/2022.1.0/linux/lib -L/opt/intel/oneapi/ccl/2021.6.0/lib/cpu_gpu_dpcpp CMakeFiles/cmTC_f7b77.dir/CMakeCXXCompilerABI.cpp.o -Bstatic -lsvml -Bdynamic -Bstatic -lirng -Bdynamic -lstdc++ -Bstatic -limf -Bdynamic -lm -lgcc_s -lgcc -Bstatic -lirc -Bdynamic -ldl -lgcc_s -lgcc -lc -lgcc_s -lgcc -Bstatic -lirc_s -Bdynamic /usr/lib64/gcc/x86_64-pc-linux-gnu/12.2.0/crtend.o /usr/lib64/gcc/x86_64-pc-linux-gnu/12.2.0/../../../../lib64/crtn.o]
    arg [/usr/bin/ld] ==> ignore
    arg [--eh-frame-hdr] ==> ignore
    arg [-m] ==> ignore
    arg [elf_x86_64] ==> ignore
    arg [-dynamic-linker] ==> ignore
    arg [/lib64/ld-linux-x86-64.so.2] ==> ignore
    arg [-o] ==> ignore
    arg [cmTC_f7b77] ==> ignore
    arg [/usr/lib64/gcc/x86_64-pc-linux-gnu/12.2.0/../../../../lib64/crt1.o] ==> obj [/usr/lib64/gcc/x86_64-pc-linux-gnu/12.2.0/../../../../lib64/crt1.o]
    arg [/usr/lib64/gcc/x86_64-pc-linux-gnu/12.2.0/../../../../lib64/crti.o] ==> obj [/usr/lib64/gcc/x86_64-pc-linux-gnu/12.2.0/../../../../lib64/crti.o]
    arg [/usr/lib64/gcc/x86_64-pc-linux-gnu/12.2.0/crtbegin.o] ==> obj [/usr/lib64/gcc/x86_64-pc-linux-gnu/12.2.0/crtbegin.o]
    arg [-L/opt/intel/oneapi/compiler/2022.1.0/linux/bin-llvm/../compiler/lib/intel64_lin] ==> dir [/opt/intel/oneapi/compiler/2022.1.0/linux/bin-llvm/../compiler/lib/intel64_lin]
    arg [-L/opt/intel/oneapi/compiler/2022.1.0/linux/bin-llvm/../lib] ==> dir [/opt/intel/oneapi/compiler/2022.1.0/linux/bin-llvm/../lib]
    arg [-L/opt/intel/oneapi/compiler/2022.1.0/linux/bin-llvm/../compiler/lib/intel64_lin] ==> dir [/opt/intel/oneapi/compiler/2022.1.0/linux/bin-llvm/../compiler/lib/intel64_lin]
    arg [-L/usr/lib64/gcc/x86_64-pc-linux-gnu/12.2.0] ==> dir [/usr/lib64/gcc/x86_64-pc-linux-gnu/12.2.0]
    arg [-L/usr/lib64/gcc/x86_64-pc-linux-gnu/12.2.0/../../../../lib64] ==> dir [/usr/lib64/gcc/x86_64-pc-linux-gnu/12.2.0/../../../../lib64]
    arg [-L/lib/../lib64] ==> dir [/lib/../lib64]
    arg [-L/usr/lib/../lib64] ==> dir [/usr/lib/../lib64]
    arg [-L/usr/lib64/gcc/x86_64-pc-linux-gnu/12.2.0/../../..] ==> dir [/usr/lib64/gcc/x86_64-pc-linux-gnu/12.2.0/../../..]
    arg [-L/opt/intel/oneapi/compiler/2022.1.0/linux/bin-llvm/../lib] ==> dir [/opt/intel/oneapi/compiler/2022.1.0/linux/bin-llvm/../lib]
    arg [-L/lib] ==> dir [/lib]
    arg [-L/usr/lib] ==> dir [/usr/lib]
    arg [-L/opt/intel/oneapi/compiler/2022.1.0/linux/compiler/lib/intel64_lin] ==> dir [/opt/intel/oneapi/compiler/2022.1.0/linux/compiler/lib/intel64_lin]
    arg [-L/opt/intel/oneapi/compiler/2022.1.0/linux/lib] ==> dir [/opt/intel/oneapi/compiler/2022.1.0/linux/lib]
    arg [-L/opt/intel/oneapi/vpl/2022.1.0/lib] ==> dir [/opt/intel/oneapi/vpl/2022.1.0/lib]
    arg [-L/opt/intel/oneapi/tbb/2021.6.0/env/../lib/intel64/gcc4.8] ==> dir [/opt/intel/oneapi/tbb/2021.6.0/env/../lib/intel64/gcc4.8]
    arg [-L/opt/intel/oneapi/mpi/2021.6.0//libfabric/lib] ==> dir [/opt/intel/oneapi/mpi/2021.6.0//libfabric/lib]
    arg [-L/opt/intel/oneapi/mpi/2021.6.0//lib/release] ==> dir [/opt/intel/oneapi/mpi/2021.6.0//lib/release]
    arg [-L/opt/intel/oneapi/mpi/2021.6.0//lib] ==> dir [/opt/intel/oneapi/mpi/2021.6.0//lib]
    arg [-L/opt/intel/oneapi/mkl/2022.1.0/lib/intel64] ==> dir [/opt/intel/oneapi/mkl/2022.1.0/lib/intel64]
    arg [-L/opt/intel/oneapi/ipp/2021.6.0/lib/intel64] ==> dir [/opt/intel/oneapi/ipp/2021.6.0/lib/intel64]
    arg [-L/opt/intel/oneapi/ippcp/2021.6.0/lib/intel64] ==> dir [/opt/intel/oneapi/ippcp/2021.6.0/lib/intel64]
    arg [-L/opt/intel/oneapi/ipp/2021.6.0/lib/intel64] ==> dir [/opt/intel/oneapi/ipp/2021.6.0/lib/intel64]
    arg [-L/opt/intel/oneapi/dnnl/2022.1.0/cpu_dpcpp_gpu_dpcpp/lib] ==> dir [/opt/intel/oneapi/dnnl/2022.1.0/cpu_dpcpp_gpu_dpcpp/lib]
    arg [-L/opt/intel/oneapi/dal/2021.6.0/lib/intel64] ==> dir [/opt/intel/oneapi/dal/2021.6.0/lib/intel64]
    arg [-L/opt/intel/oneapi/compiler/2022.1.0/linux/compiler/lib/intel64_lin] ==> dir [/opt/intel/oneapi/compiler/2022.1.0/linux/compiler/lib/intel64_lin]
    arg [-L/opt/intel/oneapi/compiler/2022.1.0/linux/lib] ==> dir [/opt/intel/oneapi/compiler/2022.1.0/linux/lib]
    arg [-L/opt/intel/oneapi/ccl/2021.6.0/lib/cpu_gpu_dpcpp] ==> dir [/opt/intel/oneapi/ccl/2021.6.0/lib/cpu_gpu_dpcpp]
    arg [CMakeFiles/cmTC_f7b77.dir/CMakeCXXCompilerABI.cpp.o] ==> ignore
    arg [-Bstatic] ==> search static
    arg [-lsvml] ==> lib [svml]
    arg [-Bdynamic] ==> search dynamic
    arg [-Bstatic] ==> search static
    arg [-lirng] ==> lib [irng]
    arg [-Bdynamic] ==> search dynamic
    arg [-lstdc++] ==> lib [stdc++]
    arg [-Bstatic] ==> search static
    arg [-limf] ==> lib [imf]
    arg [-Bdynamic] ==> search dynamic
    arg [-lm] ==> lib [m]
    arg [-lgcc_s] ==> lib [gcc_s]
    arg [-lgcc] ==> lib [gcc]
    arg [-Bstatic] ==> search static
    arg [-lirc] ==> lib [irc]
    arg [-Bdynamic] ==> search dynamic
    arg [-ldl] ==> lib [dl]
    arg [-lgcc_s] ==> lib [gcc_s]
    arg [-lgcc] ==> lib [gcc]
    arg [-lc] ==> lib [c]
    arg [-lgcc_s] ==> lib [gcc_s]
    arg [-lgcc] ==> lib [gcc]
    arg [-Bstatic] ==> search static
    arg [-lirc_s] ==> lib [irc_s]
    arg [-Bdynamic] ==> search dynamic
    arg [/usr/lib64/gcc/x86_64-pc-linux-gnu/12.2.0/crtend.o] ==> obj [/usr/lib64/gcc/x86_64-pc-linux-gnu/12.2.0/crtend.o]
    arg [/usr/lib64/gcc/x86_64-pc-linux-gnu/12.2.0/../../../../lib64/crtn.o] ==> obj [/usr/lib64/gcc/x86_64-pc-linux-gnu/12.2.0/../../../../lib64/crtn.o]
  collapse obj [/usr/lib64/gcc/x86_64-pc-linux-gnu/12.2.0/../../../../lib64/crt1.o] ==> [/usr/lib64/crt1.o]
  collapse obj [/usr/lib64/gcc/x86_64-pc-linux-gnu/12.2.0/../../../../lib64/crti.o] ==> [/usr/lib64/crti.o]
  collapse obj [/usr/lib64/gcc/x86_64-pc-linux-gnu/12.2.0/../../../../lib64/crtn.o] ==> [/usr/lib64/crtn.o]
  collapse library dir [/opt/intel/oneapi/compiler/2022.1.0/linux/bin-llvm/../compiler/lib/intel64_lin] ==> [/opt/intel/oneapi/compiler/2022.1.0/linux/compiler/lib/intel64_lin]
  collapse library dir [/opt/intel/oneapi/compiler/2022.1.0/linux/bin-llvm/../lib] ==> [/opt/intel/oneapi/compiler/2022.1.0/linux/lib]
  collapse library dir [/opt/intel/oneapi/compiler/2022.1.0/linux/bin-llvm/../compiler/lib/intel64_lin] ==> [/opt/intel/oneapi/compiler/2022.1.0/linux/compiler/lib/intel64_lin]
  collapse library dir [/usr/lib64/gcc/x86_64-pc-linux-gnu/12.2.0] ==> [/usr/lib64/gcc/x86_64-pc-linux-gnu/12.2.0]
  collapse library dir [/usr/lib64/gcc/x86_64-pc-linux-gnu/12.2.0/../../../../lib64] ==> [/usr/lib64]
  collapse library dir [/lib/../lib64] ==> [/lib64]
  collapse library dir [/usr/lib/../lib64] ==> [/usr/lib64]
  collapse library dir [/usr/lib64/gcc/x86_64-pc-linux-gnu/12.2.0/../../..] ==> [/usr/lib64]
  collapse library dir [/opt/intel/oneapi/compiler/2022.1.0/linux/bin-llvm/../lib] ==> [/opt/intel/oneapi/compiler/2022.1.0/linux/lib]
  collapse library dir [/lib] ==> [/lib]
  collapse library dir [/usr/lib] ==> [/usr/lib]
  collapse library dir [/opt/intel/oneapi/compiler/2022.1.0/linux/compiler/lib/intel64_lin] ==> [/opt/intel/oneapi/compiler/2022.1.0/linux/compiler/lib/intel64_lin]
  collapse library dir [/opt/intel/oneapi/compiler/2022.1.0/linux/lib] ==> [/opt/intel/oneapi/compiler/2022.1.0/linux/lib]
  collapse library dir [/opt/intel/oneapi/vpl/2022.1.0/lib] ==> [/opt/intel/oneapi/vpl/2022.1.0/lib]
  collapse library dir [/opt/intel/oneapi/tbb/2021.6.0/env/../lib/intel64/gcc4.8] ==> [/opt/intel/oneapi/tbb/2021.6.0/lib/intel64/gcc4.8]
  collapse library dir [/opt/intel/oneapi/mpi/2021.6.0//libfabric/lib] ==> [/opt/intel/oneapi/mpi/2021.6.0/libfabric/lib]
  collapse library dir [/opt/intel/oneapi/mpi/2021.6.0//lib/release] ==> [/opt/intel/oneapi/mpi/2021.6.0/lib/release]
  collapse library dir [/opt/intel/oneapi/mpi/2021.6.0//lib] ==> [/opt/intel/oneapi/mpi/2021.6.0/lib]
  collapse library dir [/opt/intel/oneapi/mkl/2022.1.0/lib/intel64] ==> [/opt/intel/oneapi/mkl/2022.1.0/lib/intel64]
  collapse library dir [/opt/intel/oneapi/ipp/2021.6.0/lib/intel64] ==> [/opt/intel/oneapi/ipp/2021.6.0/lib/intel64]
  collapse library dir [/opt/intel/oneapi/ippcp/2021.6.0/lib/intel64] ==> [/opt/intel/oneapi/ippcp/2021.6.0/lib/intel64]
  collapse library dir [/opt/intel/oneapi/ipp/2021.6.0/lib/intel64] ==> [/opt/intel/oneapi/ipp/2021.6.0/lib/intel64]
  collapse library dir [/opt/intel/oneapi/dnnl/2022.1.0/cpu_dpcpp_gpu_dpcpp/lib] ==> [/opt/intel/oneapi/dnnl/2022.1.0/cpu_dpcpp_gpu_dpcpp/lib]
  collapse library dir [/opt/intel/oneapi/dal/2021.6.0/lib/intel64] ==> [/opt/intel/oneapi/dal/2021.6.0/lib/intel64]
  collapse library dir [/opt/intel/oneapi/compiler/2022.1.0/linux/compiler/lib/intel64_lin] ==> [/opt/intel/oneapi/compiler/2022.1.0/linux/compiler/lib/intel64_lin]
  collapse library dir [/opt/intel/oneapi/compiler/2022.1.0/linux/lib] ==> [/opt/intel/oneapi/compiler/2022.1.0/linux/lib]
  collapse library dir [/opt/intel/oneapi/ccl/2021.6.0/lib/cpu_gpu_dpcpp] ==> [/opt/intel/oneapi/ccl/2021.6.0/lib/cpu_gpu_dpcpp]
  implicit libs: [svml;irng;stdc++;imf;m;gcc_s;gcc;irc;dl;gcc_s;gcc;c;gcc_s;gcc;irc_s]
  implicit objs: [/usr/lib64/crt1.o;/usr/lib64/crti.o;/usr/lib64/gcc/x86_64-pc-linux-gnu/12.2.0/crtbegin.o;/usr/lib64/gcc/x86_64-pc-linux-gnu/12.2.0/crtend.o;/usr/lib64/crtn.o]
  implicit dirs: [/opt/intel/oneapi/compiler/2022.1.0/linux/compiler/lib/intel64_lin;/opt/intel/oneapi/compiler/2022.1.0/linux/lib;/usr/lib64/gcc/x86_64-pc-linux-gnu/12.2.0;/usr/lib64;/lib64;/lib;/usr/lib;/opt/intel/oneapi/vpl/2022.1.0/lib;/opt/intel/oneapi/tbb/2021.6.0/lib/intel64/gcc4.8;/opt/intel/oneapi/mpi/2021.6.0/libfabric/lib;/opt/intel/oneapi/mpi/2021.6.0/lib/release;/opt/intel/oneapi/mpi/2021.6.0/lib;/opt/intel/oneapi/mkl/2022.1.0/lib/intel64;/opt/intel/oneapi/ipp/2021.6.0/lib/intel64;/opt/intel/oneapi/ippcp/2021.6.0/lib/intel64;/opt/intel/oneapi/dnnl/2022.1.0/cpu_dpcpp_gpu_dpcpp/lib;/opt/intel/oneapi/dal/2021.6.0/lib/intel64;/opt/intel/oneapi/ccl/2021.6.0/lib/cpu_gpu_dpcpp]
  implicit fwks: []


Determining if the include file pthread.h exists passed with the following output:
Change Dir: /home/arch/Documents/Bernoulli_Network_Optimal_Control/Cpp/cmake-build-debug/CMakeFiles/CMakeTmp

Run Build Command(s):/home/arch/Downloads/clion-2022.2.1/bin/ninja/linux/ninja cmTC_b682d && [1/2] Building C object CMakeFiles/cmTC_b682d.dir/CheckIncludeFile.c.o
[2/2] Linking C executable cmTC_b682d



Performing C SOURCE FILE Test CMAKE_HAVE_LIBC_PTHREAD succeeded with the following output:
Change Dir: /home/arch/Documents/Bernoulli_Network_Optimal_Control/Cpp/cmake-build-debug/CMakeFiles/CMakeTmp

Run Build Command(s):/home/arch/Downloads/clion-2022.2.1/bin/ninja/linux/ninja cmTC_2ef84 && [1/2] Building C object CMakeFiles/cmTC_2ef84.dir/src.c.o
[2/2] Linking C executable cmTC_2ef84


Source file was:
#include <pthread.h>

static void* test_func(void* data)
{
  return data;
}

int main(void)
{
  pthread_t thread;
  pthread_create(&thread, NULL, test_func, NULL);
  pthread_detach(thread);
  pthread_cancel(thread);
  pthread_join(thread, NULL);
  pthread_atfork(NULL, NULL, NULL);
  pthread_exit(NULL);

  return 0;
}

Performing C++ SOURCE FILE Test _fsycl_option succeeded with the following output:
Change Dir: /home/arch/Documents/Bernoulli_Network_Optimal_Control/Cpp/cmake-build-debug/CMakeFiles/CMakeTmp

Run Build Command(s):/home/arch/Downloads/clion-2022.2.1/bin/ninja/linux/ninja cmTC_386cc && [1/2] Building CXX object CMakeFiles/cmTC_386cc.dir/src.cxx.o
[2/2] Linking CXX executable cmTC_386cc


Source file was:
int main() { return 0; }
