The system is: Linux - 5.19.13-arch1-1-surface - x86_64
Compiling the CXX compiler identification source file "CMakeCXXCompilerId.cpp" succeeded.
Compiler: /opt/intel/oneapi/compiler/2022.2.0/linux/bin/dpcpp 
Build flags: 
Id flags:  

The output was:
0


Compilation of the CXX compiler identification source "CMakeCXXCompilerId.cpp" produced "a.out"

The CXX compiler identification is IntelLLVM, found in "/home/man/Documents/Bernoulli_MC/array-transform/build/CMakeFiles/3.24.2/CompilerIdCXX/a.out"

Detecting CXX compiler ABI info compiled with the following output:
Change Dir: /home/man/Documents/Bernoulli_MC/array-transform/build/CMakeFiles/CMakeTmp

Run Build Command(s):/usr/bin/ninja cmTC_250e6 && [1/2] Building CXX object CMakeFiles/cmTC_250e6.dir/CMakeCXXCompilerABI.cpp.o
Intel(R) oneAPI DPC++/C++ Compiler 2022.2.0 (2022.2.0.20220730)
Target: x86_64-unknown-linux-gnu
Thread model: posix
InstalledDir: /opt/intel/oneapi/compiler/2022.2.0/linux/bin-llvm
Found candidate GCC installation: /usr/lib/gcc/x86_64-pc-linux-gnu/12.2.0
Found candidate GCC installation: /usr/lib64/gcc/x86_64-pc-linux-gnu/12.2.0
Selected GCC installation: /usr/lib64/gcc/x86_64-pc-linux-gnu/12.2.0
Candidate multilib: .;@m64
Candidate multilib: 32;@m32
Selected multilib: .;@m64
 "/opt/intel/oneapi/compiler/2022.2.0/linux/bin-llvm/clang++" -cc1 -triple x86_64-unknown-linux-gnu -sycl-std=2020 -fsycl-unnamed-lambda -fsycl-unique-prefix=56accba442771220 -include /tmp/CMakeCXXCompilerABI-header-f8be69.h -dependency-filter /tmp/CMakeCXXCompilerABI-header-f8be69.h -fsycl-enable-int-header-diags -fsycl-is-host -Eonly -disable-free -clear-ast-before-backend -disable-llvm-verifier -discard-value-names -main-file-name CMakeCXXCompilerABI.cpp -mrelocation-model static -fveclib=SVML -mframe-pointer=none -menable-no-infs -menable-no-nans -fapprox-func -menable-unsafe-fp-math -fno-signed-zeros -mreassociate -freciprocal-math -fdenormal-fp-math=preserve-sign,preserve-sign -ffp-contract=fast -fno-rounding-math -ffast-math -ffinite-math-only -mconstructor-aliases -funwind-tables=2 -target-cpu x86-64 -mllvm -x86-enable-unaligned-vector-move=true -tune-cpu generic -debugger-tuning=gdb -v -fcoverage-compilation-dir=/home/man/Documents/Bernoulli_MC/array-transform/build/CMakeFiles/CMakeTmp -resource-dir /opt/intel/oneapi/compiler/2022.2.0/linux/lib/clang/15.0.0 -dependency-file CMakeFiles/cmTC_250e6.dir/CMakeCXXCompilerABI.cpp.o.d -MT CMakeFiles/cmTC_250e6.dir/CMakeCXXCompilerABI.cpp.o -sys-header-deps -internal-isystem /opt/intel/oneapi/compiler/2022.2.0/linux/bin-llvm/../include/sycl -internal-isystem /opt/intel/oneapi/compiler/2022.2.0/linux/bin-llvm/../include -I/opt/intel/oneapi/vpl/2022.2.0/include -I/opt/intel/oneapi/tbb/2021.7.0/env/../include -I/opt/intel/oneapi/mpi/2021.7.0//include -I/opt/intel/oneapi/mkl/2022.2.0/include -I/opt/intel/oneapi/ipp/2021.6.1/include -I/opt/intel/oneapi/ippcp/2021.6.1/include -I/opt/intel/oneapi/ipp/2021.6.1/include -I/opt/intel/oneapi/dpl/2021.7.1/linux/include -I/opt/intel/oneapi/dpcpp-ct/2022.2.0/include -I/opt/intel/oneapi/dnnl/2022.2.0/cpu_dpcpp_gpu_dpcpp/include -I/opt/intel/oneapi/dev-utilities/2021.7.0/include -I/opt/intel/oneapi/dal/2021.7.0/include -I/opt/intel/oneapi/ccl/2021.7.0/include/cpu_gpu_dpcpp -internal-isystem /opt/intel/oneapi/compiler/2022.2.0/linux/bin-llvm/../compiler/include -internal-isystem /usr/lib64/gcc/x86_64-pc-linux-gnu/12.2.0/../../../../include/c++/12.2.0 -internal-isystem /usr/lib64/gcc/x86_64-pc-linux-gnu/12.2.0/../../../../include/c++/12.2.0/x86_64-pc-linux-gnu -internal-isystem /usr/lib64/gcc/x86_64-pc-linux-gnu/12.2.0/../../../../include/c++/12.2.0/backward -internal-isystem /usr/lib64/gcc/x86_64-pc-linux-gnu/12.2.0/../../../../include/c++/12.2.0 -internal-isystem /usr/lib64/gcc/x86_64-pc-linux-gnu/12.2.0/../../../../include/c++/12.2.0/x86_64-pc-linux-gnu -internal-isystem /usr/lib64/gcc/x86_64-pc-linux-gnu/12.2.0/../../../../include/c++/12.2.0/backward -internal-isystem /opt/intel/oneapi/compiler/2022.2.0/linux/lib/clang/15.0.0/include -internal-isystem /usr/local/include -internal-isystem /usr/lib64/gcc/x86_64-pc-linux-gnu/12.2.0/../../../../x86_64-pc-linux-gnu/include -internal-externc-isystem /include -internal-externc-isystem /usr/include -internal-isystem /opt/intel/oneapi/compiler/2022.2.0/linux/lib/clang/15.0.0/include -internal-isystem /usr/local/include -internal-isystem /usr/lib64/gcc/x86_64-pc-linux-gnu/12.2.0/../../../../x86_64-pc-linux-gnu/include -internal-externc-isystem /include -internal-externc-isystem /usr/include -O2 -std=c++17 -fdeprecated-macro -fdebug-compilation-dir=/home/man/Documents/Bernoulli_MC/array-transform/build/CMakeFiles/CMakeTmp -ferror-limit 19 -fheinous-gnu-extensions -fgnuc-version=4.2.1 -fcxx-exceptions -fexceptions -vectorize-loops -vectorize-slp -D__GCC_HAVE_DWARF2_CFI_ASM=1 -fintel-compatibility -fintel-libirc-allowed -mllvm -disable-hir-generate-mkl-call -mllvm -loopopt=1 -floopopt-pipeline=light -mllvm -intel-abi-compatible=true -x c++ /usr/share/cmake/Modules/CMakeCXXCompilerABI.cpp
clang -cc1 version 15.0.0 based upon LLVM 15.0.0git default target x86_64-unknown-linux-gnu
ignoring nonexistent directory "/usr/lib64/gcc/x86_64-pc-linux-gnu/12.2.0/../../../../x86_64-pc-linux-gnu/include"
ignoring nonexistent directory "/include"
ignoring nonexistent directory "/usr/lib64/gcc/x86_64-pc-linux-gnu/12.2.0/../../../../x86_64-pc-linux-gnu/include"
ignoring nonexistent directory "/include"
ignoring duplicate directory "/opt/intel/oneapi/ipp/2021.6.1/include"
ignoring duplicate directory "/usr/lib64/gcc/x86_64-pc-linux-gnu/12.2.0/../../../../include/c++/12.2.0"
ignoring duplicate directory "/usr/lib64/gcc/x86_64-pc-linux-gnu/12.2.0/../../../../include/c++/12.2.0/x86_64-pc-linux-gnu"
ignoring duplicate directory "/usr/lib64/gcc/x86_64-pc-linux-gnu/12.2.0/../../../../include/c++/12.2.0/backward"
ignoring duplicate directory "/opt/intel/oneapi/compiler/2022.2.0/linux/lib/clang/15.0.0/include"
ignoring duplicate directory "/usr/local/include"
ignoring duplicate directory "/usr/include"
#include "..." search starts here:
#include <...> search starts here:
 /opt/intel/oneapi/vpl/2022.2.0/include
 /opt/intel/oneapi/tbb/2021.7.0/env/../include
 /opt/intel/oneapi/mpi/2021.7.0//include
 /opt/intel/oneapi/mkl/2022.2.0/include
 /opt/intel/oneapi/ipp/2021.6.1/include
 /opt/intel/oneapi/ippcp/2021.6.1/include
 /opt/intel/oneapi/dpl/2021.7.1/linux/include
 /opt/intel/oneapi/dpcpp-ct/2022.2.0/include
 /opt/intel/oneapi/dnnl/2022.2.0/cpu_dpcpp_gpu_dpcpp/include
 /opt/intel/oneapi/dev-utilities/2021.7.0/include
 /opt/intel/oneapi/dal/2021.7.0/include
 /opt/intel/oneapi/ccl/2021.7.0/include/cpu_gpu_dpcpp
 /opt/intel/oneapi/compiler/2022.2.0/linux/bin-llvm/../include/sycl
 /opt/intel/oneapi/compiler/2022.2.0/linux/bin-llvm/../include
 /opt/intel/oneapi/compiler/2022.2.0/linux/bin-llvm/../compiler/include
 /usr/lib64/gcc/x86_64-pc-linux-gnu/12.2.0/../../../../include/c++/12.2.0
 /usr/lib64/gcc/x86_64-pc-linux-gnu/12.2.0/../../../../include/c++/12.2.0/x86_64-pc-linux-gnu
 /usr/lib64/gcc/x86_64-pc-linux-gnu/12.2.0/../../../../include/c++/12.2.0/backward
 /opt/intel/oneapi/compiler/2022.2.0/linux/lib/clang/15.0.0/include
 /usr/local/include
 /usr/include
End of search list.
 "/opt/intel/oneapi/compiler/2022.2.0/linux/bin-llvm/clang++" -cc1 -triple spir64-unknown-unknown -aux-triple x86_64-unknown-linux-gnu -fsycl-is-device -fdeclare-spirv-builtins -mllvm -sycl-opt -fenable-sycl-dae -fsycl-instrument-device-code -Wno-sycl-strict -fsycl-int-header=/tmp/CMakeCXXCompilerABI-header-f8be69.h -fsycl-int-footer=/tmp/CMakeCXXCompilerABI-footer-df43d1.h -sycl-std=2020 -fsycl-unnamed-lambda -fsycl-unique-prefix=56accba442771220 -Wspir-compat -emit-llvm-bc -emit-llvm-uselists -disable-free -clear-ast-before-backend -disable-llvm-verifier -discard-value-names -main-file-name CMakeCXXCompilerABI.cpp -mrelocation-model static -fveclib=SVML -mframe-pointer=all -menable-no-infs -menable-no-nans -fapprox-func -menable-unsafe-fp-math -fno-signed-zeros -mreassociate -freciprocal-math -fdenormal-fp-math=preserve-sign,preserve-sign -ffp-contract=fast -fno-rounding-math -ffast-math -ffinite-math-only -fno-verbose-asm -mconstructor-aliases -aux-target-cpu x86-64 -mllvm -treat-scalable-fixed-error-as-warning -debugger-tuning=gdb -v -resource-dir /opt/intel/oneapi/compiler/2022.2.0/linux/lib/clang/15.0.0 -dependency-file CMakeFiles/cmTC_250e6.dir/CMakeCXXCompilerABI.cpp.o.d -MT CMakeFiles/cmTC_250e6.dir/CMakeCXXCompilerABI.cpp.o -sys-header-deps -internal-isystem /opt/intel/oneapi/compiler/2022.2.0/linux/bin-llvm/../include/sycl -internal-isystem /opt/intel/oneapi/compiler/2022.2.0/linux/bin-llvm/../include -I/opt/intel/oneapi/vpl/2022.2.0/include -I/opt/intel/oneapi/tbb/2021.7.0/env/../include -I/opt/intel/oneapi/mpi/2021.7.0//include -I/opt/intel/oneapi/mkl/2022.2.0/include -I/opt/intel/oneapi/ipp/2021.6.1/include -I/opt/intel/oneapi/ippcp/2021.6.1/include -I/opt/intel/oneapi/ipp/2021.6.1/include -I/opt/intel/oneapi/dpl/2021.7.1/linux/include -I/opt/intel/oneapi/dpcpp-ct/2022.2.0/include -I/opt/intel/oneapi/dnnl/2022.2.0/cpu_dpcpp_gpu_dpcpp/include -I/opt/intel/oneapi/dev-utilities/2021.7.0/include -I/opt/intel/oneapi/dal/2021.7.0/include -I/opt/intel/oneapi/ccl/2021.7.0/include/cpu_gpu_dpcpp -internal-isystem /opt/intel/oneapi/compiler/2022.2.0/linux/bin-llvm/../compiler/include -internal-isystem /usr/lib64/gcc/x86_64-pc-linux-gnu/12.2.0/../../../../include/c++/12.2.0 -internal-isystem /usr/lib64/gcc/x86_64-pc-linux-gnu/12.2.0/../../../../include/c++/12.2.0/x86_64-pc-linux-gnu -internal-isystem /usr/lib64/gcc/x86_64-pc-linux-gnu/12.2.0/../../../../include/c++/12.2.0/backward -internal-isystem /usr/lib64/gcc/x86_64-pc-linux-gnu/12.2.0/../../../../include/c++/12.2.0 -internal-isystem /usr/lib64/gcc/x86_64-pc-linux-gnu/12.2.0/../../../../include/c++/12.2.0/x86_64-pc-linux-gnu -internal-isystem /usr/lib64/gcc/x86_64-pc-linux-gnu/12.2.0/../../../../include/c++/12.2.0/backward -internal-isystem /opt/intel/oneapi/compiler/2022.2.0/linux/lib/clang/15.0.0/include -internal-isystem /usr/local/include -internal-isystem /usr/lib64/gcc/x86_64-pc-linux-gnu/12.2.0/../../../../x86_64-pc-linux-gnu/include -internal-externc-isystem /include -internal-externc-isystem /usr/include -internal-isystem /opt/intel/oneapi/compiler/2022.2.0/linux/lib/clang/15.0.0/include -internal-isystem /usr/local/include -internal-isystem /usr/lib64/gcc/x86_64-pc-linux-gnu/12.2.0/../../../../x86_64-pc-linux-gnu/include -internal-externc-isystem /include -internal-externc-isystem /usr/include -O2 -std=c++17 -fdeprecated-macro -fdebug-compilation-dir=/home/man/Documents/Bernoulli_MC/array-transform/build/CMakeFiles/CMakeTmp -ferror-limit 19 -fheinous-gnu-extensions -fgnuc-version=4.2.1 -fcxx-exceptions -fexceptions -vectorize-loops -vectorize-slp -D__GCC_HAVE_DWARF2_CFI_ASM=1 -fintel-compatibility -fintel-compatibility-disable=FakeLoad -fintel-libirc-allowed -mllvm -disable-hir-generate-mkl-call -mllvm -intel-abi-compatible=true -o /tmp/CMakeCXXCompilerABI-c9c1f6.bc -x c++ /usr/share/cmake/Modules/CMakeCXXCompilerABI.cpp
clang -cc1 version 15.0.0 based upon LLVM 15.0.0git default target x86_64-unknown-linux-gnu
ignoring nonexistent directory "/usr/lib64/gcc/x86_64-pc-linux-gnu/12.2.0/../../../../x86_64-pc-linux-gnu/include"
ignoring nonexistent directory "/include"
ignoring nonexistent directory "/usr/lib64/gcc/x86_64-pc-linux-gnu/12.2.0/../../../../x86_64-pc-linux-gnu/include"
ignoring nonexistent directory "/include"
ignoring duplicate directory "/opt/intel/oneapi/ipp/2021.6.1/include"
ignoring duplicate directory "/usr/lib64/gcc/x86_64-pc-linux-gnu/12.2.0/../../../../include/c++/12.2.0"
ignoring duplicate directory "/usr/lib64/gcc/x86_64-pc-linux-gnu/12.2.0/../../../../include/c++/12.2.0/x86_64-pc-linux-gnu"
ignoring duplicate directory "/usr/lib64/gcc/x86_64-pc-linux-gnu/12.2.0/../../../../include/c++/12.2.0/backward"
ignoring duplicate directory "/opt/intel/oneapi/compiler/2022.2.0/linux/lib/clang/15.0.0/include"
ignoring duplicate directory "/usr/local/include"
ignoring duplicate directory "/usr/include"
ignoring duplicate directory "/usr/local/include"
ignoring duplicate directory "/opt/intel/oneapi/compiler/2022.2.0/linux/lib/clang/15.0.0/include"
ignoring duplicate directory "/usr/include"
#include "..." search starts here:
#include <...> search starts here:
 /opt/intel/oneapi/vpl/2022.2.0/include
 /opt/intel/oneapi/tbb/2021.7.0/env/../include
 /opt/intel/oneapi/mpi/2021.7.0//include
 /opt/intel/oneapi/mkl/2022.2.0/include
 /opt/intel/oneapi/ipp/2021.6.1/include
 /opt/intel/oneapi/ippcp/2021.6.1/include
 /opt/intel/oneapi/dpl/2021.7.1/linux/include
 /opt/intel/oneapi/dpcpp-ct/2022.2.0/include
 /opt/intel/oneapi/dnnl/2022.2.0/cpu_dpcpp_gpu_dpcpp/include
 /opt/intel/oneapi/dev-utilities/2021.7.0/include
 /opt/intel/oneapi/dal/2021.7.0/include
 /opt/intel/oneapi/ccl/2021.7.0/include/cpu_gpu_dpcpp
 /opt/intel/oneapi/compiler/2022.2.0/linux/bin-llvm/../include/sycl
 /opt/intel/oneapi/compiler/2022.2.0/linux/bin-llvm/../include
 /opt/intel/oneapi/compiler/2022.2.0/linux/bin-llvm/../compiler/include
 /usr/lib64/gcc/x86_64-pc-linux-gnu/12.2.0/../../../../include/c++/12.2.0
 /usr/lib64/gcc/x86_64-pc-linux-gnu/12.2.0/../../../../include/c++/12.2.0/x86_64-pc-linux-gnu
 /usr/lib64/gcc/x86_64-pc-linux-gnu/12.2.0/../../../../include/c++/12.2.0/backward
 /opt/intel/oneapi/compiler/2022.2.0/linux/lib/clang/15.0.0/include
 /usr/local/include
 /usr/include
End of search list.
 "/opt/intel/oneapi/compiler/2022.2.0/linux/bin-llvm/append-file" /usr/share/cmake/Modules/CMakeCXXCompilerABI.cpp --append=/tmp/CMakeCXXCompilerABI-footer-df43d1.h --orig-filename=/usr/share/cmake/Modules/CMakeCXXCompilerABI.cpp --output=/tmp/CMakeCXXCompilerABI-eb28f6.cpp --use-include
 "/opt/intel/oneapi/compiler/2022.2.0/linux/bin-llvm/clang++" -cc1 -triple x86_64-unknown-linux-gnu -sycl-std=2020 -fsycl-unnamed-lambda -fsycl-unique-prefix=56accba442771220 -include /tmp/CMakeCXXCompilerABI-header-f8be69.h -dependency-filter /tmp/CMakeCXXCompilerABI-header-f8be69.h -fsycl-enable-int-header-diags -fsycl-is-host -emit-obj --mrelax-relocations -disable-free -clear-ast-before-backend -disable-llvm-verifier -discard-value-names -main-file-name CMakeCXXCompilerABI.cpp -mrelocation-model static -fveclib=SVML -mframe-pointer=none -menable-no-infs -menable-no-nans -fapprox-func -menable-unsafe-fp-math -fno-signed-zeros -mreassociate -freciprocal-math -fdenormal-fp-math=preserve-sign,preserve-sign -ffp-contract=fast -fno-rounding-math -ffast-math -ffinite-math-only -mconstructor-aliases -funwind-tables=2 -target-cpu x86-64 -mllvm -x86-enable-unaligned-vector-move=true -tune-cpu generic -mllvm -treat-scalable-fixed-error-as-warning -debugger-tuning=gdb -v -fcoverage-compilation-dir=/home/man/Documents/Bernoulli_MC/array-transform/build/CMakeFiles/CMakeTmp -resource-dir /opt/intel/oneapi/compiler/2022.2.0/linux/lib/clang/15.0.0 -internal-isystem /opt/intel/oneapi/compiler/2022.2.0/linux/bin-llvm/../include/sycl -internal-isystem /opt/intel/oneapi/compiler/2022.2.0/linux/bin-llvm/../include -iquote /usr/share/cmake/Modules -I/opt/intel/oneapi/vpl/2022.2.0/include -I/opt/intel/oneapi/tbb/2021.7.0/env/../include -I/opt/intel/oneapi/mpi/2021.7.0//include -I/opt/intel/oneapi/mkl/2022.2.0/include -I/opt/intel/oneapi/ipp/2021.6.1/include -I/opt/intel/oneapi/ippcp/2021.6.1/include -I/opt/intel/oneapi/ipp/2021.6.1/include -I/opt/intel/oneapi/dpl/2021.7.1/linux/include -I/opt/intel/oneapi/dpcpp-ct/2022.2.0/include -I/opt/intel/oneapi/dnnl/2022.2.0/cpu_dpcpp_gpu_dpcpp/include -I/opt/intel/oneapi/dev-utilities/2021.7.0/include -I/opt/intel/oneapi/dal/2021.7.0/include -I/opt/intel/oneapi/ccl/2021.7.0/include/cpu_gpu_dpcpp -internal-isystem /opt/intel/oneapi/compiler/2022.2.0/linux/bin-llvm/../compiler/include -internal-isystem /usr/lib64/gcc/x86_64-pc-linux-gnu/12.2.0/../../../../include/c++/12.2.0 -internal-isystem /usr/lib64/gcc/x86_64-pc-linux-gnu/12.2.0/../../../../include/c++/12.2.0/x86_64-pc-linux-gnu -internal-isystem /usr/lib64/gcc/x86_64-pc-linux-gnu/12.2.0/../../../../include/c++/12.2.0/backward -internal-isystem /usr/lib64/gcc/x86_64-pc-linux-gnu/12.2.0/../../../../include/c++/12.2.0 -internal-isystem /usr/lib64/gcc/x86_64-pc-linux-gnu/12.2.0/../../../../include/c++/12.2.0/x86_64-pc-linux-gnu -internal-isystem /usr/lib64/gcc/x86_64-pc-linux-gnu/12.2.0/../../../../include/c++/12.2.0/backward -internal-isystem /opt/intel/oneapi/compiler/2022.2.0/linux/lib/clang/15.0.0/include -internal-isystem /usr/local/include -internal-isystem /usr/lib64/gcc/x86_64-pc-linux-gnu/12.2.0/../../../../x86_64-pc-linux-gnu/include -internal-externc-isystem /include -internal-externc-isystem /usr/include -internal-isystem /opt/intel/oneapi/compiler/2022.2.0/linux/lib/clang/15.0.0/include -internal-isystem /usr/local/include -internal-isystem /usr/lib64/gcc/x86_64-pc-linux-gnu/12.2.0/../../../../x86_64-pc-linux-gnu/include -internal-externc-isystem /include -internal-externc-isystem /usr/include -O2 -std=c++17 -fdeprecated-macro -fdebug-compilation-dir=/home/man/Documents/Bernoulli_MC/array-transform/build/CMakeFiles/CMakeTmp -ferror-limit 19 -fheinous-gnu-extensions -fgnuc-version=4.2.1 -fcxx-exceptions -fexceptions -vectorize-loops -vectorize-slp -D__GCC_HAVE_DWARF2_CFI_ASM=1 -fintel-compatibility -fintel-libirc-allowed -mllvm -disable-hir-generate-mkl-call -mllvm -loopopt=1 -floopopt-pipeline=light -mllvm -intel-abi-compatible=true -o /tmp/CMakeCXXCompilerABI-b6dc8f.o -x c++ /tmp/CMakeCXXCompilerABI-eb28f6.cpp
clang -cc1 version 15.0.0 based upon LLVM 15.0.0git default target x86_64-unknown-linux-gnu
ignoring nonexistent directory "/usr/lib64/gcc/x86_64-pc-linux-gnu/12.2.0/../../../../x86_64-pc-linux-gnu/include"
ignoring nonexistent directory "/include"
ignoring nonexistent directory "/usr/lib64/gcc/x86_64-pc-linux-gnu/12.2.0/../../../../x86_64-pc-linux-gnu/include"
ignoring nonexistent directory "/include"
ignoring duplicate directory "/opt/intel/oneapi/ipp/2021.6.1/include"
ignoring duplicate directory "/usr/lib64/gcc/x86_64-pc-linux-gnu/12.2.0/../../../../include/c++/12.2.0"
ignoring duplicate directory "/usr/lib64/gcc/x86_64-pc-linux-gnu/12.2.0/../../../../include/c++/12.2.0/x86_64-pc-linux-gnu"
ignoring duplicate directory "/usr/lib64/gcc/x86_64-pc-linux-gnu/12.2.0/../../../../include/c++/12.2.0/backward"
ignoring duplicate directory "/opt/intel/oneapi/compiler/2022.2.0/linux/lib/clang/15.0.0/include"
ignoring duplicate directory "/usr/local/include"
ignoring duplicate directory "/usr/include"
#include "..." search starts here:
 /usr/share/cmake/Modules
#include <...> search starts here:
 /opt/intel/oneapi/vpl/2022.2.0/include
 /opt/intel/oneapi/tbb/2021.7.0/env/../include
 /opt/intel/oneapi/mpi/2021.7.0//include
 /opt/intel/oneapi/mkl/2022.2.0/include
 /opt/intel/oneapi/ipp/2021.6.1/include
 /opt/intel/oneapi/ippcp/2021.6.1/include
 /opt/intel/oneapi/dpl/2021.7.1/linux/include
 /opt/intel/oneapi/dpcpp-ct/2022.2.0/include
 /opt/intel/oneapi/dnnl/2022.2.0/cpu_dpcpp_gpu_dpcpp/include
 /opt/intel/oneapi/dev-utilities/2021.7.0/include
 /opt/intel/oneapi/dal/2021.7.0/include
 /opt/intel/oneapi/ccl/2021.7.0/include/cpu_gpu_dpcpp
 /opt/intel/oneapi/compiler/2022.2.0/linux/bin-llvm/../include/sycl
 /opt/intel/oneapi/compiler/2022.2.0/linux/bin-llvm/../include
 /opt/intel/oneapi/compiler/2022.2.0/linux/bin-llvm/../compiler/include
 /usr/lib64/gcc/x86_64-pc-linux-gnu/12.2.0/../../../../include/c++/12.2.0
 /usr/lib64/gcc/x86_64-pc-linux-gnu/12.2.0/../../../../include/c++/12.2.0/x86_64-pc-linux-gnu
 /usr/lib64/gcc/x86_64-pc-linux-gnu/12.2.0/../../../../include/c++/12.2.0/backward
 /opt/intel/oneapi/compiler/2022.2.0/linux/lib/clang/15.0.0/include
 /usr/local/include
 /usr/include
End of search list.
 "/opt/intel/oneapi/compiler/2022.2.0/linux/bin-llvm/clang-offload-bundler" -type=o -targets=sycl-spir64-unknown-unknown,host-x86_64-unknown-linux-gnu -output=CMakeFiles/cmTC_250e6.dir/CMakeCXXCompilerABI.cpp.o -input=/tmp/CMakeCXXCompilerABI-c9c1f6.bc -input=/tmp/CMakeCXXCompilerABI-b6dc8f.o
[2/2] Linking CXX executable cmTC_250e6
Intel(R) oneAPI DPC++/C++ Compiler 2022.2.0 (2022.2.0.20220730)
Target: x86_64-unknown-linux-gnu
Thread model: posix
InstalledDir: /opt/intel/oneapi/compiler/2022.2.0/linux/bin-llvm
Found candidate GCC installation: /usr/lib/gcc/x86_64-pc-linux-gnu/12.2.0
Found candidate GCC installation: /usr/lib64/gcc/x86_64-pc-linux-gnu/12.2.0
Selected GCC installation: /usr/lib64/gcc/x86_64-pc-linux-gnu/12.2.0
Candidate multilib: .;@m64
Candidate multilib: 32;@m32
Selected multilib: .;@m64
 "/opt/intel/oneapi/compiler/2022.2.0/linux/bin-llvm/clang-offload-bundler" -type=o -targets=host-x86_64-unknown-linux-gnu,sycl-spir64-unknown-unknown -input=CMakeFiles/cmTC_250e6.dir/CMakeCXXCompilerABI.cpp.o -output=/tmp/CMakeCXXCompilerABI-2442a3.o -output=/tmp/CMakeCXXCompilerABI-7ae4ef.o -unbundle -allow-missing-bundles
 "/opt/intel/oneapi/compiler/2022.2.0/linux/bin-llvm/spirv-to-ir-wrapper" /tmp/CMakeCXXCompilerABI-7ae4ef.o -o /tmp/CMakeCXXCompilerABI-8b780f.bc
 "/opt/intel/oneapi/compiler/2022.2.0/linux/bin-llvm/llvm-link" /tmp/CMakeCXXCompilerABI-8b780f.bc -o /tmp/CMakeCXXCompilerABI-056de8.bc --suppress-warnings
 "/opt/intel/oneapi/compiler/2022.2.0/linux/bin-llvm/clang-offload-bundler" -type=o -targets=sycl-spir64-unknown-unknown -input=/opt/intel/oneapi/compiler/2022.2.0/linux/bin-llvm/../lib/libsycl-crt.o -output=/tmp/libsycl-crt-09653e.o -unbundle -allow-missing-bundles
 "/opt/intel/oneapi/compiler/2022.2.0/linux/bin-llvm/clang-offload-bundler" -type=o -targets=sycl-spir64-unknown-unknown -input=/opt/intel/oneapi/compiler/2022.2.0/linux/bin-llvm/../lib/libsycl-complex.o -output=/tmp/libsycl-complex-56398d.o -unbundle -allow-missing-bundles
 "/opt/intel/oneapi/compiler/2022.2.0/linux/bin-llvm/clang-offload-bundler" -type=o -targets=sycl-spir64-unknown-unknown -input=/opt/intel/oneapi/compiler/2022.2.0/linux/bin-llvm/../lib/libsycl-complex-fp64.o -output=/tmp/libsycl-complex-fp64-cf7a35.o -unbundle -allow-missing-bundles
 "/opt/intel/oneapi/compiler/2022.2.0/linux/bin-llvm/clang-offload-bundler" -type=o -targets=sycl-spir64-unknown-unknown -input=/opt/intel/oneapi/compiler/2022.2.0/linux/bin-llvm/../lib/libsycl-cmath.o -output=/tmp/libsycl-cmath-9b0131.o -unbundle -allow-missing-bundles
 "/opt/intel/oneapi/compiler/2022.2.0/linux/bin-llvm/clang-offload-bundler" -type=o -targets=sycl-spir64-unknown-unknown -input=/opt/intel/oneapi/compiler/2022.2.0/linux/bin-llvm/../lib/libsycl-cmath-fp64.o -output=/tmp/libsycl-cmath-fp64-046615.o -unbundle -allow-missing-bundles
 "/opt/intel/oneapi/compiler/2022.2.0/linux/bin-llvm/clang-offload-bundler" -type=o -targets=sycl-spir64-unknown-unknown -input=/opt/intel/oneapi/compiler/2022.2.0/linux/bin-llvm/../lib/libsycl-imf.o -output=/tmp/libsycl-imf-e2e472.o -unbundle -allow-missing-bundles
 "/opt/intel/oneapi/compiler/2022.2.0/linux/bin-llvm/clang-offload-bundler" -type=o -targets=sycl-spir64-unknown-unknown -input=/opt/intel/oneapi/compiler/2022.2.0/linux/bin-llvm/../lib/libsycl-imf-fp64.o -output=/tmp/libsycl-imf-fp64-3c8650.o -unbundle -allow-missing-bundles
 "/opt/intel/oneapi/compiler/2022.2.0/linux/bin-llvm/clang-offload-bundler" -type=o -targets=sycl-spir64-unknown-unknown -input=/opt/intel/oneapi/compiler/2022.2.0/linux/bin-llvm/../lib/libsycl-fallback-cassert.o -output=/tmp/libsycl-fallback-cassert-320ac3.o -unbundle -allow-missing-bundles
 "/opt/intel/oneapi/compiler/2022.2.0/linux/bin-llvm/clang-offload-bundler" -type=o -targets=sycl-spir64-unknown-unknown -input=/opt/intel/oneapi/compiler/2022.2.0/linux/bin-llvm/../lib/libsycl-fallback-cstring.o -output=/tmp/libsycl-fallback-cstring-f6f072.o -unbundle -allow-missing-bundles
 "/opt/intel/oneapi/compiler/2022.2.0/linux/bin-llvm/clang-offload-bundler" -type=o -targets=sycl-spir64-unknown-unknown -input=/opt/intel/oneapi/compiler/2022.2.0/linux/bin-llvm/../lib/libsycl-fallback-complex.o -output=/tmp/libsycl-fallback-complex-1767d8.o -unbundle -allow-missing-bundles
 "/opt/intel/oneapi/compiler/2022.2.0/linux/bin-llvm/clang-offload-bundler" -type=o -targets=sycl-spir64-unknown-unknown -input=/opt/intel/oneapi/compiler/2022.2.0/linux/bin-llvm/../lib/libsycl-fallback-complex-fp64.o -output=/tmp/libsycl-fallback-complex-fp64-ccab01.o -unbundle -allow-missing-bundles
 "/opt/intel/oneapi/compiler/2022.2.0/linux/bin-llvm/clang-offload-bundler" -type=o -targets=sycl-spir64-unknown-unknown -input=/opt/intel/oneapi/compiler/2022.2.0/linux/bin-llvm/../lib/libsycl-fallback-cmath.o -output=/tmp/libsycl-fallback-cmath-d3e593.o -unbundle -allow-missing-bundles
 "/opt/intel/oneapi/compiler/2022.2.0/linux/bin-llvm/clang-offload-bundler" -type=o -targets=sycl-spir64-unknown-unknown -input=/opt/intel/oneapi/compiler/2022.2.0/linux/bin-llvm/../lib/libsycl-fallback-cmath-fp64.o -output=/tmp/libsycl-fallback-cmath-fp64-5c5562.o -unbundle -allow-missing-bundles
 "/opt/intel/oneapi/compiler/2022.2.0/linux/bin-llvm/clang-offload-bundler" -type=o -targets=sycl-spir64-unknown-unknown -input=/opt/intel/oneapi/compiler/2022.2.0/linux/bin-llvm/../lib/libsycl-fallback-imf.o -output=/tmp/libsycl-fallback-imf-96886f.o -unbundle -allow-missing-bundles
 "/opt/intel/oneapi/compiler/2022.2.0/linux/bin-llvm/clang-offload-bundler" -type=o -targets=sycl-spir64-unknown-unknown -input=/opt/intel/oneapi/compiler/2022.2.0/linux/bin-llvm/../lib/libsycl-fallback-imf-fp64.o -output=/tmp/libsycl-fallback-imf-fp64-a761e3.o -unbundle -allow-missing-bundles
 "/opt/intel/oneapi/compiler/2022.2.0/linux/bin-llvm/clang-offload-bundler" -type=o -targets=sycl-spir64-unknown-unknown -input=/opt/intel/oneapi/compiler/2022.2.0/linux/bin-llvm/../lib/libsycl-itt-user-wrappers.o -output=/tmp/libsycl-itt-user-wrappers-9bf360.o -unbundle -allow-missing-bundles
 "/opt/intel/oneapi/compiler/2022.2.0/linux/bin-llvm/clang-offload-bundler" -type=o -targets=sycl-spir64-unknown-unknown -input=/opt/intel/oneapi/compiler/2022.2.0/linux/bin-llvm/../lib/libsycl-itt-compiler-wrappers.o -output=/tmp/libsycl-itt-compiler-wrappers-43328d.o -unbundle -allow-missing-bundles
 "/opt/intel/oneapi/compiler/2022.2.0/linux/bin-llvm/clang-offload-bundler" -type=o -targets=sycl-spir64-unknown-unknown -input=/opt/intel/oneapi/compiler/2022.2.0/linux/bin-llvm/../lib/libsycl-itt-stubs.o -output=/tmp/libsycl-itt-stubs-6d9b30.o -unbundle -allow-missing-bundles
 "/opt/intel/oneapi/compiler/2022.2.0/linux/bin-llvm/llvm-link" -only-needed /tmp/CMakeCXXCompilerABI-056de8.bc /tmp/libsycl-crt-09653e.o /tmp/libsycl-complex-56398d.o /tmp/libsycl-complex-fp64-cf7a35.o /tmp/libsycl-cmath-9b0131.o /tmp/libsycl-cmath-fp64-046615.o /tmp/libsycl-imf-e2e472.o /tmp/libsycl-imf-fp64-3c8650.o /tmp/libsycl-fallback-cassert-320ac3.o /tmp/libsycl-fallback-cstring-f6f072.o /tmp/libsycl-fallback-complex-1767d8.o /tmp/libsycl-fallback-complex-fp64-ccab01.o /tmp/libsycl-fallback-cmath-d3e593.o /tmp/libsycl-fallback-cmath-fp64-5c5562.o /tmp/libsycl-fallback-imf-96886f.o /tmp/libsycl-fallback-imf-fp64-a761e3.o /tmp/libsycl-itt-user-wrappers-9bf360.o /tmp/libsycl-itt-compiler-wrappers-43328d.o /tmp/libsycl-itt-stubs-6d9b30.o -o /tmp/CMakeCXXCompilerABI-dc654c.bc --suppress-warnings
 "/opt/intel/oneapi/compiler/2022.2.0/linux/bin/sycl-post-link" -split=auto -emit-param-info -symbols -emit-exported-symbols -split-esimd -lower-esimd -O2 -spec-const=rt -o /tmp/CMakeCXXCompilerABI-4e3af1.table /tmp/CMakeCXXCompilerABI-dc654c.bc
 "/opt/intel/oneapi/compiler/2022.2.0/linux/bin-llvm/file-table-tform" -extract=Code -drop_titles -o /tmp/CMakeCXXCompilerABI-e8cdb2.txt /tmp/CMakeCXXCompilerABI-4e3af1.table
 "/opt/intel/oneapi/compiler/2022.2.0/linux/bin-llvm/llvm-foreach" --in-file-list=/tmp/CMakeCXXCompilerABI-e8cdb2.txt --in-replace=/tmp/CMakeCXXCompilerABI-e8cdb2.txt --out-ext=spv --out-file-list=/tmp/CMakeCXXCompilerABI-d0512d.txt --out-replace=/tmp/CMakeCXXCompilerABI-d0512d.txt -- /opt/intel/oneapi/compiler/2022.2.0/linux/bin-llvm/llvm-spirv -o /tmp/CMakeCXXCompilerABI-d0512d.txt -spirv-max-version=1.3 -spirv-debug-info-version=ocl-100 -spirv-allow-extra-diexpressions -spirv-allow-unknown-intrinsics=llvm.genx. -spirv-ext=-all,+SPV_EXT_shader_atomic_float_add,+SPV_EXT_shader_atomic_float_min_max,+SPV_KHR_no_integer_wrap_decoration,+SPV_KHR_float_controls,+SPV_KHR_expect_assume,+SPV_KHR_linkonce_odr,+SPV_INTEL_subgroups,+SPV_INTEL_media_block_io,+SPV_INTEL_device_side_avc_motion_estimation,+SPV_INTEL_fpga_loop_controls,+SPV_INTEL_unstructured_loop_controls,+SPV_INTEL_fpga_reg,+SPV_INTEL_blocking_pipes,+SPV_INTEL_function_pointers,+SPV_INTEL_kernel_attributes,+SPV_INTEL_io_pipes,+SPV_INTEL_inline_assembly,+SPV_INTEL_arbitrary_precision_integers,+SPV_INTEL_float_controls2,+SPV_INTEL_vector_compute,+SPV_INTEL_fast_composite,+SPV_INTEL_joint_matrix,+SPV_INTEL_arbitrary_precision_fixed_point,+SPV_INTEL_arbitrary_precision_floating_point,+SPV_INTEL_variable_length_array,+SPV_INTEL_fp_fast_math_mode,+SPV_INTEL_long_constant_composite,+SPV_INTEL_arithmetic_fence,+SPV_INTEL_task_sequence,+SPV_INTEL_optnone,+SPV_INTEL_token_type,+SPV_INTEL_bfloat16_conversion,+SPV_INTEL_joint_matrix,+SPV_INTEL_hw_thread_queries,+SPV_INTEL_memory_access_aliasing,+SPV_KHR_uniform_group_instructions /tmp/CMakeCXXCompilerABI-e8cdb2.txt
 "/opt/intel/oneapi/compiler/2022.2.0/linux/bin-llvm/file-table-tform" -replace=Code,Code -o /tmp/CMakeCXXCompilerABI-e8b74e.table /tmp/CMakeCXXCompilerABI-4e3af1.table /tmp/CMakeCXXCompilerABI-d0512d.txt
 "/opt/intel/oneapi/compiler/2022.2.0/linux/bin-llvm/clang-offload-wrapper" -o=/tmp/wrapper-9bcc6c.bc -host=x86_64-unknown-linux-gnu -target=spir64 -kind=sycl -batch /tmp/CMakeCXXCompilerABI-e8b74e.table
 "/opt/intel/oneapi/compiler/2022.2.0/linux/bin-llvm/llc" -filetype=obj -o /tmp/cmTC_250e6-wrapper-71ad7e.o /tmp/wrapper-9bcc6c.bc
 "/usr/bin/ld" --eh-frame-hdr -m elf_x86_64 -dynamic-linker /lib64/ld-linux-x86-64.so.2 -o cmTC_250e6 /usr/lib64/gcc/x86_64-pc-linux-gnu/12.2.0/../../../../lib64/crt1.o /usr/lib64/gcc/x86_64-pc-linux-gnu/12.2.0/../../../../lib64/crti.o /usr/lib64/gcc/x86_64-pc-linux-gnu/12.2.0/crtbegin.o -L/opt/intel/oneapi/compiler/2022.2.0/linux/bin-llvm/../compiler/lib/intel64_lin -L/opt/intel/oneapi/compiler/2022.2.0/linux/bin-llvm/../lib -L/opt/intel/oneapi/compiler/2022.2.0/linux/bin-llvm/../compiler/lib/intel64_lin -L/usr/lib64/gcc/x86_64-pc-linux-gnu/12.2.0 -L/usr/lib64/gcc/x86_64-pc-linux-gnu/12.2.0/../../../../lib64 -L/lib/../lib64 -L/usr/lib/../lib64 -L/usr/lib64/gcc/x86_64-pc-linux-gnu/12.2.0/../../.. -L/opt/intel/oneapi/compiler/2022.2.0/linux/bin-llvm/../lib -L/lib -L/usr/lib -L/opt/intel/oneapi/vpl/2022.2.0/lib -L/opt/intel/oneapi/tbb/2021.7.0/env/../lib/intel64/gcc4.8 -L/opt/intel/oneapi/mpi/2021.7.0//libfabric/lib -L/opt/intel/oneapi/mpi/2021.7.0//lib/release -L/opt/intel/oneapi/mpi/2021.7.0//lib -L/opt/intel/oneapi/mkl/2022.2.0/lib/intel64 -L/opt/intel/oneapi/ipp/2021.6.1/lib/intel64 -L/opt/intel/oneapi/ippcp/2021.6.1/lib/intel64 -L/opt/intel/oneapi/ipp/2021.6.1/lib/intel64 -L/opt/intel/oneapi/dnnl/2022.2.0/cpu_dpcpp_gpu_dpcpp/lib -L/opt/intel/oneapi/dal/2021.7.0/lib/intel64 -L/opt/intel/oneapi/compiler/2022.2.0/linux/compiler/lib/intel64_lin -L/opt/intel/oneapi/compiler/2022.2.0/linux/lib -L/opt/intel/oneapi/ccl/2021.7.0/lib/cpu_gpu_dpcpp /tmp/CMakeCXXCompilerABI-2442a3.o /tmp/cmTC_250e6-wrapper-71ad7e.o -Bstatic -lsvml -Bdynamic -Bstatic -lirng -Bdynamic -lstdc++ -Bstatic -limf -Bdynamic -lm -lgcc_s -lgcc -Bstatic -lirc -Bdynamic -ldl -lgcc_s -lgcc -lsycl -lsycl-devicelib-host -lc -lgcc_s -lgcc -Bstatic -lirc_s -Bdynamic /usr/lib64/gcc/x86_64-pc-linux-gnu/12.2.0/crtend.o /usr/lib64/gcc/x86_64-pc-linux-gnu/12.2.0/../../../../lib64/crtn.o



Parsed CXX implicit include dir info from above output: rv=done
  found start of include info
  found start of implicit include info
    add: [/opt/intel/oneapi/vpl/2022.2.0/include]
    add: [/opt/intel/oneapi/tbb/2021.7.0/env/../include]
    add: [/opt/intel/oneapi/mpi/2021.7.0//include]
    add: [/opt/intel/oneapi/mkl/2022.2.0/include]
    add: [/opt/intel/oneapi/ipp/2021.6.1/include]
    add: [/opt/intel/oneapi/ippcp/2021.6.1/include]
    add: [/opt/intel/oneapi/dpl/2021.7.1/linux/include]
    add: [/opt/intel/oneapi/dpcpp-ct/2022.2.0/include]
    add: [/opt/intel/oneapi/dnnl/2022.2.0/cpu_dpcpp_gpu_dpcpp/include]
    add: [/opt/intel/oneapi/dev-utilities/2021.7.0/include]
    add: [/opt/intel/oneapi/dal/2021.7.0/include]
    add: [/opt/intel/oneapi/ccl/2021.7.0/include/cpu_gpu_dpcpp]
    add: [/opt/intel/oneapi/compiler/2022.2.0/linux/bin-llvm/../include/sycl]
    add: [/opt/intel/oneapi/compiler/2022.2.0/linux/bin-llvm/../include]
    add: [/opt/intel/oneapi/compiler/2022.2.0/linux/bin-llvm/../compiler/include]
    add: [/usr/lib64/gcc/x86_64-pc-linux-gnu/12.2.0/../../../../include/c++/12.2.0]
    add: [/usr/lib64/gcc/x86_64-pc-linux-gnu/12.2.0/../../../../include/c++/12.2.0/x86_64-pc-linux-gnu]
    add: [/usr/lib64/gcc/x86_64-pc-linux-gnu/12.2.0/../../../../include/c++/12.2.0/backward]
    add: [/opt/intel/oneapi/compiler/2022.2.0/linux/lib/clang/15.0.0/include]
    add: [/usr/local/include]
    add: [/usr/include]
  end of search list found
  collapse include dir [/opt/intel/oneapi/vpl/2022.2.0/include] ==> [/opt/intel/oneapi/vpl/2022.2.0/include]
  collapse include dir [/opt/intel/oneapi/tbb/2021.7.0/env/../include] ==> [/opt/intel/oneapi/tbb/2021.7.0/include]
  collapse include dir [/opt/intel/oneapi/mpi/2021.7.0//include] ==> [/opt/intel/oneapi/mpi/2021.7.0/include]
  collapse include dir [/opt/intel/oneapi/mkl/2022.2.0/include] ==> [/opt/intel/oneapi/mkl/2022.2.0/include]
  collapse include dir [/opt/intel/oneapi/ipp/2021.6.1/include] ==> [/opt/intel/oneapi/ipp/2021.6.1/include]
  collapse include dir [/opt/intel/oneapi/ippcp/2021.6.1/include] ==> [/opt/intel/oneapi/ippcp/2021.6.1/include]
  collapse include dir [/opt/intel/oneapi/dpl/2021.7.1/linux/include] ==> [/opt/intel/oneapi/dpl/2021.7.1/linux/include]
  collapse include dir [/opt/intel/oneapi/dpcpp-ct/2022.2.0/include] ==> [/opt/intel/oneapi/dpcpp-ct/2022.2.0/include]
  collapse include dir [/opt/intel/oneapi/dnnl/2022.2.0/cpu_dpcpp_gpu_dpcpp/include] ==> [/opt/intel/oneapi/dnnl/2022.2.0/cpu_dpcpp_gpu_dpcpp/include]
  collapse include dir [/opt/intel/oneapi/dev-utilities/2021.7.0/include] ==> [/opt/intel/oneapi/dev-utilities/2021.7.0/include]
  collapse include dir [/opt/intel/oneapi/dal/2021.7.0/include] ==> [/opt/intel/oneapi/dal/2021.7.0/include]
  collapse include dir [/opt/intel/oneapi/ccl/2021.7.0/include/cpu_gpu_dpcpp] ==> [/opt/intel/oneapi/ccl/2021.7.0/include/cpu_gpu_dpcpp]
  collapse include dir [/opt/intel/oneapi/compiler/2022.2.0/linux/bin-llvm/../include/sycl] ==> [/opt/intel/oneapi/compiler/2022.2.0/linux/include/sycl]
  collapse include dir [/opt/intel/oneapi/compiler/2022.2.0/linux/bin-llvm/../include] ==> [/opt/intel/oneapi/compiler/2022.2.0/linux/include]
  collapse include dir [/opt/intel/oneapi/compiler/2022.2.0/linux/bin-llvm/../compiler/include] ==> [/opt/intel/oneapi/compiler/2022.2.0/linux/compiler/include]
  collapse include dir [/usr/lib64/gcc/x86_64-pc-linux-gnu/12.2.0/../../../../include/c++/12.2.0] ==> [/usr/include/c++/12.2.0]
  collapse include dir [/usr/lib64/gcc/x86_64-pc-linux-gnu/12.2.0/../../../../include/c++/12.2.0/x86_64-pc-linux-gnu] ==> [/usr/include/c++/12.2.0/x86_64-pc-linux-gnu]
  collapse include dir [/usr/lib64/gcc/x86_64-pc-linux-gnu/12.2.0/../../../../include/c++/12.2.0/backward] ==> [/usr/include/c++/12.2.0/backward]
  collapse include dir [/opt/intel/oneapi/compiler/2022.2.0/linux/lib/clang/15.0.0/include] ==> [/opt/intel/oneapi/compiler/2022.2.0/linux/lib/clang/15.0.0/include]
  collapse include dir [/usr/local/include] ==> [/usr/local/include]
  collapse include dir [/usr/include] ==> [/usr/include]
  implicit include dirs: [/opt/intel/oneapi/vpl/2022.2.0/include;/opt/intel/oneapi/tbb/2021.7.0/include;/opt/intel/oneapi/mpi/2021.7.0/include;/opt/intel/oneapi/mkl/2022.2.0/include;/opt/intel/oneapi/ipp/2021.6.1/include;/opt/intel/oneapi/ippcp/2021.6.1/include;/opt/intel/oneapi/dpl/2021.7.1/linux/include;/opt/intel/oneapi/dpcpp-ct/2022.2.0/include;/opt/intel/oneapi/dnnl/2022.2.0/cpu_dpcpp_gpu_dpcpp/include;/opt/intel/oneapi/dev-utilities/2021.7.0/include;/opt/intel/oneapi/dal/2021.7.0/include;/opt/intel/oneapi/ccl/2021.7.0/include/cpu_gpu_dpcpp;/opt/intel/oneapi/compiler/2022.2.0/linux/include/sycl;/opt/intel/oneapi/compiler/2022.2.0/linux/include;/opt/intel/oneapi/compiler/2022.2.0/linux/compiler/include;/usr/include/c++/12.2.0;/usr/include/c++/12.2.0/x86_64-pc-linux-gnu;/usr/include/c++/12.2.0/backward;/opt/intel/oneapi/compiler/2022.2.0/linux/lib/clang/15.0.0/include;/usr/local/include;/usr/include]


Parsed CXX implicit link information from above output:
  link line regex: [^( *|.*[/\])(ld|CMAKE_LINK_STARTFILE-NOTFOUND|([^/\]+-)?ld|collect2)[^/\]*( |$)]
  ignore line: [Change Dir: /home/man/Documents/Bernoulli_MC/array-transform/build/CMakeFiles/CMakeTmp]
  ignore line: []
  ignore line: [Run Build Command(s):/usr/bin/ninja cmTC_250e6 && [1/2] Building CXX object CMakeFiles/cmTC_250e6.dir/CMakeCXXCompilerABI.cpp.o]
  ignore line: [Intel(R) oneAPI DPC++/C++ Compiler 2022.2.0 (2022.2.0.20220730)]
  ignore line: [Target: x86_64-unknown-linux-gnu]
  ignore line: [Thread model: posix]
  ignore line: [InstalledDir: /opt/intel/oneapi/compiler/2022.2.0/linux/bin-llvm]
  ignore line: [Found candidate GCC installation: /usr/lib/gcc/x86_64-pc-linux-gnu/12.2.0]
  ignore line: [Found candidate GCC installation: /usr/lib64/gcc/x86_64-pc-linux-gnu/12.2.0]
  ignore line: [Selected GCC installation: /usr/lib64/gcc/x86_64-pc-linux-gnu/12.2.0]
  ignore line: [Candidate multilib: .]
  ignore line: [@m64]
  ignore line: [Candidate multilib: 32]
  ignore line: [@m32]
  ignore line: [Selected multilib: .]
  ignore line: [@m64]
  ignore line: [ "/opt/intel/oneapi/compiler/2022.2.0/linux/bin-llvm/clang++" -cc1 -triple x86_64-unknown-linux-gnu -sycl-std=2020 -fsycl-unnamed-lambda -fsycl-unique-prefix=56accba442771220 -include /tmp/CMakeCXXCompilerABI-header-f8be69.h -dependency-filter /tmp/CMakeCXXCompilerABI-header-f8be69.h -fsycl-enable-int-header-diags -fsycl-is-host -Eonly -disable-free -clear-ast-before-backend -disable-llvm-verifier -discard-value-names -main-file-name CMakeCXXCompilerABI.cpp -mrelocation-model static -fveclib=SVML -mframe-pointer=none -menable-no-infs -menable-no-nans -fapprox-func -menable-unsafe-fp-math -fno-signed-zeros -mreassociate -freciprocal-math -fdenormal-fp-math=preserve-sign preserve-sign -ffp-contract=fast -fno-rounding-math -ffast-math -ffinite-math-only -mconstructor-aliases -funwind-tables=2 -target-cpu x86-64 -mllvm -x86-enable-unaligned-vector-move=true -tune-cpu generic -debugger-tuning=gdb -v -fcoverage-compilation-dir=/home/man/Documents/Bernoulli_MC/array-transform/build/CMakeFiles/CMakeTmp -resource-dir /opt/intel/oneapi/compiler/2022.2.0/linux/lib/clang/15.0.0 -dependency-file CMakeFiles/cmTC_250e6.dir/CMakeCXXCompilerABI.cpp.o.d -MT CMakeFiles/cmTC_250e6.dir/CMakeCXXCompilerABI.cpp.o -sys-header-deps -internal-isystem /opt/intel/oneapi/compiler/2022.2.0/linux/bin-llvm/../include/sycl -internal-isystem /opt/intel/oneapi/compiler/2022.2.0/linux/bin-llvm/../include -I/opt/intel/oneapi/vpl/2022.2.0/include -I/opt/intel/oneapi/tbb/2021.7.0/env/../include -I/opt/intel/oneapi/mpi/2021.7.0//include -I/opt/intel/oneapi/mkl/2022.2.0/include -I/opt/intel/oneapi/ipp/2021.6.1/include -I/opt/intel/oneapi/ippcp/2021.6.1/include -I/opt/intel/oneapi/ipp/2021.6.1/include -I/opt/intel/oneapi/dpl/2021.7.1/linux/include -I/opt/intel/oneapi/dpcpp-ct/2022.2.0/include -I/opt/intel/oneapi/dnnl/2022.2.0/cpu_dpcpp_gpu_dpcpp/include -I/opt/intel/oneapi/dev-utilities/2021.7.0/include -I/opt/intel/oneapi/dal/2021.7.0/include -I/opt/intel/oneapi/ccl/2021.7.0/include/cpu_gpu_dpcpp -internal-isystem /opt/intel/oneapi/compiler/2022.2.0/linux/bin-llvm/../compiler/include -internal-isystem /usr/lib64/gcc/x86_64-pc-linux-gnu/12.2.0/../../../../include/c++/12.2.0 -internal-isystem /usr/lib64/gcc/x86_64-pc-linux-gnu/12.2.0/../../../../include/c++/12.2.0/x86_64-pc-linux-gnu -internal-isystem /usr/lib64/gcc/x86_64-pc-linux-gnu/12.2.0/../../../../include/c++/12.2.0/backward -internal-isystem /usr/lib64/gcc/x86_64-pc-linux-gnu/12.2.0/../../../../include/c++/12.2.0 -internal-isystem /usr/lib64/gcc/x86_64-pc-linux-gnu/12.2.0/../../../../include/c++/12.2.0/x86_64-pc-linux-gnu -internal-isystem /usr/lib64/gcc/x86_64-pc-linux-gnu/12.2.0/../../../../include/c++/12.2.0/backward -internal-isystem /opt/intel/oneapi/compiler/2022.2.0/linux/lib/clang/15.0.0/include -internal-isystem /usr/local/include -internal-isystem /usr/lib64/gcc/x86_64-pc-linux-gnu/12.2.0/../../../../x86_64-pc-linux-gnu/include -internal-externc-isystem /include -internal-externc-isystem /usr/include -internal-isystem /opt/intel/oneapi/compiler/2022.2.0/linux/lib/clang/15.0.0/include -internal-isystem /usr/local/include -internal-isystem /usr/lib64/gcc/x86_64-pc-linux-gnu/12.2.0/../../../../x86_64-pc-linux-gnu/include -internal-externc-isystem /include -internal-externc-isystem /usr/include -O2 -std=c++17 -fdeprecated-macro -fdebug-compilation-dir=/home/man/Documents/Bernoulli_MC/array-transform/build/CMakeFiles/CMakeTmp -ferror-limit 19 -fheinous-gnu-extensions -fgnuc-version=4.2.1 -fcxx-exceptions -fexceptions -vectorize-loops -vectorize-slp -D__GCC_HAVE_DWARF2_CFI_ASM=1 -fintel-compatibility -fintel-libirc-allowed -mllvm -disable-hir-generate-mkl-call -mllvm -loopopt=1 -floopopt-pipeline=light -mllvm -intel-abi-compatible=true -x c++ /usr/share/cmake/Modules/CMakeCXXCompilerABI.cpp]
  ignore line: [clang -cc1 version 15.0.0 based upon LLVM 15.0.0git default target x86_64-unknown-linux-gnu]
  ignore line: [ignoring nonexistent directory "/usr/lib64/gcc/x86_64-pc-linux-gnu/12.2.0/../../../../x86_64-pc-linux-gnu/include"]
  ignore line: [ignoring nonexistent directory "/include"]
  ignore line: [ignoring nonexistent directory "/usr/lib64/gcc/x86_64-pc-linux-gnu/12.2.0/../../../../x86_64-pc-linux-gnu/include"]
  ignore line: [ignoring nonexistent directory "/include"]
  ignore line: [ignoring duplicate directory "/opt/intel/oneapi/ipp/2021.6.1/include"]
  ignore line: [ignoring duplicate directory "/usr/lib64/gcc/x86_64-pc-linux-gnu/12.2.0/../../../../include/c++/12.2.0"]
  ignore line: [ignoring duplicate directory "/usr/lib64/gcc/x86_64-pc-linux-gnu/12.2.0/../../../../include/c++/12.2.0/x86_64-pc-linux-gnu"]
  ignore line: [ignoring duplicate directory "/usr/lib64/gcc/x86_64-pc-linux-gnu/12.2.0/../../../../include/c++/12.2.0/backward"]
  ignore line: [ignoring duplicate directory "/opt/intel/oneapi/compiler/2022.2.0/linux/lib/clang/15.0.0/include"]
  ignore line: [ignoring duplicate directory "/usr/local/include"]
  ignore line: [ignoring duplicate directory "/usr/include"]
  ignore line: [#include "..." search starts here:]
  ignore line: [#include <...> search starts here:]
  ignore line: [ /opt/intel/oneapi/vpl/2022.2.0/include]
  ignore line: [ /opt/intel/oneapi/tbb/2021.7.0/env/../include]
  ignore line: [ /opt/intel/oneapi/mpi/2021.7.0//include]
  ignore line: [ /opt/intel/oneapi/mkl/2022.2.0/include]
  ignore line: [ /opt/intel/oneapi/ipp/2021.6.1/include]
  ignore line: [ /opt/intel/oneapi/ippcp/2021.6.1/include]
  ignore line: [ /opt/intel/oneapi/dpl/2021.7.1/linux/include]
  ignore line: [ /opt/intel/oneapi/dpcpp-ct/2022.2.0/include]
  ignore line: [ /opt/intel/oneapi/dnnl/2022.2.0/cpu_dpcpp_gpu_dpcpp/include]
  ignore line: [ /opt/intel/oneapi/dev-utilities/2021.7.0/include]
  ignore line: [ /opt/intel/oneapi/dal/2021.7.0/include]
  ignore line: [ /opt/intel/oneapi/ccl/2021.7.0/include/cpu_gpu_dpcpp]
  ignore line: [ /opt/intel/oneapi/compiler/2022.2.0/linux/bin-llvm/../include/sycl]
  ignore line: [ /opt/intel/oneapi/compiler/2022.2.0/linux/bin-llvm/../include]
  ignore line: [ /opt/intel/oneapi/compiler/2022.2.0/linux/bin-llvm/../compiler/include]
  ignore line: [ /usr/lib64/gcc/x86_64-pc-linux-gnu/12.2.0/../../../../include/c++/12.2.0]
  ignore line: [ /usr/lib64/gcc/x86_64-pc-linux-gnu/12.2.0/../../../../include/c++/12.2.0/x86_64-pc-linux-gnu]
  ignore line: [ /usr/lib64/gcc/x86_64-pc-linux-gnu/12.2.0/../../../../include/c++/12.2.0/backward]
  ignore line: [ /opt/intel/oneapi/compiler/2022.2.0/linux/lib/clang/15.0.0/include]
  ignore line: [ /usr/local/include]
  ignore line: [ /usr/include]
  ignore line: [End of search list.]
  ignore line: [ "/opt/intel/oneapi/compiler/2022.2.0/linux/bin-llvm/clang++" -cc1 -triple spir64-unknown-unknown -aux-triple x86_64-unknown-linux-gnu -fsycl-is-device -fdeclare-spirv-builtins -mllvm -sycl-opt -fenable-sycl-dae -fsycl-instrument-device-code -Wno-sycl-strict -fsycl-int-header=/tmp/CMakeCXXCompilerABI-header-f8be69.h -fsycl-int-footer=/tmp/CMakeCXXCompilerABI-footer-df43d1.h -sycl-std=2020 -fsycl-unnamed-lambda -fsycl-unique-prefix=56accba442771220 -Wspir-compat -emit-llvm-bc -emit-llvm-uselists -disable-free -clear-ast-before-backend -disable-llvm-verifier -discard-value-names -main-file-name CMakeCXXCompilerABI.cpp -mrelocation-model static -fveclib=SVML -mframe-pointer=all -menable-no-infs -menable-no-nans -fapprox-func -menable-unsafe-fp-math -fno-signed-zeros -mreassociate -freciprocal-math -fdenormal-fp-math=preserve-sign preserve-sign -ffp-contract=fast -fno-rounding-math -ffast-math -ffinite-math-only -fno-verbose-asm -mconstructor-aliases -aux-target-cpu x86-64 -mllvm -treat-scalable-fixed-error-as-warning -debugger-tuning=gdb -v -resource-dir /opt/intel/oneapi/compiler/2022.2.0/linux/lib/clang/15.0.0 -dependency-file CMakeFiles/cmTC_250e6.dir/CMakeCXXCompilerABI.cpp.o.d -MT CMakeFiles/cmTC_250e6.dir/CMakeCXXCompilerABI.cpp.o -sys-header-deps -internal-isystem /opt/intel/oneapi/compiler/2022.2.0/linux/bin-llvm/../include/sycl -internal-isystem /opt/intel/oneapi/compiler/2022.2.0/linux/bin-llvm/../include -I/opt/intel/oneapi/vpl/2022.2.0/include -I/opt/intel/oneapi/tbb/2021.7.0/env/../include -I/opt/intel/oneapi/mpi/2021.7.0//include -I/opt/intel/oneapi/mkl/2022.2.0/include -I/opt/intel/oneapi/ipp/2021.6.1/include -I/opt/intel/oneapi/ippcp/2021.6.1/include -I/opt/intel/oneapi/ipp/2021.6.1/include -I/opt/intel/oneapi/dpl/2021.7.1/linux/include -I/opt/intel/oneapi/dpcpp-ct/2022.2.0/include -I/opt/intel/oneapi/dnnl/2022.2.0/cpu_dpcpp_gpu_dpcpp/include -I/opt/intel/oneapi/dev-utilities/2021.7.0/include -I/opt/intel/oneapi/dal/2021.7.0/include -I/opt/intel/oneapi/ccl/2021.7.0/include/cpu_gpu_dpcpp -internal-isystem /opt/intel/oneapi/compiler/2022.2.0/linux/bin-llvm/../compiler/include -internal-isystem /usr/lib64/gcc/x86_64-pc-linux-gnu/12.2.0/../../../../include/c++/12.2.0 -internal-isystem /usr/lib64/gcc/x86_64-pc-linux-gnu/12.2.0/../../../../include/c++/12.2.0/x86_64-pc-linux-gnu -internal-isystem /usr/lib64/gcc/x86_64-pc-linux-gnu/12.2.0/../../../../include/c++/12.2.0/backward -internal-isystem /usr/lib64/gcc/x86_64-pc-linux-gnu/12.2.0/../../../../include/c++/12.2.0 -internal-isystem /usr/lib64/gcc/x86_64-pc-linux-gnu/12.2.0/../../../../include/c++/12.2.0/x86_64-pc-linux-gnu -internal-isystem /usr/lib64/gcc/x86_64-pc-linux-gnu/12.2.0/../../../../include/c++/12.2.0/backward -internal-isystem /opt/intel/oneapi/compiler/2022.2.0/linux/lib/clang/15.0.0/include -internal-isystem /usr/local/include -internal-isystem /usr/lib64/gcc/x86_64-pc-linux-gnu/12.2.0/../../../../x86_64-pc-linux-gnu/include -internal-externc-isystem /include -internal-externc-isystem /usr/include -internal-isystem /opt/intel/oneapi/compiler/2022.2.0/linux/lib/clang/15.0.0/include -internal-isystem /usr/local/include -internal-isystem /usr/lib64/gcc/x86_64-pc-linux-gnu/12.2.0/../../../../x86_64-pc-linux-gnu/include -internal-externc-isystem /include -internal-externc-isystem /usr/include -O2 -std=c++17 -fdeprecated-macro -fdebug-compilation-dir=/home/man/Documents/Bernoulli_MC/array-transform/build/CMakeFiles/CMakeTmp -ferror-limit 19 -fheinous-gnu-extensions -fgnuc-version=4.2.1 -fcxx-exceptions -fexceptions -vectorize-loops -vectorize-slp -D__GCC_HAVE_DWARF2_CFI_ASM=1 -fintel-compatibility -fintel-compatibility-disable=FakeLoad -fintel-libirc-allowed -mllvm -disable-hir-generate-mkl-call -mllvm -intel-abi-compatible=true -o /tmp/CMakeCXXCompilerABI-c9c1f6.bc -x c++ /usr/share/cmake/Modules/CMakeCXXCompilerABI.cpp]
  ignore line: [clang -cc1 version 15.0.0 based upon LLVM 15.0.0git default target x86_64-unknown-linux-gnu]
  ignore line: [ignoring nonexistent directory "/usr/lib64/gcc/x86_64-pc-linux-gnu/12.2.0/../../../../x86_64-pc-linux-gnu/include"]
  ignore line: [ignoring nonexistent directory "/include"]
  ignore line: [ignoring nonexistent directory "/usr/lib64/gcc/x86_64-pc-linux-gnu/12.2.0/../../../../x86_64-pc-linux-gnu/include"]
  ignore line: [ignoring nonexistent directory "/include"]
  ignore line: [ignoring duplicate directory "/opt/intel/oneapi/ipp/2021.6.1/include"]
  ignore line: [ignoring duplicate directory "/usr/lib64/gcc/x86_64-pc-linux-gnu/12.2.0/../../../../include/c++/12.2.0"]
  ignore line: [ignoring duplicate directory "/usr/lib64/gcc/x86_64-pc-linux-gnu/12.2.0/../../../../include/c++/12.2.0/x86_64-pc-linux-gnu"]
  ignore line: [ignoring duplicate directory "/usr/lib64/gcc/x86_64-pc-linux-gnu/12.2.0/../../../../include/c++/12.2.0/backward"]
  ignore line: [ignoring duplicate directory "/opt/intel/oneapi/compiler/2022.2.0/linux/lib/clang/15.0.0/include"]
  ignore line: [ignoring duplicate directory "/usr/local/include"]
  ignore line: [ignoring duplicate directory "/usr/include"]
  ignore line: [ignoring duplicate directory "/usr/local/include"]
  ignore line: [ignoring duplicate directory "/opt/intel/oneapi/compiler/2022.2.0/linux/lib/clang/15.0.0/include"]
  ignore line: [ignoring duplicate directory "/usr/include"]
  ignore line: [#include "..." search starts here:]
  ignore line: [#include <...> search starts here:]
  ignore line: [ /opt/intel/oneapi/vpl/2022.2.0/include]
  ignore line: [ /opt/intel/oneapi/tbb/2021.7.0/env/../include]
  ignore line: [ /opt/intel/oneapi/mpi/2021.7.0//include]
  ignore line: [ /opt/intel/oneapi/mkl/2022.2.0/include]
  ignore line: [ /opt/intel/oneapi/ipp/2021.6.1/include]
  ignore line: [ /opt/intel/oneapi/ippcp/2021.6.1/include]
  ignore line: [ /opt/intel/oneapi/dpl/2021.7.1/linux/include]
  ignore line: [ /opt/intel/oneapi/dpcpp-ct/2022.2.0/include]
  ignore line: [ /opt/intel/oneapi/dnnl/2022.2.0/cpu_dpcpp_gpu_dpcpp/include]
  ignore line: [ /opt/intel/oneapi/dev-utilities/2021.7.0/include]
  ignore line: [ /opt/intel/oneapi/dal/2021.7.0/include]
  ignore line: [ /opt/intel/oneapi/ccl/2021.7.0/include/cpu_gpu_dpcpp]
  ignore line: [ /opt/intel/oneapi/compiler/2022.2.0/linux/bin-llvm/../include/sycl]
  ignore line: [ /opt/intel/oneapi/compiler/2022.2.0/linux/bin-llvm/../include]
  ignore line: [ /opt/intel/oneapi/compiler/2022.2.0/linux/bin-llvm/../compiler/include]
  ignore line: [ /usr/lib64/gcc/x86_64-pc-linux-gnu/12.2.0/../../../../include/c++/12.2.0]
  ignore line: [ /usr/lib64/gcc/x86_64-pc-linux-gnu/12.2.0/../../../../include/c++/12.2.0/x86_64-pc-linux-gnu]
  ignore line: [ /usr/lib64/gcc/x86_64-pc-linux-gnu/12.2.0/../../../../include/c++/12.2.0/backward]
  ignore line: [ /opt/intel/oneapi/compiler/2022.2.0/linux/lib/clang/15.0.0/include]
  ignore line: [ /usr/local/include]
  ignore line: [ /usr/include]
  ignore line: [End of search list.]
  ignore line: [ "/opt/intel/oneapi/compiler/2022.2.0/linux/bin-llvm/append-file" /usr/share/cmake/Modules/CMakeCXXCompilerABI.cpp --append=/tmp/CMakeCXXCompilerABI-footer-df43d1.h --orig-filename=/usr/share/cmake/Modules/CMakeCXXCompilerABI.cpp --output=/tmp/CMakeCXXCompilerABI-eb28f6.cpp --use-include]
  ignore line: [ "/opt/intel/oneapi/compiler/2022.2.0/linux/bin-llvm/clang++" -cc1 -triple x86_64-unknown-linux-gnu -sycl-std=2020 -fsycl-unnamed-lambda -fsycl-unique-prefix=56accba442771220 -include /tmp/CMakeCXXCompilerABI-header-f8be69.h -dependency-filter /tmp/CMakeCXXCompilerABI-header-f8be69.h -fsycl-enable-int-header-diags -fsycl-is-host -emit-obj --mrelax-relocations -disable-free -clear-ast-before-backend -disable-llvm-verifier -discard-value-names -main-file-name CMakeCXXCompilerABI.cpp -mrelocation-model static -fveclib=SVML -mframe-pointer=none -menable-no-infs -menable-no-nans -fapprox-func -menable-unsafe-fp-math -fno-signed-zeros -mreassociate -freciprocal-math -fdenormal-fp-math=preserve-sign preserve-sign -ffp-contract=fast -fno-rounding-math -ffast-math -ffinite-math-only -mconstructor-aliases -funwind-tables=2 -target-cpu x86-64 -mllvm -x86-enable-unaligned-vector-move=true -tune-cpu generic -mllvm -treat-scalable-fixed-error-as-warning -debugger-tuning=gdb -v -fcoverage-compilation-dir=/home/man/Documents/Bernoulli_MC/array-transform/build/CMakeFiles/CMakeTmp -resource-dir /opt/intel/oneapi/compiler/2022.2.0/linux/lib/clang/15.0.0 -internal-isystem /opt/intel/oneapi/compiler/2022.2.0/linux/bin-llvm/../include/sycl -internal-isystem /opt/intel/oneapi/compiler/2022.2.0/linux/bin-llvm/../include -iquote /usr/share/cmake/Modules -I/opt/intel/oneapi/vpl/2022.2.0/include -I/opt/intel/oneapi/tbb/2021.7.0/env/../include -I/opt/intel/oneapi/mpi/2021.7.0//include -I/opt/intel/oneapi/mkl/2022.2.0/include -I/opt/intel/oneapi/ipp/2021.6.1/include -I/opt/intel/oneapi/ippcp/2021.6.1/include -I/opt/intel/oneapi/ipp/2021.6.1/include -I/opt/intel/oneapi/dpl/2021.7.1/linux/include -I/opt/intel/oneapi/dpcpp-ct/2022.2.0/include -I/opt/intel/oneapi/dnnl/2022.2.0/cpu_dpcpp_gpu_dpcpp/include -I/opt/intel/oneapi/dev-utilities/2021.7.0/include -I/opt/intel/oneapi/dal/2021.7.0/include -I/opt/intel/oneapi/ccl/2021.7.0/include/cpu_gpu_dpcpp -internal-isystem /opt/intel/oneapi/compiler/2022.2.0/linux/bin-llvm/../compiler/include -internal-isystem /usr/lib64/gcc/x86_64-pc-linux-gnu/12.2.0/../../../../include/c++/12.2.0 -internal-isystem /usr/lib64/gcc/x86_64-pc-linux-gnu/12.2.0/../../../../include/c++/12.2.0/x86_64-pc-linux-gnu -internal-isystem /usr/lib64/gcc/x86_64-pc-linux-gnu/12.2.0/../../../../include/c++/12.2.0/backward -internal-isystem /usr/lib64/gcc/x86_64-pc-linux-gnu/12.2.0/../../../../include/c++/12.2.0 -internal-isystem /usr/lib64/gcc/x86_64-pc-linux-gnu/12.2.0/../../../../include/c++/12.2.0/x86_64-pc-linux-gnu -internal-isystem /usr/lib64/gcc/x86_64-pc-linux-gnu/12.2.0/../../../../include/c++/12.2.0/backward -internal-isystem /opt/intel/oneapi/compiler/2022.2.0/linux/lib/clang/15.0.0/include -internal-isystem /usr/local/include -internal-isystem /usr/lib64/gcc/x86_64-pc-linux-gnu/12.2.0/../../../../x86_64-pc-linux-gnu/include -internal-externc-isystem /include -internal-externc-isystem /usr/include -internal-isystem /opt/intel/oneapi/compiler/2022.2.0/linux/lib/clang/15.0.0/include -internal-isystem /usr/local/include -internal-isystem /usr/lib64/gcc/x86_64-pc-linux-gnu/12.2.0/../../../../x86_64-pc-linux-gnu/include -internal-externc-isystem /include -internal-externc-isystem /usr/include -O2 -std=c++17 -fdeprecated-macro -fdebug-compilation-dir=/home/man/Documents/Bernoulli_MC/array-transform/build/CMakeFiles/CMakeTmp -ferror-limit 19 -fheinous-gnu-extensions -fgnuc-version=4.2.1 -fcxx-exceptions -fexceptions -vectorize-loops -vectorize-slp -D__GCC_HAVE_DWARF2_CFI_ASM=1 -fintel-compatibility -fintel-libirc-allowed -mllvm -disable-hir-generate-mkl-call -mllvm -loopopt=1 -floopopt-pipeline=light -mllvm -intel-abi-compatible=true -o /tmp/CMakeCXXCompilerABI-b6dc8f.o -x c++ /tmp/CMakeCXXCompilerABI-eb28f6.cpp]
  ignore line: [clang -cc1 version 15.0.0 based upon LLVM 15.0.0git default target x86_64-unknown-linux-gnu]
  ignore line: [ignoring nonexistent directory "/usr/lib64/gcc/x86_64-pc-linux-gnu/12.2.0/../../../../x86_64-pc-linux-gnu/include"]
  ignore line: [ignoring nonexistent directory "/include"]
  ignore line: [ignoring nonexistent directory "/usr/lib64/gcc/x86_64-pc-linux-gnu/12.2.0/../../../../x86_64-pc-linux-gnu/include"]
  ignore line: [ignoring nonexistent directory "/include"]
  ignore line: [ignoring duplicate directory "/opt/intel/oneapi/ipp/2021.6.1/include"]
  ignore line: [ignoring duplicate directory "/usr/lib64/gcc/x86_64-pc-linux-gnu/12.2.0/../../../../include/c++/12.2.0"]
  ignore line: [ignoring duplicate directory "/usr/lib64/gcc/x86_64-pc-linux-gnu/12.2.0/../../../../include/c++/12.2.0/x86_64-pc-linux-gnu"]
  ignore line: [ignoring duplicate directory "/usr/lib64/gcc/x86_64-pc-linux-gnu/12.2.0/../../../../include/c++/12.2.0/backward"]
  ignore line: [ignoring duplicate directory "/opt/intel/oneapi/compiler/2022.2.0/linux/lib/clang/15.0.0/include"]
  ignore line: [ignoring duplicate directory "/usr/local/include"]
  ignore line: [ignoring duplicate directory "/usr/include"]
  ignore line: [#include "..." search starts here:]
  ignore line: [ /usr/share/cmake/Modules]
  ignore line: [#include <...> search starts here:]
  ignore line: [ /opt/intel/oneapi/vpl/2022.2.0/include]
  ignore line: [ /opt/intel/oneapi/tbb/2021.7.0/env/../include]
  ignore line: [ /opt/intel/oneapi/mpi/2021.7.0//include]
  ignore line: [ /opt/intel/oneapi/mkl/2022.2.0/include]
  ignore line: [ /opt/intel/oneapi/ipp/2021.6.1/include]
  ignore line: [ /opt/intel/oneapi/ippcp/2021.6.1/include]
  ignore line: [ /opt/intel/oneapi/dpl/2021.7.1/linux/include]
  ignore line: [ /opt/intel/oneapi/dpcpp-ct/2022.2.0/include]
  ignore line: [ /opt/intel/oneapi/dnnl/2022.2.0/cpu_dpcpp_gpu_dpcpp/include]
  ignore line: [ /opt/intel/oneapi/dev-utilities/2021.7.0/include]
  ignore line: [ /opt/intel/oneapi/dal/2021.7.0/include]
  ignore line: [ /opt/intel/oneapi/ccl/2021.7.0/include/cpu_gpu_dpcpp]
  ignore line: [ /opt/intel/oneapi/compiler/2022.2.0/linux/bin-llvm/../include/sycl]
  ignore line: [ /opt/intel/oneapi/compiler/2022.2.0/linux/bin-llvm/../include]
  ignore line: [ /opt/intel/oneapi/compiler/2022.2.0/linux/bin-llvm/../compiler/include]
  ignore line: [ /usr/lib64/gcc/x86_64-pc-linux-gnu/12.2.0/../../../../include/c++/12.2.0]
  ignore line: [ /usr/lib64/gcc/x86_64-pc-linux-gnu/12.2.0/../../../../include/c++/12.2.0/x86_64-pc-linux-gnu]
  ignore line: [ /usr/lib64/gcc/x86_64-pc-linux-gnu/12.2.0/../../../../include/c++/12.2.0/backward]
  ignore line: [ /opt/intel/oneapi/compiler/2022.2.0/linux/lib/clang/15.0.0/include]
  ignore line: [ /usr/local/include]
  ignore line: [ /usr/include]
  ignore line: [End of search list.]
  ignore line: [ "/opt/intel/oneapi/compiler/2022.2.0/linux/bin-llvm/clang-offload-bundler" -type=o -targets=sycl-spir64-unknown-unknown host-x86_64-unknown-linux-gnu -output=CMakeFiles/cmTC_250e6.dir/CMakeCXXCompilerABI.cpp.o -input=/tmp/CMakeCXXCompilerABI-c9c1f6.bc -input=/tmp/CMakeCXXCompilerABI-b6dc8f.o]
  ignore line: [[2/2] Linking CXX executable cmTC_250e6]
  ignore line: [Intel(R) oneAPI DPC++/C++ Compiler 2022.2.0 (2022.2.0.20220730)]
  ignore line: [Target: x86_64-unknown-linux-gnu]
  ignore line: [Thread model: posix]
  ignore line: [InstalledDir: /opt/intel/oneapi/compiler/2022.2.0/linux/bin-llvm]
  ignore line: [Found candidate GCC installation: /usr/lib/gcc/x86_64-pc-linux-gnu/12.2.0]
  ignore line: [Found candidate GCC installation: /usr/lib64/gcc/x86_64-pc-linux-gnu/12.2.0]
  ignore line: [Selected GCC installation: /usr/lib64/gcc/x86_64-pc-linux-gnu/12.2.0]
  ignore line: [Candidate multilib: .]
  ignore line: [@m64]
  ignore line: [Candidate multilib: 32]
  ignore line: [@m32]
  ignore line: [Selected multilib: .]
  ignore line: [@m64]
  ignore line: [ "/opt/intel/oneapi/compiler/2022.2.0/linux/bin-llvm/clang-offload-bundler" -type=o -targets=host-x86_64-unknown-linux-gnu sycl-spir64-unknown-unknown -input=CMakeFiles/cmTC_250e6.dir/CMakeCXXCompilerABI.cpp.o -output=/tmp/CMakeCXXCompilerABI-2442a3.o -output=/tmp/CMakeCXXCompilerABI-7ae4ef.o -unbundle -allow-missing-bundles]
  ignore line: [ "/opt/intel/oneapi/compiler/2022.2.0/linux/bin-llvm/spirv-to-ir-wrapper" /tmp/CMakeCXXCompilerABI-7ae4ef.o -o /tmp/CMakeCXXCompilerABI-8b780f.bc]
  ignore line: [ "/opt/intel/oneapi/compiler/2022.2.0/linux/bin-llvm/llvm-link" /tmp/CMakeCXXCompilerABI-8b780f.bc -o /tmp/CMakeCXXCompilerABI-056de8.bc --suppress-warnings]
  ignore line: [ "/opt/intel/oneapi/compiler/2022.2.0/linux/bin-llvm/clang-offload-bundler" -type=o -targets=sycl-spir64-unknown-unknown -input=/opt/intel/oneapi/compiler/2022.2.0/linux/bin-llvm/../lib/libsycl-crt.o -output=/tmp/libsycl-crt-09653e.o -unbundle -allow-missing-bundles]
  ignore line: [ "/opt/intel/oneapi/compiler/2022.2.0/linux/bin-llvm/clang-offload-bundler" -type=o -targets=sycl-spir64-unknown-unknown -input=/opt/intel/oneapi/compiler/2022.2.0/linux/bin-llvm/../lib/libsycl-complex.o -output=/tmp/libsycl-complex-56398d.o -unbundle -allow-missing-bundles]
  ignore line: [ "/opt/intel/oneapi/compiler/2022.2.0/linux/bin-llvm/clang-offload-bundler" -type=o -targets=sycl-spir64-unknown-unknown -input=/opt/intel/oneapi/compiler/2022.2.0/linux/bin-llvm/../lib/libsycl-complex-fp64.o -output=/tmp/libsycl-complex-fp64-cf7a35.o -unbundle -allow-missing-bundles]
  ignore line: [ "/opt/intel/oneapi/compiler/2022.2.0/linux/bin-llvm/clang-offload-bundler" -type=o -targets=sycl-spir64-unknown-unknown -input=/opt/intel/oneapi/compiler/2022.2.0/linux/bin-llvm/../lib/libsycl-cmath.o -output=/tmp/libsycl-cmath-9b0131.o -unbundle -allow-missing-bundles]
  ignore line: [ "/opt/intel/oneapi/compiler/2022.2.0/linux/bin-llvm/clang-offload-bundler" -type=o -targets=sycl-spir64-unknown-unknown -input=/opt/intel/oneapi/compiler/2022.2.0/linux/bin-llvm/../lib/libsycl-cmath-fp64.o -output=/tmp/libsycl-cmath-fp64-046615.o -unbundle -allow-missing-bundles]
  ignore line: [ "/opt/intel/oneapi/compiler/2022.2.0/linux/bin-llvm/clang-offload-bundler" -type=o -targets=sycl-spir64-unknown-unknown -input=/opt/intel/oneapi/compiler/2022.2.0/linux/bin-llvm/../lib/libsycl-imf.o -output=/tmp/libsycl-imf-e2e472.o -unbundle -allow-missing-bundles]
  ignore line: [ "/opt/intel/oneapi/compiler/2022.2.0/linux/bin-llvm/clang-offload-bundler" -type=o -targets=sycl-spir64-unknown-unknown -input=/opt/intel/oneapi/compiler/2022.2.0/linux/bin-llvm/../lib/libsycl-imf-fp64.o -output=/tmp/libsycl-imf-fp64-3c8650.o -unbundle -allow-missing-bundles]
  ignore line: [ "/opt/intel/oneapi/compiler/2022.2.0/linux/bin-llvm/clang-offload-bundler" -type=o -targets=sycl-spir64-unknown-unknown -input=/opt/intel/oneapi/compiler/2022.2.0/linux/bin-llvm/../lib/libsycl-fallback-cassert.o -output=/tmp/libsycl-fallback-cassert-320ac3.o -unbundle -allow-missing-bundles]
  ignore line: [ "/opt/intel/oneapi/compiler/2022.2.0/linux/bin-llvm/clang-offload-bundler" -type=o -targets=sycl-spir64-unknown-unknown -input=/opt/intel/oneapi/compiler/2022.2.0/linux/bin-llvm/../lib/libsycl-fallback-cstring.o -output=/tmp/libsycl-fallback-cstring-f6f072.o -unbundle -allow-missing-bundles]
  ignore line: [ "/opt/intel/oneapi/compiler/2022.2.0/linux/bin-llvm/clang-offload-bundler" -type=o -targets=sycl-spir64-unknown-unknown -input=/opt/intel/oneapi/compiler/2022.2.0/linux/bin-llvm/../lib/libsycl-fallback-complex.o -output=/tmp/libsycl-fallback-complex-1767d8.o -unbundle -allow-missing-bundles]
  ignore line: [ "/opt/intel/oneapi/compiler/2022.2.0/linux/bin-llvm/clang-offload-bundler" -type=o -targets=sycl-spir64-unknown-unknown -input=/opt/intel/oneapi/compiler/2022.2.0/linux/bin-llvm/../lib/libsycl-fallback-complex-fp64.o -output=/tmp/libsycl-fallback-complex-fp64-ccab01.o -unbundle -allow-missing-bundles]
  ignore line: [ "/opt/intel/oneapi/compiler/2022.2.0/linux/bin-llvm/clang-offload-bundler" -type=o -targets=sycl-spir64-unknown-unknown -input=/opt/intel/oneapi/compiler/2022.2.0/linux/bin-llvm/../lib/libsycl-fallback-cmath.o -output=/tmp/libsycl-fallback-cmath-d3e593.o -unbundle -allow-missing-bundles]
  ignore line: [ "/opt/intel/oneapi/compiler/2022.2.0/linux/bin-llvm/clang-offload-bundler" -type=o -targets=sycl-spir64-unknown-unknown -input=/opt/intel/oneapi/compiler/2022.2.0/linux/bin-llvm/../lib/libsycl-fallback-cmath-fp64.o -output=/tmp/libsycl-fallback-cmath-fp64-5c5562.o -unbundle -allow-missing-bundles]
  ignore line: [ "/opt/intel/oneapi/compiler/2022.2.0/linux/bin-llvm/clang-offload-bundler" -type=o -targets=sycl-spir64-unknown-unknown -input=/opt/intel/oneapi/compiler/2022.2.0/linux/bin-llvm/../lib/libsycl-fallback-imf.o -output=/tmp/libsycl-fallback-imf-96886f.o -unbundle -allow-missing-bundles]
  ignore line: [ "/opt/intel/oneapi/compiler/2022.2.0/linux/bin-llvm/clang-offload-bundler" -type=o -targets=sycl-spir64-unknown-unknown -input=/opt/intel/oneapi/compiler/2022.2.0/linux/bin-llvm/../lib/libsycl-fallback-imf-fp64.o -output=/tmp/libsycl-fallback-imf-fp64-a761e3.o -unbundle -allow-missing-bundles]
  ignore line: [ "/opt/intel/oneapi/compiler/2022.2.0/linux/bin-llvm/clang-offload-bundler" -type=o -targets=sycl-spir64-unknown-unknown -input=/opt/intel/oneapi/compiler/2022.2.0/linux/bin-llvm/../lib/libsycl-itt-user-wrappers.o -output=/tmp/libsycl-itt-user-wrappers-9bf360.o -unbundle -allow-missing-bundles]
  ignore line: [ "/opt/intel/oneapi/compiler/2022.2.0/linux/bin-llvm/clang-offload-bundler" -type=o -targets=sycl-spir64-unknown-unknown -input=/opt/intel/oneapi/compiler/2022.2.0/linux/bin-llvm/../lib/libsycl-itt-compiler-wrappers.o -output=/tmp/libsycl-itt-compiler-wrappers-43328d.o -unbundle -allow-missing-bundles]
  ignore line: [ "/opt/intel/oneapi/compiler/2022.2.0/linux/bin-llvm/clang-offload-bundler" -type=o -targets=sycl-spir64-unknown-unknown -input=/opt/intel/oneapi/compiler/2022.2.0/linux/bin-llvm/../lib/libsycl-itt-stubs.o -output=/tmp/libsycl-itt-stubs-6d9b30.o -unbundle -allow-missing-bundles]
  ignore line: [ "/opt/intel/oneapi/compiler/2022.2.0/linux/bin-llvm/llvm-link" -only-needed /tmp/CMakeCXXCompilerABI-056de8.bc /tmp/libsycl-crt-09653e.o /tmp/libsycl-complex-56398d.o /tmp/libsycl-complex-fp64-cf7a35.o /tmp/libsycl-cmath-9b0131.o /tmp/libsycl-cmath-fp64-046615.o /tmp/libsycl-imf-e2e472.o /tmp/libsycl-imf-fp64-3c8650.o /tmp/libsycl-fallback-cassert-320ac3.o /tmp/libsycl-fallback-cstring-f6f072.o /tmp/libsycl-fallback-complex-1767d8.o /tmp/libsycl-fallback-complex-fp64-ccab01.o /tmp/libsycl-fallback-cmath-d3e593.o /tmp/libsycl-fallback-cmath-fp64-5c5562.o /tmp/libsycl-fallback-imf-96886f.o /tmp/libsycl-fallback-imf-fp64-a761e3.o /tmp/libsycl-itt-user-wrappers-9bf360.o /tmp/libsycl-itt-compiler-wrappers-43328d.o /tmp/libsycl-itt-stubs-6d9b30.o -o /tmp/CMakeCXXCompilerABI-dc654c.bc --suppress-warnings]
  ignore line: [ "/opt/intel/oneapi/compiler/2022.2.0/linux/bin/sycl-post-link" -split=auto -emit-param-info -symbols -emit-exported-symbols -split-esimd -lower-esimd -O2 -spec-const=rt -o /tmp/CMakeCXXCompilerABI-4e3af1.table /tmp/CMakeCXXCompilerABI-dc654c.bc]
  ignore line: [ "/opt/intel/oneapi/compiler/2022.2.0/linux/bin-llvm/file-table-tform" -extract=Code -drop_titles -o /tmp/CMakeCXXCompilerABI-e8cdb2.txt /tmp/CMakeCXXCompilerABI-4e3af1.table]
  ignore line: [ "/opt/intel/oneapi/compiler/2022.2.0/linux/bin-llvm/llvm-foreach" --in-file-list=/tmp/CMakeCXXCompilerABI-e8cdb2.txt --in-replace=/tmp/CMakeCXXCompilerABI-e8cdb2.txt --out-ext=spv --out-file-list=/tmp/CMakeCXXCompilerABI-d0512d.txt --out-replace=/tmp/CMakeCXXCompilerABI-d0512d.txt -- /opt/intel/oneapi/compiler/2022.2.0/linux/bin-llvm/llvm-spirv -o /tmp/CMakeCXXCompilerABI-d0512d.txt -spirv-max-version=1.3 -spirv-debug-info-version=ocl-100 -spirv-allow-extra-diexpressions -spirv-allow-unknown-intrinsics=llvm.genx. -spirv-ext=-all +SPV_EXT_shader_atomic_float_add +SPV_EXT_shader_atomic_float_min_max +SPV_KHR_no_integer_wrap_decoration +SPV_KHR_float_controls +SPV_KHR_expect_assume +SPV_KHR_linkonce_odr +SPV_INTEL_subgroups +SPV_INTEL_media_block_io +SPV_INTEL_device_side_avc_motion_estimation +SPV_INTEL_fpga_loop_controls +SPV_INTEL_unstructured_loop_controls +SPV_INTEL_fpga_reg +SPV_INTEL_blocking_pipes +SPV_INTEL_function_pointers +SPV_INTEL_kernel_attributes +SPV_INTEL_io_pipes +SPV_INTEL_inline_assembly +SPV_INTEL_arbitrary_precision_integers +SPV_INTEL_float_controls2 +SPV_INTEL_vector_compute +SPV_INTEL_fast_composite +SPV_INTEL_joint_matrix +SPV_INTEL_arbitrary_precision_fixed_point +SPV_INTEL_arbitrary_precision_floating_point +SPV_INTEL_variable_length_array +SPV_INTEL_fp_fast_math_mode +SPV_INTEL_long_constant_composite +SPV_INTEL_arithmetic_fence +SPV_INTEL_task_sequence +SPV_INTEL_optnone +SPV_INTEL_token_type +SPV_INTEL_bfloat16_conversion +SPV_INTEL_joint_matrix +SPV_INTEL_hw_thread_queries +SPV_INTEL_memory_access_aliasing +SPV_KHR_uniform_group_instructions /tmp/CMakeCXXCompilerABI-e8cdb2.txt]
  ignore line: [ "/opt/intel/oneapi/compiler/2022.2.0/linux/bin-llvm/file-table-tform" -replace=Code Code -o /tmp/CMakeCXXCompilerABI-e8b74e.table /tmp/CMakeCXXCompilerABI-4e3af1.table /tmp/CMakeCXXCompilerABI-d0512d.txt]
  ignore line: [ "/opt/intel/oneapi/compiler/2022.2.0/linux/bin-llvm/clang-offload-wrapper" -o=/tmp/wrapper-9bcc6c.bc -host=x86_64-unknown-linux-gnu -target=spir64 -kind=sycl -batch /tmp/CMakeCXXCompilerABI-e8b74e.table]
  ignore line: [ "/opt/intel/oneapi/compiler/2022.2.0/linux/bin-llvm/llc" -filetype=obj -o /tmp/cmTC_250e6-wrapper-71ad7e.o /tmp/wrapper-9bcc6c.bc]
  link line: [ "/usr/bin/ld" --eh-frame-hdr -m elf_x86_64 -dynamic-linker /lib64/ld-linux-x86-64.so.2 -o cmTC_250e6 /usr/lib64/gcc/x86_64-pc-linux-gnu/12.2.0/../../../../lib64/crt1.o /usr/lib64/gcc/x86_64-pc-linux-gnu/12.2.0/../../../../lib64/crti.o /usr/lib64/gcc/x86_64-pc-linux-gnu/12.2.0/crtbegin.o -L/opt/intel/oneapi/compiler/2022.2.0/linux/bin-llvm/../compiler/lib/intel64_lin -L/opt/intel/oneapi/compiler/2022.2.0/linux/bin-llvm/../lib -L/opt/intel/oneapi/compiler/2022.2.0/linux/bin-llvm/../compiler/lib/intel64_lin -L/usr/lib64/gcc/x86_64-pc-linux-gnu/12.2.0 -L/usr/lib64/gcc/x86_64-pc-linux-gnu/12.2.0/../../../../lib64 -L/lib/../lib64 -L/usr/lib/../lib64 -L/usr/lib64/gcc/x86_64-pc-linux-gnu/12.2.0/../../.. -L/opt/intel/oneapi/compiler/2022.2.0/linux/bin-llvm/../lib -L/lib -L/usr/lib -L/opt/intel/oneapi/vpl/2022.2.0/lib -L/opt/intel/oneapi/tbb/2021.7.0/env/../lib/intel64/gcc4.8 -L/opt/intel/oneapi/mpi/2021.7.0//libfabric/lib -L/opt/intel/oneapi/mpi/2021.7.0//lib/release -L/opt/intel/oneapi/mpi/2021.7.0//lib -L/opt/intel/oneapi/mkl/2022.2.0/lib/intel64 -L/opt/intel/oneapi/ipp/2021.6.1/lib/intel64 -L/opt/intel/oneapi/ippcp/2021.6.1/lib/intel64 -L/opt/intel/oneapi/ipp/2021.6.1/lib/intel64 -L/opt/intel/oneapi/dnnl/2022.2.0/cpu_dpcpp_gpu_dpcpp/lib -L/opt/intel/oneapi/dal/2021.7.0/lib/intel64 -L/opt/intel/oneapi/compiler/2022.2.0/linux/compiler/lib/intel64_lin -L/opt/intel/oneapi/compiler/2022.2.0/linux/lib -L/opt/intel/oneapi/ccl/2021.7.0/lib/cpu_gpu_dpcpp /tmp/CMakeCXXCompilerABI-2442a3.o /tmp/cmTC_250e6-wrapper-71ad7e.o -Bstatic -lsvml -Bdynamic -Bstatic -lirng -Bdynamic -lstdc++ -Bstatic -limf -Bdynamic -lm -lgcc_s -lgcc -Bstatic -lirc -Bdynamic -ldl -lgcc_s -lgcc -lsycl -lsycl-devicelib-host -lc -lgcc_s -lgcc -Bstatic -lirc_s -Bdynamic /usr/lib64/gcc/x86_64-pc-linux-gnu/12.2.0/crtend.o /usr/lib64/gcc/x86_64-pc-linux-gnu/12.2.0/../../../../lib64/crtn.o]
    arg [/usr/bin/ld] ==> ignore
    arg [--eh-frame-hdr] ==> ignore
    arg [-m] ==> ignore
    arg [elf_x86_64] ==> ignore
    arg [-dynamic-linker] ==> ignore
    arg [/lib64/ld-linux-x86-64.so.2] ==> ignore
    arg [-o] ==> ignore
    arg [cmTC_250e6] ==> ignore
    arg [/usr/lib64/gcc/x86_64-pc-linux-gnu/12.2.0/../../../../lib64/crt1.o] ==> obj [/usr/lib64/gcc/x86_64-pc-linux-gnu/12.2.0/../../../../lib64/crt1.o]
    arg [/usr/lib64/gcc/x86_64-pc-linux-gnu/12.2.0/../../../../lib64/crti.o] ==> obj [/usr/lib64/gcc/x86_64-pc-linux-gnu/12.2.0/../../../../lib64/crti.o]
    arg [/usr/lib64/gcc/x86_64-pc-linux-gnu/12.2.0/crtbegin.o] ==> obj [/usr/lib64/gcc/x86_64-pc-linux-gnu/12.2.0/crtbegin.o]
    arg [-L/opt/intel/oneapi/compiler/2022.2.0/linux/bin-llvm/../compiler/lib/intel64_lin] ==> dir [/opt/intel/oneapi/compiler/2022.2.0/linux/bin-llvm/../compiler/lib/intel64_lin]
    arg [-L/opt/intel/oneapi/compiler/2022.2.0/linux/bin-llvm/../lib] ==> dir [/opt/intel/oneapi/compiler/2022.2.0/linux/bin-llvm/../lib]
    arg [-L/opt/intel/oneapi/compiler/2022.2.0/linux/bin-llvm/../compiler/lib/intel64_lin] ==> dir [/opt/intel/oneapi/compiler/2022.2.0/linux/bin-llvm/../compiler/lib/intel64_lin]
    arg [-L/usr/lib64/gcc/x86_64-pc-linux-gnu/12.2.0] ==> dir [/usr/lib64/gcc/x86_64-pc-linux-gnu/12.2.0]
    arg [-L/usr/lib64/gcc/x86_64-pc-linux-gnu/12.2.0/../../../../lib64] ==> dir [/usr/lib64/gcc/x86_64-pc-linux-gnu/12.2.0/../../../../lib64]
    arg [-L/lib/../lib64] ==> dir [/lib/../lib64]
    arg [-L/usr/lib/../lib64] ==> dir [/usr/lib/../lib64]
    arg [-L/usr/lib64/gcc/x86_64-pc-linux-gnu/12.2.0/../../..] ==> dir [/usr/lib64/gcc/x86_64-pc-linux-gnu/12.2.0/../../..]
    arg [-L/opt/intel/oneapi/compiler/2022.2.0/linux/bin-llvm/../lib] ==> dir [/opt/intel/oneapi/compiler/2022.2.0/linux/bin-llvm/../lib]
    arg [-L/lib] ==> dir [/lib]
    arg [-L/usr/lib] ==> dir [/usr/lib]
    arg [-L/opt/intel/oneapi/vpl/2022.2.0/lib] ==> dir [/opt/intel/oneapi/vpl/2022.2.0/lib]
    arg [-L/opt/intel/oneapi/tbb/2021.7.0/env/../lib/intel64/gcc4.8] ==> dir [/opt/intel/oneapi/tbb/2021.7.0/env/../lib/intel64/gcc4.8]
    arg [-L/opt/intel/oneapi/mpi/2021.7.0//libfabric/lib] ==> dir [/opt/intel/oneapi/mpi/2021.7.0//libfabric/lib]
    arg [-L/opt/intel/oneapi/mpi/2021.7.0//lib/release] ==> dir [/opt/intel/oneapi/mpi/2021.7.0//lib/release]
    arg [-L/opt/intel/oneapi/mpi/2021.7.0//lib] ==> dir [/opt/intel/oneapi/mpi/2021.7.0//lib]
    arg [-L/opt/intel/oneapi/mkl/2022.2.0/lib/intel64] ==> dir [/opt/intel/oneapi/mkl/2022.2.0/lib/intel64]
    arg [-L/opt/intel/oneapi/ipp/2021.6.1/lib/intel64] ==> dir [/opt/intel/oneapi/ipp/2021.6.1/lib/intel64]
    arg [-L/opt/intel/oneapi/ippcp/2021.6.1/lib/intel64] ==> dir [/opt/intel/oneapi/ippcp/2021.6.1/lib/intel64]
    arg [-L/opt/intel/oneapi/ipp/2021.6.1/lib/intel64] ==> dir [/opt/intel/oneapi/ipp/2021.6.1/lib/intel64]
    arg [-L/opt/intel/oneapi/dnnl/2022.2.0/cpu_dpcpp_gpu_dpcpp/lib] ==> dir [/opt/intel/oneapi/dnnl/2022.2.0/cpu_dpcpp_gpu_dpcpp/lib]
    arg [-L/opt/intel/oneapi/dal/2021.7.0/lib/intel64] ==> dir [/opt/intel/oneapi/dal/2021.7.0/lib/intel64]
    arg [-L/opt/intel/oneapi/compiler/2022.2.0/linux/compiler/lib/intel64_lin] ==> dir [/opt/intel/oneapi/compiler/2022.2.0/linux/compiler/lib/intel64_lin]
    arg [-L/opt/intel/oneapi/compiler/2022.2.0/linux/lib] ==> dir [/opt/intel/oneapi/compiler/2022.2.0/linux/lib]
    arg [-L/opt/intel/oneapi/ccl/2021.7.0/lib/cpu_gpu_dpcpp] ==> dir [/opt/intel/oneapi/ccl/2021.7.0/lib/cpu_gpu_dpcpp]
    arg [/tmp/CMakeCXXCompilerABI-2442a3.o] ==> obj [/tmp/CMakeCXXCompilerABI-2442a3.o]
    arg [/tmp/cmTC_250e6-wrapper-71ad7e.o] ==> obj [/tmp/cmTC_250e6-wrapper-71ad7e.o]
    arg [-Bstatic] ==> search static
    arg [-lsvml] ==> lib [svml]
    arg [-Bdynamic] ==> search dynamic
    arg [-Bstatic] ==> search static
    arg [-lirng] ==> lib [irng]
    arg [-Bdynamic] ==> search dynamic
    arg [-lstdc++] ==> lib [stdc++]
    arg [-Bstatic] ==> search static
    arg [-limf] ==> lib [imf]
    arg [-Bdynamic] ==> search dynamic
    arg [-lm] ==> lib [m]
    arg [-lgcc_s] ==> lib [gcc_s]
    arg [-lgcc] ==> lib [gcc]
    arg [-Bstatic] ==> search static
    arg [-lirc] ==> lib [irc]
    arg [-Bdynamic] ==> search dynamic
    arg [-ldl] ==> lib [dl]
    arg [-lgcc_s] ==> lib [gcc_s]
    arg [-lgcc] ==> lib [gcc]
    arg [-lsycl] ==> lib [sycl]
    arg [-lsycl-devicelib-host] ==> lib [sycl-devicelib-host]
    arg [-lc] ==> lib [c]
    arg [-lgcc_s] ==> lib [gcc_s]
    arg [-lgcc] ==> lib [gcc]
    arg [-Bstatic] ==> search static
    arg [-lirc_s] ==> lib [irc_s]
    arg [-Bdynamic] ==> search dynamic
    arg [/usr/lib64/gcc/x86_64-pc-linux-gnu/12.2.0/crtend.o] ==> obj [/usr/lib64/gcc/x86_64-pc-linux-gnu/12.2.0/crtend.o]
    arg [/usr/lib64/gcc/x86_64-pc-linux-gnu/12.2.0/../../../../lib64/crtn.o] ==> obj [/usr/lib64/gcc/x86_64-pc-linux-gnu/12.2.0/../../../../lib64/crtn.o]
  collapse obj [/usr/lib64/gcc/x86_64-pc-linux-gnu/12.2.0/../../../../lib64/crt1.o] ==> [/usr/lib64/crt1.o]
  collapse obj [/usr/lib64/gcc/x86_64-pc-linux-gnu/12.2.0/../../../../lib64/crti.o] ==> [/usr/lib64/crti.o]
  collapse obj [/usr/lib64/gcc/x86_64-pc-linux-gnu/12.2.0/../../../../lib64/crtn.o] ==> [/usr/lib64/crtn.o]
  collapse library dir [/opt/intel/oneapi/compiler/2022.2.0/linux/bin-llvm/../compiler/lib/intel64_lin] ==> [/opt/intel/oneapi/compiler/2022.2.0/linux/compiler/lib/intel64_lin]
  collapse library dir [/opt/intel/oneapi/compiler/2022.2.0/linux/bin-llvm/../lib] ==> [/opt/intel/oneapi/compiler/2022.2.0/linux/lib]
  collapse library dir [/opt/intel/oneapi/compiler/2022.2.0/linux/bin-llvm/../compiler/lib/intel64_lin] ==> [/opt/intel/oneapi/compiler/2022.2.0/linux/compiler/lib/intel64_lin]
  collapse library dir [/usr/lib64/gcc/x86_64-pc-linux-gnu/12.2.0] ==> [/usr/lib64/gcc/x86_64-pc-linux-gnu/12.2.0]
  collapse library dir [/usr/lib64/gcc/x86_64-pc-linux-gnu/12.2.0/../../../../lib64] ==> [/usr/lib64]
  collapse library dir [/lib/../lib64] ==> [/lib64]
  collapse library dir [/usr/lib/../lib64] ==> [/usr/lib64]
  collapse library dir [/usr/lib64/gcc/x86_64-pc-linux-gnu/12.2.0/../../..] ==> [/usr/lib64]
  collapse library dir [/opt/intel/oneapi/compiler/2022.2.0/linux/bin-llvm/../lib] ==> [/opt/intel/oneapi/compiler/2022.2.0/linux/lib]
  collapse library dir [/lib] ==> [/lib]
  collapse library dir [/usr/lib] ==> [/usr/lib]
  collapse library dir [/opt/intel/oneapi/vpl/2022.2.0/lib] ==> [/opt/intel/oneapi/vpl/2022.2.0/lib]
  collapse library dir [/opt/intel/oneapi/tbb/2021.7.0/env/../lib/intel64/gcc4.8] ==> [/opt/intel/oneapi/tbb/2021.7.0/lib/intel64/gcc4.8]
  collapse library dir [/opt/intel/oneapi/mpi/2021.7.0//libfabric/lib] ==> [/opt/intel/oneapi/mpi/2021.7.0/libfabric/lib]
  collapse library dir [/opt/intel/oneapi/mpi/2021.7.0//lib/release] ==> [/opt/intel/oneapi/mpi/2021.7.0/lib/release]
  collapse library dir [/opt/intel/oneapi/mpi/2021.7.0//lib] ==> [/opt/intel/oneapi/mpi/2021.7.0/lib]
  collapse library dir [/opt/intel/oneapi/mkl/2022.2.0/lib/intel64] ==> [/opt/intel/oneapi/mkl/2022.2.0/lib/intel64]
  collapse library dir [/opt/intel/oneapi/ipp/2021.6.1/lib/intel64] ==> [/opt/intel/oneapi/ipp/2021.6.1/lib/intel64]
  collapse library dir [/opt/intel/oneapi/ippcp/2021.6.1/lib/intel64] ==> [/opt/intel/oneapi/ippcp/2021.6.1/lib/intel64]
  collapse library dir [/opt/intel/oneapi/ipp/2021.6.1/lib/intel64] ==> [/opt/intel/oneapi/ipp/2021.6.1/lib/intel64]
  collapse library dir [/opt/intel/oneapi/dnnl/2022.2.0/cpu_dpcpp_gpu_dpcpp/lib] ==> [/opt/intel/oneapi/dnnl/2022.2.0/cpu_dpcpp_gpu_dpcpp/lib]
  collapse library dir [/opt/intel/oneapi/dal/2021.7.0/lib/intel64] ==> [/opt/intel/oneapi/dal/2021.7.0/lib/intel64]
  collapse library dir [/opt/intel/oneapi/compiler/2022.2.0/linux/compiler/lib/intel64_lin] ==> [/opt/intel/oneapi/compiler/2022.2.0/linux/compiler/lib/intel64_lin]
  collapse library dir [/opt/intel/oneapi/compiler/2022.2.0/linux/lib] ==> [/opt/intel/oneapi/compiler/2022.2.0/linux/lib]
  collapse library dir [/opt/intel/oneapi/ccl/2021.7.0/lib/cpu_gpu_dpcpp] ==> [/opt/intel/oneapi/ccl/2021.7.0/lib/cpu_gpu_dpcpp]
  implicit libs: [svml;irng;stdc++;imf;m;gcc_s;gcc;irc;dl;gcc_s;gcc;sycl;sycl-devicelib-host;c;gcc_s;gcc;irc_s]
  implicit objs: [/usr/lib64/crt1.o;/usr/lib64/crti.o;/usr/lib64/gcc/x86_64-pc-linux-gnu/12.2.0/crtbegin.o;/tmp/CMakeCXXCompilerABI-2442a3.o;/tmp/cmTC_250e6-wrapper-71ad7e.o;/usr/lib64/gcc/x86_64-pc-linux-gnu/12.2.0/crtend.o;/usr/lib64/crtn.o]
  implicit dirs: [/opt/intel/oneapi/compiler/2022.2.0/linux/compiler/lib/intel64_lin;/opt/intel/oneapi/compiler/2022.2.0/linux/lib;/usr/lib64/gcc/x86_64-pc-linux-gnu/12.2.0;/usr/lib64;/lib64;/lib;/usr/lib;/opt/intel/oneapi/vpl/2022.2.0/lib;/opt/intel/oneapi/tbb/2021.7.0/lib/intel64/gcc4.8;/opt/intel/oneapi/mpi/2021.7.0/libfabric/lib;/opt/intel/oneapi/mpi/2021.7.0/lib/release;/opt/intel/oneapi/mpi/2021.7.0/lib;/opt/intel/oneapi/mkl/2022.2.0/lib/intel64;/opt/intel/oneapi/ipp/2021.6.1/lib/intel64;/opt/intel/oneapi/ippcp/2021.6.1/lib/intel64;/opt/intel/oneapi/dnnl/2022.2.0/cpu_dpcpp_gpu_dpcpp/lib;/opt/intel/oneapi/dal/2021.7.0/lib/intel64;/opt/intel/oneapi/ccl/2021.7.0/lib/cpu_gpu_dpcpp]
  implicit fwks: []


