The system is: Linux - 6.5.0-17-generic - x86_64
Compiling the C compiler identification source file "CMakeCCompilerId.c" succeeded.
Compiler: /opt/intel/oneapi/compiler/2024.0/bin/compiler/clang 
Build flags: 
Id flags:  

The output was:
0


Compilation of the C compiler identification source "CMakeCCompilerId.c" produced "a.out"

The C compiler identification is IntelLLVM, found in "/home/deb/Documents/SBM_New/build/CMakeFiles/3.22.1/CompilerIdC/a.out"

Compiling the CXX compiler identification source file "CMakeCXXCompilerId.cpp" succeeded.
Compiler: /opt/intel/oneapi/compiler/2024.0/bin/compiler/clang++ 
Build flags: 
Id flags:  

The output was:
0


Compilation of the CXX compiler identification source "CMakeCXXCompilerId.cpp" produced "a.out"

The CXX compiler identification is IntelLLVM, found in "/home/deb/Documents/SBM_New/build/CMakeFiles/3.22.1/CompilerIdCXX/a.out"

Detecting C compiler ABI info compiled with the following output:
Change Dir: /home/deb/Documents/SBM_New/build/CMakeFiles/CMakeTmp

Run Build Command(s):/usr/bin/ninja cmTC_6893f && [1/2] Building C object CMakeFiles/cmTC_6893f.dir/CMakeCCompilerABI.c.o
Intel(R) oneAPI DPC++/C++ Compiler 2024.0.2 (2024.0.2.20231213)
Target: x86_64-unknown-linux-gnu
Thread model: posix
InstalledDir: /opt/intel/oneapi/compiler/2024.0/bin/compiler
Found candidate GCC installation: /usr/lib/gcc/x86_64-linux-gnu/11
Found candidate GCC installation: /usr/lib/gcc/x86_64-linux-gnu/12
Selected GCC installation: /usr/lib/gcc/x86_64-linux-gnu/12
Candidate multilib: .;@m64
Selected multilib: .;@m64
Found CUDA installation: /usr/local/cuda, version 
 (in-process)
 "/opt/intel/oneapi/compiler/2024.0/bin/compiler/clang" -cc1 -triple x86_64-unknown-linux-gnu -emit-obj -mrelax-all -disable-free -clear-ast-before-backend -disable-llvm-verifier -discard-value-names -main-file-name CMakeCCompilerABI.c -mrelocation-model static -mframe-pointer=all -fmath-errno -ffp-contract=on -fno-rounding-math -mconstructor-aliases -funwind-tables=2 -target-cpu x86-64 -tune-cpu generic -debugger-tuning=gdb -v -fcoverage-compilation-dir=/home/deb/Documents/SBM_New/build/CMakeFiles/CMakeTmp -resource-dir /opt/intel/oneapi/compiler/2024.0/lib/clang/17 -dependency-file CMakeFiles/cmTC_6893f.dir/CMakeCCompilerABI.c.o.d -MT CMakeFiles/cmTC_6893f.dir/CMakeCCompilerABI.c.o -sys-header-deps -canonical-system-headers -I/opt/intel/oneapi/tbb/2021.11/env/../include -I/opt/intel/oneapi/dpl/2022.3/include -I/opt/intel/oneapi/dev-utilities/2024.0/include -I/opt/intel/oneapi/compiler/2024.0/opt/oclfpga/include -internal-isystem /opt/intel/oneapi/compiler/2024.0/lib/clang/17/include -internal-isystem /usr/local/include -internal-isystem /usr/lib/gcc/x86_64-linux-gnu/12/../../../../x86_64-linux-gnu/include -internal-externc-isystem /usr/include/x86_64-linux-gnu -internal-externc-isystem /include -internal-externc-isystem /usr/include -fdebug-compilation-dir=/home/deb/Documents/SBM_New/build/CMakeFiles/CMakeTmp -ferror-limit 19 -fgnuc-version=4.2.1 -faddrsig -D__GCC_HAVE_DWARF2_CFI_ASM=1 -o CMakeFiles/cmTC_6893f.dir/CMakeCCompilerABI.c.o -x c /usr/share/cmake-3.22/Modules/CMakeCCompilerABI.c
clang -cc1 version 17.0.0 based upon LLVM 17.0.0git default target x86_64-unknown-linux-gnu
ignoring nonexistent directory "/usr/lib/gcc/x86_64-linux-gnu/12/../../../../x86_64-linux-gnu/include"
ignoring nonexistent directory "/include"
#include "..." search starts here:
#include <...> search starts here:
 /opt/intel/oneapi/tbb/2021.11/env/../include
 /opt/intel/oneapi/dpl/2022.3/include
 /opt/intel/oneapi/dev-utilities/2024.0/include
 /opt/intel/oneapi/compiler/2024.0/opt/oclfpga/include
 /opt/intel/oneapi/compiler/2024.0/lib/clang/17/include
 /usr/local/include
 /usr/include/x86_64-linux-gnu
 /usr/include
End of search list.
[2/2] Linking C executable cmTC_6893f
Intel(R) oneAPI DPC++/C++ Compiler 2024.0.2 (2024.0.2.20231213)
Target: x86_64-unknown-linux-gnu
Thread model: posix
InstalledDir: /opt/intel/oneapi/compiler/2024.0/bin/compiler
Found candidate GCC installation: /usr/lib/gcc/x86_64-linux-gnu/11
Found candidate GCC installation: /usr/lib/gcc/x86_64-linux-gnu/12
Selected GCC installation: /usr/lib/gcc/x86_64-linux-gnu/12
Candidate multilib: .;@m64
Selected multilib: .;@m64
Found CUDA installation: /usr/local/cuda, version 
 "/usr/bin/ld" -z relro --hash-style=gnu --eh-frame-hdr -m elf_x86_64 -dynamic-linker /lib64/ld-linux-x86-64.so.2 -o cmTC_6893f /lib/x86_64-linux-gnu/Scrt1.o /lib/x86_64-linux-gnu/crti.o /usr/lib/gcc/x86_64-linux-gnu/12/crtbeginS.o -L/opt/intel/oneapi/compiler/2024.0/lib/clang/17/lib/x86_64-unknown-linux-gnu -L/usr/lib/gcc/x86_64-linux-gnu/12 -L/usr/lib/gcc/x86_64-linux-gnu/12/../../../../lib64 -L/lib/x86_64-linux-gnu -L/lib/../lib64 -L/usr/lib/x86_64-linux-gnu -L/usr/lib/../lib64 -L/usr/lib/gcc/x86_64-linux-gnu/12/../../.. -L/opt/intel/oneapi/compiler/2024.0/bin/compiler/../../lib -L/opt/intel/oneapi/compiler/2024.0/bin/compiler/../../opt/compiler/lib -L/lib -L/usr/lib -L/opt/intel/oneapi/tbb/2021.11/env/../lib/intel64/gcc4.8 -L/opt/intel/oneapi/dpl/2022.3/lib -L/opt/intel/oneapi/compiler/2024.0/lib CMakeFiles/cmTC_6893f.dir/CMakeCCompilerABI.c.o -lgcc --as-needed -lgcc_s --no-as-needed -lgcc --as-needed -lgcc_s --no-as-needed -lc -lgcc --as-needed -lgcc_s --no-as-needed /usr/lib/gcc/x86_64-linux-gnu/12/crtendS.o /lib/x86_64-linux-gnu/crtn.o



Parsed C implicit include dir info from above output: rv=done
  found start of include info
  found start of implicit include info
    add: [/opt/intel/oneapi/tbb/2021.11/env/../include]
    add: [/opt/intel/oneapi/dpl/2022.3/include]
    add: [/opt/intel/oneapi/dev-utilities/2024.0/include]
    add: [/opt/intel/oneapi/compiler/2024.0/opt/oclfpga/include]
    add: [/opt/intel/oneapi/compiler/2024.0/lib/clang/17/include]
    add: [/usr/local/include]
    add: [/usr/include/x86_64-linux-gnu]
    add: [/usr/include]
  end of search list found
  collapse include dir [/opt/intel/oneapi/tbb/2021.11/env/../include] ==> [/opt/intel/oneapi/tbb/2021.11/include]
  collapse include dir [/opt/intel/oneapi/dpl/2022.3/include] ==> [/opt/intel/oneapi/dpl/2022.3/include]
  collapse include dir [/opt/intel/oneapi/dev-utilities/2024.0/include] ==> [/opt/intel/oneapi/dev-utilities/2024.0/include]
  collapse include dir [/opt/intel/oneapi/compiler/2024.0/opt/oclfpga/include] ==> [/opt/intel/oneapi/compiler/2024.0/opt/oclfpga/include]
  collapse include dir [/opt/intel/oneapi/compiler/2024.0/lib/clang/17/include] ==> [/opt/intel/oneapi/compiler/2024.0/lib/clang/17/include]
  collapse include dir [/usr/local/include] ==> [/usr/local/include]
  collapse include dir [/usr/include/x86_64-linux-gnu] ==> [/usr/include/x86_64-linux-gnu]
  collapse include dir [/usr/include] ==> [/usr/include]
  implicit include dirs: [/opt/intel/oneapi/tbb/2021.11/include;/opt/intel/oneapi/dpl/2022.3/include;/opt/intel/oneapi/dev-utilities/2024.0/include;/opt/intel/oneapi/compiler/2024.0/opt/oclfpga/include;/opt/intel/oneapi/compiler/2024.0/lib/clang/17/include;/usr/local/include;/usr/include/x86_64-linux-gnu;/usr/include]


Parsed C implicit link information from above output:
  link line regex: [^( *|.*[/\])(ld|CMAKE_LINK_STARTFILE-NOTFOUND|([^/\]+-)?ld|collect2)[^/\]*( |$)]
  ignore line: [Change Dir: /home/deb/Documents/SBM_New/build/CMakeFiles/CMakeTmp]
  ignore line: []
  ignore line: [Run Build Command(s):/usr/bin/ninja cmTC_6893f && [1/2] Building C object CMakeFiles/cmTC_6893f.dir/CMakeCCompilerABI.c.o]
  ignore line: [Intel(R) oneAPI DPC++/C++ Compiler 2024.0.2 (2024.0.2.20231213)]
  ignore line: [Target: x86_64-unknown-linux-gnu]
  ignore line: [Thread model: posix]
  ignore line: [InstalledDir: /opt/intel/oneapi/compiler/2024.0/bin/compiler]
  ignore line: [Found candidate GCC installation: /usr/lib/gcc/x86_64-linux-gnu/11]
  ignore line: [Found candidate GCC installation: /usr/lib/gcc/x86_64-linux-gnu/12]
  ignore line: [Selected GCC installation: /usr/lib/gcc/x86_64-linux-gnu/12]
  ignore line: [Candidate multilib: .]
  ignore line: [@m64]
  ignore line: [Selected multilib: .]
  ignore line: [@m64]
  ignore line: [Found CUDA installation: /usr/local/cuda  version ]
  ignore line: [ (in-process)]
  ignore line: [ "/opt/intel/oneapi/compiler/2024.0/bin/compiler/clang" -cc1 -triple x86_64-unknown-linux-gnu -emit-obj -mrelax-all -disable-free -clear-ast-before-backend -disable-llvm-verifier -discard-value-names -main-file-name CMakeCCompilerABI.c -mrelocation-model static -mframe-pointer=all -fmath-errno -ffp-contract=on -fno-rounding-math -mconstructor-aliases -funwind-tables=2 -target-cpu x86-64 -tune-cpu generic -debugger-tuning=gdb -v -fcoverage-compilation-dir=/home/deb/Documents/SBM_New/build/CMakeFiles/CMakeTmp -resource-dir /opt/intel/oneapi/compiler/2024.0/lib/clang/17 -dependency-file CMakeFiles/cmTC_6893f.dir/CMakeCCompilerABI.c.o.d -MT CMakeFiles/cmTC_6893f.dir/CMakeCCompilerABI.c.o -sys-header-deps -canonical-system-headers -I/opt/intel/oneapi/tbb/2021.11/env/../include -I/opt/intel/oneapi/dpl/2022.3/include -I/opt/intel/oneapi/dev-utilities/2024.0/include -I/opt/intel/oneapi/compiler/2024.0/opt/oclfpga/include -internal-isystem /opt/intel/oneapi/compiler/2024.0/lib/clang/17/include -internal-isystem /usr/local/include -internal-isystem /usr/lib/gcc/x86_64-linux-gnu/12/../../../../x86_64-linux-gnu/include -internal-externc-isystem /usr/include/x86_64-linux-gnu -internal-externc-isystem /include -internal-externc-isystem /usr/include -fdebug-compilation-dir=/home/deb/Documents/SBM_New/build/CMakeFiles/CMakeTmp -ferror-limit 19 -fgnuc-version=4.2.1 -faddrsig -D__GCC_HAVE_DWARF2_CFI_ASM=1 -o CMakeFiles/cmTC_6893f.dir/CMakeCCompilerABI.c.o -x c /usr/share/cmake-3.22/Modules/CMakeCCompilerABI.c]
  ignore line: [clang -cc1 version 17.0.0 based upon LLVM 17.0.0git default target x86_64-unknown-linux-gnu]
  ignore line: [ignoring nonexistent directory "/usr/lib/gcc/x86_64-linux-gnu/12/../../../../x86_64-linux-gnu/include"]
  ignore line: [ignoring nonexistent directory "/include"]
  ignore line: [#include "..." search starts here:]
  ignore line: [#include <...> search starts here:]
  ignore line: [ /opt/intel/oneapi/tbb/2021.11/env/../include]
  ignore line: [ /opt/intel/oneapi/dpl/2022.3/include]
  ignore line: [ /opt/intel/oneapi/dev-utilities/2024.0/include]
  ignore line: [ /opt/intel/oneapi/compiler/2024.0/opt/oclfpga/include]
  ignore line: [ /opt/intel/oneapi/compiler/2024.0/lib/clang/17/include]
  ignore line: [ /usr/local/include]
  ignore line: [ /usr/include/x86_64-linux-gnu]
  ignore line: [ /usr/include]
  ignore line: [End of search list.]
  ignore line: [[2/2] Linking C executable cmTC_6893f]
  ignore line: [Intel(R) oneAPI DPC++/C++ Compiler 2024.0.2 (2024.0.2.20231213)]
  ignore line: [Target: x86_64-unknown-linux-gnu]
  ignore line: [Thread model: posix]
  ignore line: [InstalledDir: /opt/intel/oneapi/compiler/2024.0/bin/compiler]
  ignore line: [Found candidate GCC installation: /usr/lib/gcc/x86_64-linux-gnu/11]
  ignore line: [Found candidate GCC installation: /usr/lib/gcc/x86_64-linux-gnu/12]
  ignore line: [Selected GCC installation: /usr/lib/gcc/x86_64-linux-gnu/12]
  ignore line: [Candidate multilib: .]
  ignore line: [@m64]
  ignore line: [Selected multilib: .]
  ignore line: [@m64]
  ignore line: [Found CUDA installation: /usr/local/cuda  version ]
  link line: [ "/usr/bin/ld" -z relro --hash-style=gnu --eh-frame-hdr -m elf_x86_64 -dynamic-linker /lib64/ld-linux-x86-64.so.2 -o cmTC_6893f /lib/x86_64-linux-gnu/Scrt1.o /lib/x86_64-linux-gnu/crti.o /usr/lib/gcc/x86_64-linux-gnu/12/crtbeginS.o -L/opt/intel/oneapi/compiler/2024.0/lib/clang/17/lib/x86_64-unknown-linux-gnu -L/usr/lib/gcc/x86_64-linux-gnu/12 -L/usr/lib/gcc/x86_64-linux-gnu/12/../../../../lib64 -L/lib/x86_64-linux-gnu -L/lib/../lib64 -L/usr/lib/x86_64-linux-gnu -L/usr/lib/../lib64 -L/usr/lib/gcc/x86_64-linux-gnu/12/../../.. -L/opt/intel/oneapi/compiler/2024.0/bin/compiler/../../lib -L/opt/intel/oneapi/compiler/2024.0/bin/compiler/../../opt/compiler/lib -L/lib -L/usr/lib -L/opt/intel/oneapi/tbb/2021.11/env/../lib/intel64/gcc4.8 -L/opt/intel/oneapi/dpl/2022.3/lib -L/opt/intel/oneapi/compiler/2024.0/lib CMakeFiles/cmTC_6893f.dir/CMakeCCompilerABI.c.o -lgcc --as-needed -lgcc_s --no-as-needed -lgcc --as-needed -lgcc_s --no-as-needed -lc -lgcc --as-needed -lgcc_s --no-as-needed /usr/lib/gcc/x86_64-linux-gnu/12/crtendS.o /lib/x86_64-linux-gnu/crtn.o]
    arg [/usr/bin/ld] ==> ignore
    arg [-zrelro] ==> ignore
    arg [--hash-style=gnu] ==> ignore
    arg [--eh-frame-hdr] ==> ignore
    arg [-m] ==> ignore
    arg [elf_x86_64] ==> ignore
    arg [-dynamic-linker] ==> ignore
    arg [/lib64/ld-linux-x86-64.so.2] ==> ignore
    arg [-o] ==> ignore
    arg [cmTC_6893f] ==> ignore
    arg [/lib/x86_64-linux-gnu/Scrt1.o] ==> obj [/lib/x86_64-linux-gnu/Scrt1.o]
    arg [/lib/x86_64-linux-gnu/crti.o] ==> obj [/lib/x86_64-linux-gnu/crti.o]
    arg [/usr/lib/gcc/x86_64-linux-gnu/12/crtbeginS.o] ==> obj [/usr/lib/gcc/x86_64-linux-gnu/12/crtbeginS.o]
    arg [-L/opt/intel/oneapi/compiler/2024.0/lib/clang/17/lib/x86_64-unknown-linux-gnu] ==> dir [/opt/intel/oneapi/compiler/2024.0/lib/clang/17/lib/x86_64-unknown-linux-gnu]
    arg [-L/usr/lib/gcc/x86_64-linux-gnu/12] ==> dir [/usr/lib/gcc/x86_64-linux-gnu/12]
    arg [-L/usr/lib/gcc/x86_64-linux-gnu/12/../../../../lib64] ==> dir [/usr/lib/gcc/x86_64-linux-gnu/12/../../../../lib64]
    arg [-L/lib/x86_64-linux-gnu] ==> dir [/lib/x86_64-linux-gnu]
    arg [-L/lib/../lib64] ==> dir [/lib/../lib64]
    arg [-L/usr/lib/x86_64-linux-gnu] ==> dir [/usr/lib/x86_64-linux-gnu]
    arg [-L/usr/lib/../lib64] ==> dir [/usr/lib/../lib64]
    arg [-L/usr/lib/gcc/x86_64-linux-gnu/12/../../..] ==> dir [/usr/lib/gcc/x86_64-linux-gnu/12/../../..]
    arg [-L/opt/intel/oneapi/compiler/2024.0/bin/compiler/../../lib] ==> dir [/opt/intel/oneapi/compiler/2024.0/bin/compiler/../../lib]
    arg [-L/opt/intel/oneapi/compiler/2024.0/bin/compiler/../../opt/compiler/lib] ==> dir [/opt/intel/oneapi/compiler/2024.0/bin/compiler/../../opt/compiler/lib]
    arg [-L/lib] ==> dir [/lib]
    arg [-L/usr/lib] ==> dir [/usr/lib]
    arg [-L/opt/intel/oneapi/tbb/2021.11/env/../lib/intel64/gcc4.8] ==> dir [/opt/intel/oneapi/tbb/2021.11/env/../lib/intel64/gcc4.8]
    arg [-L/opt/intel/oneapi/dpl/2022.3/lib] ==> dir [/opt/intel/oneapi/dpl/2022.3/lib]
    arg [-L/opt/intel/oneapi/compiler/2024.0/lib] ==> dir [/opt/intel/oneapi/compiler/2024.0/lib]
    arg [CMakeFiles/cmTC_6893f.dir/CMakeCCompilerABI.c.o] ==> ignore
    arg [-lgcc] ==> lib [gcc]
    arg [--as-needed] ==> ignore
    arg [-lgcc_s] ==> lib [gcc_s]
    arg [--no-as-needed] ==> ignore
    arg [-lgcc] ==> lib [gcc]
    arg [--as-needed] ==> ignore
    arg [-lgcc_s] ==> lib [gcc_s]
    arg [--no-as-needed] ==> ignore
    arg [-lc] ==> lib [c]
    arg [-lgcc] ==> lib [gcc]
    arg [--as-needed] ==> ignore
    arg [-lgcc_s] ==> lib [gcc_s]
    arg [--no-as-needed] ==> ignore
    arg [/usr/lib/gcc/x86_64-linux-gnu/12/crtendS.o] ==> obj [/usr/lib/gcc/x86_64-linux-gnu/12/crtendS.o]
    arg [/lib/x86_64-linux-gnu/crtn.o] ==> obj [/lib/x86_64-linux-gnu/crtn.o]
  collapse library dir [/opt/intel/oneapi/compiler/2024.0/lib/clang/17/lib/x86_64-unknown-linux-gnu] ==> [/opt/intel/oneapi/compiler/2024.0/lib/clang/17/lib/x86_64-unknown-linux-gnu]
  collapse library dir [/usr/lib/gcc/x86_64-linux-gnu/12] ==> [/usr/lib/gcc/x86_64-linux-gnu/12]
  collapse library dir [/usr/lib/gcc/x86_64-linux-gnu/12/../../../../lib64] ==> [/usr/lib64]
  collapse library dir [/lib/x86_64-linux-gnu] ==> [/lib/x86_64-linux-gnu]
  collapse library dir [/lib/../lib64] ==> [/lib64]
  collapse library dir [/usr/lib/x86_64-linux-gnu] ==> [/usr/lib/x86_64-linux-gnu]
  collapse library dir [/usr/lib/../lib64] ==> [/usr/lib64]
  collapse library dir [/usr/lib/gcc/x86_64-linux-gnu/12/../../..] ==> [/usr/lib]
  collapse library dir [/opt/intel/oneapi/compiler/2024.0/bin/compiler/../../lib] ==> [/opt/intel/oneapi/compiler/2024.0/lib]
  collapse library dir [/opt/intel/oneapi/compiler/2024.0/bin/compiler/../../opt/compiler/lib] ==> [/opt/intel/oneapi/compiler/2024.0/opt/compiler/lib]
  collapse library dir [/lib] ==> [/lib]
  collapse library dir [/usr/lib] ==> [/usr/lib]
  collapse library dir [/opt/intel/oneapi/tbb/2021.11/env/../lib/intel64/gcc4.8] ==> [/opt/intel/oneapi/tbb/2021.11/lib/intel64/gcc4.8]
  collapse library dir [/opt/intel/oneapi/dpl/2022.3/lib] ==> [/opt/intel/oneapi/dpl/2022.3/lib]
  collapse library dir [/opt/intel/oneapi/compiler/2024.0/lib] ==> [/opt/intel/oneapi/compiler/2024.0/lib]
  implicit libs: [gcc;gcc_s;gcc;gcc_s;c;gcc;gcc_s]
  implicit objs: [/lib/x86_64-linux-gnu/Scrt1.o;/lib/x86_64-linux-gnu/crti.o;/usr/lib/gcc/x86_64-linux-gnu/12/crtbeginS.o;/usr/lib/gcc/x86_64-linux-gnu/12/crtendS.o;/lib/x86_64-linux-gnu/crtn.o]
  implicit dirs: [/opt/intel/oneapi/compiler/2024.0/lib/clang/17/lib/x86_64-unknown-linux-gnu;/usr/lib/gcc/x86_64-linux-gnu/12;/usr/lib64;/lib/x86_64-linux-gnu;/lib64;/usr/lib/x86_64-linux-gnu;/usr/lib;/opt/intel/oneapi/compiler/2024.0/lib;/opt/intel/oneapi/compiler/2024.0/opt/compiler/lib;/lib;/opt/intel/oneapi/tbb/2021.11/lib/intel64/gcc4.8;/opt/intel/oneapi/dpl/2022.3/lib]
  implicit fwks: []


Detecting CXX compiler ABI info compiled with the following output:
Change Dir: /home/deb/Documents/SBM_New/build/CMakeFiles/CMakeTmp

Run Build Command(s):/usr/bin/ninja cmTC_9927d && [1/2] Building CXX object CMakeFiles/cmTC_9927d.dir/CMakeCXXCompilerABI.cpp.o
Intel(R) oneAPI DPC++/C++ Compiler 2024.0.2 (2024.0.2.20231213)
Target: x86_64-unknown-linux-gnu
Thread model: posix
InstalledDir: /opt/intel/oneapi/compiler/2024.0/bin/compiler
Found candidate GCC installation: /usr/lib/gcc/x86_64-linux-gnu/11
Found candidate GCC installation: /usr/lib/gcc/x86_64-linux-gnu/12
Selected GCC installation: /usr/lib/gcc/x86_64-linux-gnu/11
Candidate multilib: .;@m64
Selected multilib: .;@m64
Found CUDA installation: /usr/local/cuda, version 
 (in-process)
 "/opt/intel/oneapi/compiler/2024.0/bin/compiler/clang" -cc1 -triple x86_64-unknown-linux-gnu -emit-obj -mrelax-all -disable-free -clear-ast-before-backend -disable-llvm-verifier -discard-value-names -main-file-name CMakeCXXCompilerABI.cpp -mrelocation-model static -mframe-pointer=all -fmath-errno -ffp-contract=on -fno-rounding-math -mconstructor-aliases -funwind-tables=2 -target-cpu x86-64 -tune-cpu generic -debugger-tuning=gdb -v -fcoverage-compilation-dir=/home/deb/Documents/SBM_New/build/CMakeFiles/CMakeTmp -resource-dir /opt/intel/oneapi/compiler/2024.0/lib/clang/17 -dependency-file CMakeFiles/cmTC_9927d.dir/CMakeCXXCompilerABI.cpp.o.d -MT CMakeFiles/cmTC_9927d.dir/CMakeCXXCompilerABI.cpp.o -sys-header-deps -canonical-system-headers -I/opt/intel/oneapi/tbb/2021.11/env/../include -I/opt/intel/oneapi/dpl/2022.3/include -I/opt/intel/oneapi/dev-utilities/2024.0/include -I/opt/intel/oneapi/compiler/2024.0/opt/oclfpga/include -internal-isystem /usr/lib/gcc/x86_64-linux-gnu/11/../../../../include/c++/11 -internal-isystem /usr/lib/gcc/x86_64-linux-gnu/11/../../../../include/x86_64-linux-gnu/c++/11 -internal-isystem /usr/lib/gcc/x86_64-linux-gnu/11/../../../../include/c++/11/backward -internal-isystem /opt/intel/oneapi/compiler/2024.0/lib/clang/17/include -internal-isystem /usr/local/include -internal-isystem /usr/lib/gcc/x86_64-linux-gnu/11/../../../../x86_64-linux-gnu/include -internal-externc-isystem /usr/include/x86_64-linux-gnu -internal-externc-isystem /include -internal-externc-isystem /usr/include -std=gnu++20 -fdeprecated-macro -fdebug-compilation-dir=/home/deb/Documents/SBM_New/build/CMakeFiles/CMakeTmp -ferror-limit 19 -fgnuc-version=4.2.1 -fno-implicit-modules -fcxx-exceptions -fexceptions -faddrsig -D__GCC_HAVE_DWARF2_CFI_ASM=1 -o CMakeFiles/cmTC_9927d.dir/CMakeCXXCompilerABI.cpp.o -x c++ /usr/share/cmake-3.22/Modules/CMakeCXXCompilerABI.cpp
clang -cc1 version 17.0.0 based upon LLVM 17.0.0git default target x86_64-unknown-linux-gnu
ignoring nonexistent directory "/usr/lib/gcc/x86_64-linux-gnu/11/../../../../x86_64-linux-gnu/include"
ignoring nonexistent directory "/include"
#include "..." search starts here:
#include <...> search starts here:
 /opt/intel/oneapi/tbb/2021.11/env/../include
 /opt/intel/oneapi/dpl/2022.3/include
 /opt/intel/oneapi/dev-utilities/2024.0/include
 /opt/intel/oneapi/compiler/2024.0/opt/oclfpga/include
 /usr/lib/gcc/x86_64-linux-gnu/11/../../../../include/c++/11
 /usr/lib/gcc/x86_64-linux-gnu/11/../../../../include/x86_64-linux-gnu/c++/11
 /usr/lib/gcc/x86_64-linux-gnu/11/../../../../include/c++/11/backward
 /opt/intel/oneapi/compiler/2024.0/lib/clang/17/include
 /usr/local/include
 /usr/include/x86_64-linux-gnu
 /usr/include
End of search list.
[2/2] Linking CXX executable cmTC_9927d
Intel(R) oneAPI DPC++/C++ Compiler 2024.0.2 (2024.0.2.20231213)
Target: x86_64-unknown-linux-gnu
Thread model: posix
InstalledDir: /opt/intel/oneapi/compiler/2024.0/bin/compiler
Found candidate GCC installation: /usr/lib/gcc/x86_64-linux-gnu/11
Found candidate GCC installation: /usr/lib/gcc/x86_64-linux-gnu/12
Selected GCC installation: /usr/lib/gcc/x86_64-linux-gnu/11
Candidate multilib: .;@m64
Selected multilib: .;@m64
Found CUDA installation: /usr/local/cuda, version 
 "/usr/bin/ld" -z relro --hash-style=gnu --eh-frame-hdr -m elf_x86_64 -dynamic-linker /lib64/ld-linux-x86-64.so.2 -o cmTC_9927d /lib/x86_64-linux-gnu/Scrt1.o /lib/x86_64-linux-gnu/crti.o /usr/lib/gcc/x86_64-linux-gnu/11/crtbeginS.o -L/opt/intel/oneapi/compiler/2024.0/lib/clang/17/lib/x86_64-unknown-linux-gnu -L/usr/lib/gcc/x86_64-linux-gnu/11 -L/usr/lib/gcc/x86_64-linux-gnu/11/../../../../lib64 -L/lib/x86_64-linux-gnu -L/lib/../lib64 -L/usr/lib/x86_64-linux-gnu -L/usr/lib/../lib64 -L/usr/lib/gcc/x86_64-linux-gnu/11/../../.. -L/opt/intel/oneapi/compiler/2024.0/bin/compiler/../../lib -L/opt/intel/oneapi/compiler/2024.0/bin/compiler/../../opt/compiler/lib -L/lib -L/usr/lib -L/opt/intel/oneapi/tbb/2021.11/env/../lib/intel64/gcc4.8 -L/opt/intel/oneapi/dpl/2022.3/lib -L/opt/intel/oneapi/compiler/2024.0/lib CMakeFiles/cmTC_9927d.dir/CMakeCXXCompilerABI.cpp.o -lstdc++ -lm -lgcc_s -lgcc -lgcc_s -lgcc -lc -lgcc_s -lgcc /usr/lib/gcc/x86_64-linux-gnu/11/crtendS.o /lib/x86_64-linux-gnu/crtn.o



Parsed CXX implicit include dir info from above output: rv=done
  found start of include info
  found start of implicit include info
    add: [/opt/intel/oneapi/tbb/2021.11/env/../include]
    add: [/opt/intel/oneapi/dpl/2022.3/include]
    add: [/opt/intel/oneapi/dev-utilities/2024.0/include]
    add: [/opt/intel/oneapi/compiler/2024.0/opt/oclfpga/include]
    add: [/usr/lib/gcc/x86_64-linux-gnu/11/../../../../include/c++/11]
    add: [/usr/lib/gcc/x86_64-linux-gnu/11/../../../../include/x86_64-linux-gnu/c++/11]
    add: [/usr/lib/gcc/x86_64-linux-gnu/11/../../../../include/c++/11/backward]
    add: [/opt/intel/oneapi/compiler/2024.0/lib/clang/17/include]
    add: [/usr/local/include]
    add: [/usr/include/x86_64-linux-gnu]
    add: [/usr/include]
  end of search list found
  collapse include dir [/opt/intel/oneapi/tbb/2021.11/env/../include] ==> [/opt/intel/oneapi/tbb/2021.11/include]
  collapse include dir [/opt/intel/oneapi/dpl/2022.3/include] ==> [/opt/intel/oneapi/dpl/2022.3/include]
  collapse include dir [/opt/intel/oneapi/dev-utilities/2024.0/include] ==> [/opt/intel/oneapi/dev-utilities/2024.0/include]
  collapse include dir [/opt/intel/oneapi/compiler/2024.0/opt/oclfpga/include] ==> [/opt/intel/oneapi/compiler/2024.0/opt/oclfpga/include]
  collapse include dir [/usr/lib/gcc/x86_64-linux-gnu/11/../../../../include/c++/11] ==> [/usr/include/c++/11]
  collapse include dir [/usr/lib/gcc/x86_64-linux-gnu/11/../../../../include/x86_64-linux-gnu/c++/11] ==> [/usr/include/x86_64-linux-gnu/c++/11]
  collapse include dir [/usr/lib/gcc/x86_64-linux-gnu/11/../../../../include/c++/11/backward] ==> [/usr/include/c++/11/backward]
  collapse include dir [/opt/intel/oneapi/compiler/2024.0/lib/clang/17/include] ==> [/opt/intel/oneapi/compiler/2024.0/lib/clang/17/include]
  collapse include dir [/usr/local/include] ==> [/usr/local/include]
  collapse include dir [/usr/include/x86_64-linux-gnu] ==> [/usr/include/x86_64-linux-gnu]
  collapse include dir [/usr/include] ==> [/usr/include]
  implicit include dirs: [/opt/intel/oneapi/tbb/2021.11/include;/opt/intel/oneapi/dpl/2022.3/include;/opt/intel/oneapi/dev-utilities/2024.0/include;/opt/intel/oneapi/compiler/2024.0/opt/oclfpga/include;/usr/include/c++/11;/usr/include/x86_64-linux-gnu/c++/11;/usr/include/c++/11/backward;/opt/intel/oneapi/compiler/2024.0/lib/clang/17/include;/usr/local/include;/usr/include/x86_64-linux-gnu;/usr/include]


Parsed CXX implicit link information from above output:
  link line regex: [^( *|.*[/\])(ld|CMAKE_LINK_STARTFILE-NOTFOUND|([^/\]+-)?ld|collect2)[^/\]*( |$)]
  ignore line: [Change Dir: /home/deb/Documents/SBM_New/build/CMakeFiles/CMakeTmp]
  ignore line: []
  ignore line: [Run Build Command(s):/usr/bin/ninja cmTC_9927d && [1/2] Building CXX object CMakeFiles/cmTC_9927d.dir/CMakeCXXCompilerABI.cpp.o]
  ignore line: [Intel(R) oneAPI DPC++/C++ Compiler 2024.0.2 (2024.0.2.20231213)]
  ignore line: [Target: x86_64-unknown-linux-gnu]
  ignore line: [Thread model: posix]
  ignore line: [InstalledDir: /opt/intel/oneapi/compiler/2024.0/bin/compiler]
  ignore line: [Found candidate GCC installation: /usr/lib/gcc/x86_64-linux-gnu/11]
  ignore line: [Found candidate GCC installation: /usr/lib/gcc/x86_64-linux-gnu/12]
  ignore line: [Selected GCC installation: /usr/lib/gcc/x86_64-linux-gnu/11]
  ignore line: [Candidate multilib: .]
  ignore line: [@m64]
  ignore line: [Selected multilib: .]
  ignore line: [@m64]
  ignore line: [Found CUDA installation: /usr/local/cuda  version ]
  ignore line: [ (in-process)]
  ignore line: [ "/opt/intel/oneapi/compiler/2024.0/bin/compiler/clang" -cc1 -triple x86_64-unknown-linux-gnu -emit-obj -mrelax-all -disable-free -clear-ast-before-backend -disable-llvm-verifier -discard-value-names -main-file-name CMakeCXXCompilerABI.cpp -mrelocation-model static -mframe-pointer=all -fmath-errno -ffp-contract=on -fno-rounding-math -mconstructor-aliases -funwind-tables=2 -target-cpu x86-64 -tune-cpu generic -debugger-tuning=gdb -v -fcoverage-compilation-dir=/home/deb/Documents/SBM_New/build/CMakeFiles/CMakeTmp -resource-dir /opt/intel/oneapi/compiler/2024.0/lib/clang/17 -dependency-file CMakeFiles/cmTC_9927d.dir/CMakeCXXCompilerABI.cpp.o.d -MT CMakeFiles/cmTC_9927d.dir/CMakeCXXCompilerABI.cpp.o -sys-header-deps -canonical-system-headers -I/opt/intel/oneapi/tbb/2021.11/env/../include -I/opt/intel/oneapi/dpl/2022.3/include -I/opt/intel/oneapi/dev-utilities/2024.0/include -I/opt/intel/oneapi/compiler/2024.0/opt/oclfpga/include -internal-isystem /usr/lib/gcc/x86_64-linux-gnu/11/../../../../include/c++/11 -internal-isystem /usr/lib/gcc/x86_64-linux-gnu/11/../../../../include/x86_64-linux-gnu/c++/11 -internal-isystem /usr/lib/gcc/x86_64-linux-gnu/11/../../../../include/c++/11/backward -internal-isystem /opt/intel/oneapi/compiler/2024.0/lib/clang/17/include -internal-isystem /usr/local/include -internal-isystem /usr/lib/gcc/x86_64-linux-gnu/11/../../../../x86_64-linux-gnu/include -internal-externc-isystem /usr/include/x86_64-linux-gnu -internal-externc-isystem /include -internal-externc-isystem /usr/include -std=gnu++20 -fdeprecated-macro -fdebug-compilation-dir=/home/deb/Documents/SBM_New/build/CMakeFiles/CMakeTmp -ferror-limit 19 -fgnuc-version=4.2.1 -fno-implicit-modules -fcxx-exceptions -fexceptions -faddrsig -D__GCC_HAVE_DWARF2_CFI_ASM=1 -o CMakeFiles/cmTC_9927d.dir/CMakeCXXCompilerABI.cpp.o -x c++ /usr/share/cmake-3.22/Modules/CMakeCXXCompilerABI.cpp]
  ignore line: [clang -cc1 version 17.0.0 based upon LLVM 17.0.0git default target x86_64-unknown-linux-gnu]
  ignore line: [ignoring nonexistent directory "/usr/lib/gcc/x86_64-linux-gnu/11/../../../../x86_64-linux-gnu/include"]
  ignore line: [ignoring nonexistent directory "/include"]
  ignore line: [#include "..." search starts here:]
  ignore line: [#include <...> search starts here:]
  ignore line: [ /opt/intel/oneapi/tbb/2021.11/env/../include]
  ignore line: [ /opt/intel/oneapi/dpl/2022.3/include]
  ignore line: [ /opt/intel/oneapi/dev-utilities/2024.0/include]
  ignore line: [ /opt/intel/oneapi/compiler/2024.0/opt/oclfpga/include]
  ignore line: [ /usr/lib/gcc/x86_64-linux-gnu/11/../../../../include/c++/11]
  ignore line: [ /usr/lib/gcc/x86_64-linux-gnu/11/../../../../include/x86_64-linux-gnu/c++/11]
  ignore line: [ /usr/lib/gcc/x86_64-linux-gnu/11/../../../../include/c++/11/backward]
  ignore line: [ /opt/intel/oneapi/compiler/2024.0/lib/clang/17/include]
  ignore line: [ /usr/local/include]
  ignore line: [ /usr/include/x86_64-linux-gnu]
  ignore line: [ /usr/include]
  ignore line: [End of search list.]
  ignore line: [[2/2] Linking CXX executable cmTC_9927d]
  ignore line: [Intel(R) oneAPI DPC++/C++ Compiler 2024.0.2 (2024.0.2.20231213)]
  ignore line: [Target: x86_64-unknown-linux-gnu]
  ignore line: [Thread model: posix]
  ignore line: [InstalledDir: /opt/intel/oneapi/compiler/2024.0/bin/compiler]
  ignore line: [Found candidate GCC installation: /usr/lib/gcc/x86_64-linux-gnu/11]
  ignore line: [Found candidate GCC installation: /usr/lib/gcc/x86_64-linux-gnu/12]
  ignore line: [Selected GCC installation: /usr/lib/gcc/x86_64-linux-gnu/11]
  ignore line: [Candidate multilib: .]
  ignore line: [@m64]
  ignore line: [Selected multilib: .]
  ignore line: [@m64]
  ignore line: [Found CUDA installation: /usr/local/cuda  version ]
  link line: [ "/usr/bin/ld" -z relro --hash-style=gnu --eh-frame-hdr -m elf_x86_64 -dynamic-linker /lib64/ld-linux-x86-64.so.2 -o cmTC_9927d /lib/x86_64-linux-gnu/Scrt1.o /lib/x86_64-linux-gnu/crti.o /usr/lib/gcc/x86_64-linux-gnu/11/crtbeginS.o -L/opt/intel/oneapi/compiler/2024.0/lib/clang/17/lib/x86_64-unknown-linux-gnu -L/usr/lib/gcc/x86_64-linux-gnu/11 -L/usr/lib/gcc/x86_64-linux-gnu/11/../../../../lib64 -L/lib/x86_64-linux-gnu -L/lib/../lib64 -L/usr/lib/x86_64-linux-gnu -L/usr/lib/../lib64 -L/usr/lib/gcc/x86_64-linux-gnu/11/../../.. -L/opt/intel/oneapi/compiler/2024.0/bin/compiler/../../lib -L/opt/intel/oneapi/compiler/2024.0/bin/compiler/../../opt/compiler/lib -L/lib -L/usr/lib -L/opt/intel/oneapi/tbb/2021.11/env/../lib/intel64/gcc4.8 -L/opt/intel/oneapi/dpl/2022.3/lib -L/opt/intel/oneapi/compiler/2024.0/lib CMakeFiles/cmTC_9927d.dir/CMakeCXXCompilerABI.cpp.o -lstdc++ -lm -lgcc_s -lgcc -lgcc_s -lgcc -lc -lgcc_s -lgcc /usr/lib/gcc/x86_64-linux-gnu/11/crtendS.o /lib/x86_64-linux-gnu/crtn.o]
    arg [/usr/bin/ld] ==> ignore
    arg [-zrelro] ==> ignore
    arg [--hash-style=gnu] ==> ignore
    arg [--eh-frame-hdr] ==> ignore
    arg [-m] ==> ignore
    arg [elf_x86_64] ==> ignore
    arg [-dynamic-linker] ==> ignore
    arg [/lib64/ld-linux-x86-64.so.2] ==> ignore
    arg [-o] ==> ignore
    arg [cmTC_9927d] ==> ignore
    arg [/lib/x86_64-linux-gnu/Scrt1.o] ==> obj [/lib/x86_64-linux-gnu/Scrt1.o]
    arg [/lib/x86_64-linux-gnu/crti.o] ==> obj [/lib/x86_64-linux-gnu/crti.o]
    arg [/usr/lib/gcc/x86_64-linux-gnu/11/crtbeginS.o] ==> obj [/usr/lib/gcc/x86_64-linux-gnu/11/crtbeginS.o]
    arg [-L/opt/intel/oneapi/compiler/2024.0/lib/clang/17/lib/x86_64-unknown-linux-gnu] ==> dir [/opt/intel/oneapi/compiler/2024.0/lib/clang/17/lib/x86_64-unknown-linux-gnu]
    arg [-L/usr/lib/gcc/x86_64-linux-gnu/11] ==> dir [/usr/lib/gcc/x86_64-linux-gnu/11]
    arg [-L/usr/lib/gcc/x86_64-linux-gnu/11/../../../../lib64] ==> dir [/usr/lib/gcc/x86_64-linux-gnu/11/../../../../lib64]
    arg [-L/lib/x86_64-linux-gnu] ==> dir [/lib/x86_64-linux-gnu]
    arg [-L/lib/../lib64] ==> dir [/lib/../lib64]
    arg [-L/usr/lib/x86_64-linux-gnu] ==> dir [/usr/lib/x86_64-linux-gnu]
    arg [-L/usr/lib/../lib64] ==> dir [/usr/lib/../lib64]
    arg [-L/usr/lib/gcc/x86_64-linux-gnu/11/../../..] ==> dir [/usr/lib/gcc/x86_64-linux-gnu/11/../../..]
    arg [-L/opt/intel/oneapi/compiler/2024.0/bin/compiler/../../lib] ==> dir [/opt/intel/oneapi/compiler/2024.0/bin/compiler/../../lib]
    arg [-L/opt/intel/oneapi/compiler/2024.0/bin/compiler/../../opt/compiler/lib] ==> dir [/opt/intel/oneapi/compiler/2024.0/bin/compiler/../../opt/compiler/lib]
    arg [-L/lib] ==> dir [/lib]
    arg [-L/usr/lib] ==> dir [/usr/lib]
    arg [-L/opt/intel/oneapi/tbb/2021.11/env/../lib/intel64/gcc4.8] ==> dir [/opt/intel/oneapi/tbb/2021.11/env/../lib/intel64/gcc4.8]
    arg [-L/opt/intel/oneapi/dpl/2022.3/lib] ==> dir [/opt/intel/oneapi/dpl/2022.3/lib]
    arg [-L/opt/intel/oneapi/compiler/2024.0/lib] ==> dir [/opt/intel/oneapi/compiler/2024.0/lib]
    arg [CMakeFiles/cmTC_9927d.dir/CMakeCXXCompilerABI.cpp.o] ==> ignore
    arg [-lstdc++] ==> lib [stdc++]
    arg [-lm] ==> lib [m]
    arg [-lgcc_s] ==> lib [gcc_s]
    arg [-lgcc] ==> lib [gcc]
    arg [-lgcc_s] ==> lib [gcc_s]
    arg [-lgcc] ==> lib [gcc]
    arg [-lc] ==> lib [c]
    arg [-lgcc_s] ==> lib [gcc_s]
    arg [-lgcc] ==> lib [gcc]
    arg [/usr/lib/gcc/x86_64-linux-gnu/11/crtendS.o] ==> obj [/usr/lib/gcc/x86_64-linux-gnu/11/crtendS.o]
    arg [/lib/x86_64-linux-gnu/crtn.o] ==> obj [/lib/x86_64-linux-gnu/crtn.o]
  collapse library dir [/opt/intel/oneapi/compiler/2024.0/lib/clang/17/lib/x86_64-unknown-linux-gnu] ==> [/opt/intel/oneapi/compiler/2024.0/lib/clang/17/lib/x86_64-unknown-linux-gnu]
  collapse library dir [/usr/lib/gcc/x86_64-linux-gnu/11] ==> [/usr/lib/gcc/x86_64-linux-gnu/11]
  collapse library dir [/usr/lib/gcc/x86_64-linux-gnu/11/../../../../lib64] ==> [/usr/lib64]
  collapse library dir [/lib/x86_64-linux-gnu] ==> [/lib/x86_64-linux-gnu]
  collapse library dir [/lib/../lib64] ==> [/lib64]
  collapse library dir [/usr/lib/x86_64-linux-gnu] ==> [/usr/lib/x86_64-linux-gnu]
  collapse library dir [/usr/lib/../lib64] ==> [/usr/lib64]
  collapse library dir [/usr/lib/gcc/x86_64-linux-gnu/11/../../..] ==> [/usr/lib]
  collapse library dir [/opt/intel/oneapi/compiler/2024.0/bin/compiler/../../lib] ==> [/opt/intel/oneapi/compiler/2024.0/lib]
  collapse library dir [/opt/intel/oneapi/compiler/2024.0/bin/compiler/../../opt/compiler/lib] ==> [/opt/intel/oneapi/compiler/2024.0/opt/compiler/lib]
  collapse library dir [/lib] ==> [/lib]
  collapse library dir [/usr/lib] ==> [/usr/lib]
  collapse library dir [/opt/intel/oneapi/tbb/2021.11/env/../lib/intel64/gcc4.8] ==> [/opt/intel/oneapi/tbb/2021.11/lib/intel64/gcc4.8]
  collapse library dir [/opt/intel/oneapi/dpl/2022.3/lib] ==> [/opt/intel/oneapi/dpl/2022.3/lib]
  collapse library dir [/opt/intel/oneapi/compiler/2024.0/lib] ==> [/opt/intel/oneapi/compiler/2024.0/lib]
  implicit libs: [stdc++;m;gcc_s;gcc;gcc_s;gcc;c;gcc_s;gcc]
  implicit objs: [/lib/x86_64-linux-gnu/Scrt1.o;/lib/x86_64-linux-gnu/crti.o;/usr/lib/gcc/x86_64-linux-gnu/11/crtbeginS.o;/usr/lib/gcc/x86_64-linux-gnu/11/crtendS.o;/lib/x86_64-linux-gnu/crtn.o]
  implicit dirs: [/opt/intel/oneapi/compiler/2024.0/lib/clang/17/lib/x86_64-unknown-linux-gnu;/usr/lib/gcc/x86_64-linux-gnu/11;/usr/lib64;/lib/x86_64-linux-gnu;/lib64;/usr/lib/x86_64-linux-gnu;/usr/lib;/opt/intel/oneapi/compiler/2024.0/lib;/opt/intel/oneapi/compiler/2024.0/opt/compiler/lib;/lib;/opt/intel/oneapi/tbb/2021.11/lib/intel64/gcc4.8;/opt/intel/oneapi/dpl/2022.3/lib]
  implicit fwks: []


Performing C++ SOURCE FILE Test _fsycl_option succeeded with the following output:
Change Dir: /home/deb/Documents/SBM_New/build/CMakeFiles/CMakeTmp

Run Build Command(s):/usr/bin/ninja cmTC_dd56b && [1/2] Building CXX object CMakeFiles/cmTC_dd56b.dir/src.cxx.o
[2/2] Linking CXX executable cmTC_dd56b


Source file was:
int main() { return 0; }
Determining if the include file sycl/sycl.hpp exists passed with the following output:
Change Dir: /home/deb/Documents/SBM_New/build/CMakeFiles/CMakeTmp

Run Build Command(s):/usr/bin/ninja cmTC_0880a && [1/2] Building CXX object CMakeFiles/cmTC_0880a.dir/CheckIncludeFile.cxx.o
[2/2] Linking CXX executable cmTC_0880a



